                   1           1.6755863           1.6755863                   0
                   2           1.7332862           1.7044362         0.028849943
                   3           1.7395197           1.7161307         0.020351916
                   4           1.6996015           1.7119984         0.014972516
                   5           1.6198259           1.6935639         0.021779261
                   6           1.7656551           1.7055791         0.021461337
                   7           1.7238007           1.7081822         0.018323979
                   8           1.6835398           1.7051019         0.016165223
                   9           1.6773723           1.7020208         0.014585523
                  10           1.8317083           1.7149896         0.018395061
                  11           1.6301523           1.7072771         0.018339499
                  12            1.583253           1.6969418         0.019674865
                  13           1.6557421           1.6937725          0.01837363
                  14           1.6302125           1.6892325         0.017606099
                  15           1.6693412           1.6879065         0.016443944
                  16           1.7976865           1.6947677         0.016842794
                  17           1.7295726           1.6968151          0.01595297
                  18           1.7533833           1.6999577         0.015365422
                  19            1.790038           1.7046988         0.015287958
                  20           1.7608755           1.7075076         0.014772916
                  21           1.7106521           1.7076574         0.014052644
                  22           1.5799464           1.7018523         0.014602155
                  23           1.6082545           1.6977829          0.01453418
                  24           1.6024886           1.6938123         0.014470815
                  25           1.6566915           1.6923274         0.013959113
                  26           1.7248176           1.6935771         0.013469573
                  27           1.7072038           1.6940818         0.012970925
                  28           1.6499006           1.6925039           0.0125983
                  29           1.7058982           1.6929657         0.012164888
                  30           1.7148529           1.6936953         0.011775022
                  31           1.7160447           1.6944162         0.011411646
                  32           1.7704911           1.6967936         0.011302137
                  33           1.6203153           1.6944761         0.011196763
                  34           1.6110039            1.692021         0.011136439
                  35           1.7267456           1.6930131         0.010858993
                  36           1.7428522           1.6943975         0.010643465
                  37           1.6295988           1.6926462         0.010498906
                  38           1.7203822           1.6933761         0.010244919
                  39           1.7535546           1.6949192         0.010097368
                  40           1.7424521           1.6961075        0.0099131786
                  41           1.6936288            1.696047          0.00966856
                  42           1.6527353           1.6950158        0.0094917338
                  43           1.7212328           1.6956255        0.0092883997
                  44           1.6691006           1.6950227        0.0090948459
                  45           1.7710122           1.6967113        0.0090493927
                  46             1.70536           1.6968993        0.0088524774
                  47           1.5645782            1.694084        0.0091081161
                  48           1.6457553           1.6930771        0.0089730121
                  49           1.6244202            1.691676        0.0088989816
                  50           1.6488139           1.6908187        0.0087612249
                  51           1.6866275           1.6907366        0.0085881113
                  52           1.7079689           1.6910679        0.0084278538
                  53           1.8310239           1.6937086        0.0086788005
                  54           1.7372579           1.6945151        0.0085546643
                  55           1.6395589           1.6935159        0.0084569211
                  56           1.6902014           1.6934567        0.0083047426
                  57           1.6960689           1.6935025        0.0081578731
                  58           1.6802069           1.6932733        0.0080192633
                  59           1.6556213           1.6926351        0.0079079639
                  60           1.6631091            1.692143        0.0077906049
                  61           1.5894321           1.6904592        0.0078446611
                  62           1.7316422           1.6911235        0.0077456314
                  63           1.7634477           1.6922715        0.0077076663
                  64           1.7529781             1.69322         0.007645348
                  65           1.6247242           1.6921662        0.0076002172
                  66           1.6312787           1.6912437        0.0075408207
                  67            1.708191           1.6914966        0.0074317242
                  68           1.6975124           1.6915851         0.007322153
                  69           1.8341062           1.6936506        0.0075050838
                  70           1.7383478           1.6942892        0.0074245999
                  71           1.6661994           1.6938935        0.0073299659
                  72           1.6030856           1.6926323        0.0073366629
                  73           1.6698886           1.6923208        0.0072421675
                  74            1.731724           1.6928532        0.0071634475
                  75           1.8416132           1.6948367        0.0073403488
                  76           1.7163861           1.6951202        0.0072486691
                  77           1.7178434           1.6954154        0.0071599953
                  78           1.7495079           1.6961088        0.0071015467
                  79           1.7155125           1.6963545        0.0070153784
                  80           1.7170956           1.6966137        0.0069319813
                  81           1.8002668           1.6978934        0.0069644407
                  82           1.8148314           1.6993195         0.007025248
                  83            1.800084           1.7005335        0.0070454753
                  84           1.6917072           1.7004284        0.0069618883
                  85           1.7019766           1.7004466        0.0068795203
                  86           1.7248843           1.7007308        0.0068049908
                  87           1.7148282           1.7008928        0.0067282692
                  88           1.6182832           1.6999541        0.0067172909
                  89           1.7226653           1.7002093        0.0066462875
                  90           1.7655232            1.700935        0.0066119715
                  91           1.6549659           1.7004298        0.0065583923
                  92           1.8137433           1.7016615        0.0066026103
                  93           1.7240243            1.701902        0.0065356536
                  94           1.6308002           1.7011456        0.0065098454
                  95           1.6685732           1.7008027        0.0064500756
                  96             1.80112           1.7018477        0.0064675113
                  97           1.8264134           1.7031318        0.0065280457
                  98           1.6832481           1.7029289        0.0064642746
                  99           1.5940985           1.7018296        0.0064923896
                 100           1.6440636            1.701252        0.0064530452
