                   1           1.1847739           1.1847739                   0
                   2           1.2105384           1.1976562         0.018218252
                   3            1.250076           1.2151295         0.023258334
                   4           1.1604923           1.2014702         0.022117655
                   5           1.2093979           1.2030557         0.016682691
                   6           1.1223167           1.1895992         0.019884984
                   7           1.3254186            1.209002         0.026717117
                   8           1.1195365           1.1978188         0.025833267
                   9           1.1492097           1.1924178         0.023318727
                  10           1.2542154           1.1985975         0.021727233
                  11           1.1487899           1.1940696         0.020122912
                  12           1.2054125           1.1950148         0.018320178
                  13           1.1849783           1.1942428          0.01681271
                  14           1.2440738           1.1978021         0.015952934
                  15           1.2602876           1.2019678         0.015428237
                  16           1.2088117           1.2023956         0.014406462
                  17           1.0840315            1.195433         0.015294482
                  18           1.1167241           1.1910603         0.015081639
                  19           1.1957876           1.1913091         0.014246064
                  20           1.3129837           1.1973928         0.014869739
                  21           1.2369048           1.1992743         0.014257213
                  22           1.1288079           1.1960713         0.013968467
                  23           1.1923276           1.1959085         0.013334576
                  24           1.2002103           1.1960878         0.012756125
                  25           1.1901737           1.1958512         0.012227004
                  26           1.1987599           1.1959631         0.011738479
                  27           1.2390793             1.19756         0.011403705
                  28           1.1609954           1.1962541         0.011061575
                  29           1.1505208           1.1946771         0.010786584
                  30           1.2302726           1.1958636         0.010484319
                  31           1.2231816           1.1967448         0.010174353
                  32           1.1799838            1.196221        0.0098605189
                  33           1.1365219            1.194412        0.0097274308
                  34           1.2822604           1.1969958        0.0097904691
                  35           1.1855654           1.1966692        0.0095082894
                  36           1.2425321           1.1979431         0.009326553
                  37           1.1556268           1.1967995        0.0091413116
                  38           1.1681588           1.1960458        0.0089269863
                  39           1.1596357           1.1951122        0.0087433709
                  40           1.1975102           1.1951721        0.0085193982
                  41           1.2707235           1.1970148        0.0085133422
                  42           1.2556518            1.198411        0.0084250419
                  43           1.2223678           1.1989681         0.008243743
                  44           1.1499932            1.197855        0.0081303678
                  45           1.1596175           1.1970053        0.0079919202
                  46           1.1419095           1.1958076         0.007907596
                  47           1.1611785           1.1950708        0.0077714597
                  48           1.3229354           1.1977346        0.0080684545
                  49           1.1545953           1.1968542        0.0079502804
                  50           1.1563162           1.1960435        0.0078309741
                  51           1.2034704           1.1961891        0.0076757638
                  52           1.2553647           1.1973271        0.0076124857
                  53           1.1284805           1.1960281         0.007580393
                  54            1.174813           1.1956352        0.0074479315
                  55           1.2671582           1.1969356        0.0074268839
                  56            1.157389           1.1962295        0.0073265847
                  57           1.2322861            1.196862        0.0072239984
                  58           1.1608892           1.1962418        0.0071247839
                  59           1.1828036            1.196014        0.0070057102
                  60             1.14521           1.1951673        0.0069397014
                  61           1.1611268           1.1946093        0.0068471978
                  62           1.2830579           1.1960359        0.0068868031
                  63           1.2920181           1.1975594        0.0069475917
                  64           1.1069587           1.1961437        0.0069846026
                  65            1.121479           1.1949951        0.0069722426
                  66           1.2292306           1.1955138        0.0068848474
                  67           1.1514907           1.1948567        0.0068127732
                  68           1.2516125           1.1956914         0.006763561
                  69           1.2232252           1.1960904        0.0066762087
                  70           1.2248817           1.1965017        0.0065924815
                  71           1.1308067           1.1955764        0.0065647788
                  72            1.214027           1.1958327        0.0064774596
                  73           1.2113894           1.1960458        0.0063910981
                  74           1.1196093           1.1950129        0.0063887618
                  75           1.1567936           1.1945033        0.0063232728
                  76           1.3160836            1.196103        0.0064434422
                  77           1.1360363           1.1953229        0.0064069572
                  78            1.179919           1.1951254        0.0063268729
                  79           1.2007465           1.1951966        0.0062461696
                  80           1.1939761           1.1951813        0.0061671233
                  81           1.2170953           1.1954519        0.0060961156
                  82           1.1621049           1.1950452        0.0060347424
                  83           1.1336813           1.1943059        0.0060073747
                  84            1.169871            1.194015         0.005942207
                  85           1.2829319           1.1950611        0.0059650172
                  86           1.1744161            1.194821         0.005899784
                  87           1.1629731           1.1944549        0.0058427944
                  88           1.1756015           1.1942407        0.0057796537
                  89           1.2545352           1.1949182        0.0057544501
                  90           1.1675169           1.1946137        0.0056980247
                  91           1.2606308           1.1953392        0.0056817371
                  92            1.134325            1.194676        0.0056587279
                  93           1.1991794           1.1947244        0.0055974318
                  94           1.1704839           1.1944665        0.0055433104
                  95           1.1851792           1.1943688        0.0054852196
                  96            1.162711            1.194039        0.0054375947
                  97           1.2938444           1.1950679        0.0054794491
                  98           1.1789618           1.1949036        0.0054254754
                  99           1.1645948           1.1945974         0.005378922
                 100           1.2009283           1.1946607        0.0053249696
