                   1          -4.9717093          -4.9717093                   0
                   2          -5.0273987           -4.999554         0.027844672
                   3          -5.0324068          -5.0105049         0.019451604
                   4          -4.9916623          -5.0057943         0.014538664
                   5          -4.9115401          -4.9869434         0.021958535
                   6          -5.0568379          -4.9985925         0.021381127
                   7          -5.0145014          -5.0008652         0.018212709
                   8           -4.975076          -4.9976416         0.016098726
                   9          -4.9682445          -4.9943752         0.014568625
                  10          -5.1224294          -5.0071806         0.018269497
                  11          -4.9230188          -4.9995296         0.018210636
                  12          -4.8769452          -4.9893142         0.019511782
                  13          -4.9510168          -4.9863683         0.018188392
                  14           -4.924981          -4.9819834         0.017400702
                  15          -4.9653791          -4.9808765          0.01623695
                  16          -5.0919337          -4.9878176          0.01669917
                  17          -5.0246707          -4.9899854         0.015835227
                  18          -5.0455705          -4.9930735          0.01524562
                  19          -5.0834614          -4.9978307          0.01518533
                  20          -5.0549707          -5.0006877         0.014686636
                  21          -5.0047655          -5.0008819         0.013971126
                  22           -4.874122          -4.9951201         0.014513652
                  23          -4.8999869          -4.9909839         0.014471953
                  24          -4.8946843          -4.9869714         0.014425127
                  25          -4.9458083          -4.9853248         0.013933721
                  26          -5.0135717          -4.9864113         0.013431098
                  27          -4.9974513          -4.9868202         0.012930546
                  28          -4.9435451          -4.9852746         0.012555673
                  29          -5.0023387           -4.985863         0.012129266
                  30           -5.007636          -4.9865888         0.011740438
                  31          -5.0083711          -4.9872915          0.01137712
                  32          -5.0638383          -4.9896835         0.011272578
                  33          -4.9126016          -4.9873477         0.011172546
                  34          -4.9019533          -4.9848361         0.011126151
                  35          -5.0189708          -4.9858114         0.010847516
                  36          -5.0351815          -4.9871828         0.010630719
                  37          -4.9215276          -4.9854083         0.010490574
                  38          -5.0128897          -4.9861315         0.010236353
                  39          -5.0478936          -4.9877152         0.010095413
                  40          -5.0386325          -4.9889881        0.0099217873
                  41          -4.9894997          -4.9890006        0.0096767752
                  42          -4.9487939          -4.9880433        0.0094919627
                  43          -5.0148977          -4.9886678        0.0092896077
                  44          -4.9635484          -4.9880969        0.0090939623
                  45           -5.063301          -4.9897681         0.009045303
                  46          -4.9967675          -4.9899203        0.0088477894
                  47          -4.8584382          -4.9871228        0.0090982487
                  48          -4.9423572          -4.9861902        0.0089553791
                  49          -4.9174648          -4.9847876        0.0088821486
                  50          -4.9418208          -4.9839283        0.0087450169
                  51          -4.9808257          -4.9838674         0.008572047
                  52          -5.0015234           -4.984207        0.0084124385
                  53          -5.1240454          -4.9868454        0.0086637214
                  54          -5.0317777          -4.9876775        0.0085423896
                  55          -4.9337869          -4.9866977        0.0084426857
                  56          -4.9820504          -4.9866147        0.0082909681
                  57          -4.9875888          -4.9866318        0.0081442317
                  58          -4.9735997          -4.9864071        0.0080057358
                  59          -4.9489465          -4.9857722        0.0078944494
                  60          -4.9571687          -4.9852954        0.0077763865
                  61          -4.8832744           -4.983623        0.0078285802
                  62           -5.026562          -4.9843155        0.0077323557
                  63          -5.0587735          -4.9854974        0.0076998748
                  64          -5.0454584          -4.9864343        0.0076363003
                  65          -4.9163699          -4.9853564        0.0075947832
                  66          -4.9211793           -4.984384         0.007541774
                  67          -4.9990985          -4.9846036        0.0074316032
                  68          -4.9894631          -4.9846751         0.007321848
                  69          -5.1255603          -4.9867169        0.0074983042
                  70           -5.028067          -4.9873076        0.0074139797
                  71          -4.9572444          -4.9868842        0.0073210665
                  72          -4.8957603          -4.9856186        0.0073287755
                  73          -4.9623722          -4.9853001        0.0072346958
                  74          -5.0258569          -4.9858482        0.0071572747
                  75          -5.1366251          -4.9878586        0.0073418038
                  76           -5.011332          -4.9881674         0.007251138
                  77          -5.0129221          -4.9884889        0.0071635655
                  78          -5.0455769          -4.9892208        0.0071089051
                  79          -5.0132221          -4.9895246        0.0070249148
                  80          -5.0127079          -4.9898144        0.0069425983
                  81          -5.0960532           -4.991126        0.0069806752
                  82          -5.1088683          -4.9925619        0.0070429432
                  83          -5.0930435          -4.9937725        0.0070621103
                  84          -4.9821232          -4.9936338        0.0069789091
                  85          -4.9900971          -4.9935922        0.0068964411
                  86          -5.0136107           -4.993825        0.0068197519
                  87           -5.004918          -4.9939525         0.006742114
                  88          -4.9081606          -4.9929776         0.006735982
                  89          -5.0121313          -4.9931928        0.0066633431
                  90          -5.0578015          -4.9939107        0.0066278816
                  91          -4.9464642          -4.9933893        0.0065753474
                  92          -5.1042924          -4.9945947        0.0066142613
                  93          -5.0124383          -4.9947866        0.0065455663
                  94          -4.9219717           -4.994012        0.0065217253
                  95          -4.9608661          -4.9936631        0.0064621363
                  96           -5.092752          -4.9946953        0.0064772378
                  97           -5.117951          -4.9959659        0.0065348442
                  98          -4.9748318          -4.9957503        0.0064714126
                  99          -4.8847871          -4.9946294        0.0065030316
                 100          -4.9365664          -4.9940488        0.0064638042
