                   1          0.78984928          0.78984928                   0
                   2          0.80702561          0.79843744        0.0085881665
                   3          0.83338403          0.81008631         0.012660233
                   4          0.77366152          0.80098011         0.012769634
                   5          0.80626526          0.80203714        0.0099476352
                   6          0.74821115          0.79306614         0.012101616
                   7          0.88361242          0.80600132         0.016490162
                   8          0.74635764          0.79854586         0.016109872
                   9          0.76613979          0.79494519         0.014656738
                  10          0.83614362          0.79906503         0.013741509
                  11          0.76585994          0.79604639         0.012790963
                  12           0.8036083          0.79667655          0.01169349
                  13          0.78998556          0.79616186         0.010768753
                  14          0.82938251          0.79853476         0.010248421
                  15          0.84019171          0.80131189        0.0099367284
                  16          0.80587444          0.80159705        0.0092993315
                  17          0.72268765          0.79695532        0.0098918848
                  18          0.74448273          0.79404018        0.0097711459
                  19           0.7971917          0.79420605         0.009244067
                  20          0.87532249          0.79826187        0.0096621526
                  21          0.82460319          0.79951622        0.0092757437
                  22          0.75253857          0.79738087        0.0090982067
                  23          0.79488504          0.79727235        0.0086943148
                  24          0.80014023          0.79739185        0.0083250303
                  25          0.79344914          0.79723414        0.0079866458
                  26          0.79917324          0.79730872        0.0076736835
                  27          0.82605288          0.79837332        0.0074603555
                  28          0.77399691          0.79750273        0.0072415006
                  29          0.76701388          0.79645139        0.0070659848
                  30          0.82018173          0.79724241        0.0068720664
                  31          0.81545437          0.79782989        0.0066726036
                  32          0.78665584           0.7974807        0.0064701503
                  33          0.75768127          0.79627466        0.0063859411
                  34          0.85484028          0.79799717         0.006430278
                  35          0.79037694          0.79777945        0.0062476482
                  36          0.82835471          0.79862877        0.0061307368
                  37          0.77041789          0.79786631        0.0060112895
                  38          0.77877256          0.79736384        0.0058724953
                  39          0.77309048          0.79674145         0.005753699
                  40           0.7983401          0.79678142        0.0056081545
                  41            0.847149          0.79800989          0.00560592
                  42          0.83710119          0.79894064        0.0055494264
                  43          0.81491188          0.79931206        0.0054315477
                  44          0.76666215          0.79857002        0.0053582975
                  45          0.77307831          0.79800354        0.0052684148
                  46          0.76127303          0.79720505        0.0052141144
                  47          0.77411899          0.79671385        0.0051255601
                  48          0.88195693          0.79848975        0.0053226438
                  49          0.76973017          0.79790282        0.0052458246
                  50          0.77087748          0.79736231        0.0051681792
                  51          0.80231357           0.7974594        0.0050667591
                  52          0.83690982          0.79821806        0.0050259556
                  53          0.75232031          0.79735206        0.0050056929
                  54          0.78320869          0.79709015        0.0049190979
                  55          0.84477216           0.7979571         0.004906038
                  56          0.77159265           0.7974863        0.0048405828
                  57          0.82152405          0.79790802        0.0047735664
                  58           0.7739261          0.79749454        0.0047087309
                  59          0.78853574          0.79734269         0.004630724
                  60          0.76347336           0.7967782        0.0045877517
                  61          0.77408455          0.79640618        0.0045272275
                  62          0.85537192          0.79735724        0.0045540257
                  63          0.86134537          0.79837292         0.004594821
                  64          0.73797249          0.79742916        0.0046198804
                  65          0.74765265          0.79666337         0.004612268
                  66          0.81948705          0.79700918        0.0045549936
                  67          0.76766044          0.79657114         0.004507827
                  68          0.83440835          0.79712757        0.0044757632
                  69          0.81548344           0.7973936        0.0044184359
                  70          0.81658781           0.7976678         0.004363482
                  71          0.75387115          0.79705095        0.0043455894
                  72          0.80935135          0.79722179        0.0042882133
                  73          0.80759296          0.79736386        0.0042314484
                  74          0.74640623          0.79667524        0.0042302984
                  75          0.77119576          0.79633552        0.0041873175
                  76          0.87738906          0.79740201        0.0042672738
                  77          0.75735754          0.79688195        0.0042434784
                  78          0.78661268          0.79675029        0.0041907901
                  79          0.80049765          0.79679773         0.004137674
                  80          0.79598408          0.79678756        0.0040856384
                  81          0.81139686          0.79696792        0.0040389122
                  82          0.77473661          0.79669681        0.0039985549
                  83          0.75578754          0.79620392        0.0039807174
                  84          0.77991399             0.79601        0.0039378205
                  85          0.85528793          0.79670738        0.0039532167
                  86          0.78294405          0.79654734        0.0039102551
                  87          0.77531538           0.7963033        0.0038727454
                  88          0.78373434          0.79616047        0.0038311473
                  89          0.83635681          0.79661211        0.0038146869
                  90           0.7783446          0.79640914        0.0037775204
                  91          0.84042053          0.79689278         0.003766955
                  92          0.75621667          0.79645065        0.0037519266
                  93          0.79945296          0.79648293        0.0037115045
                  94          0.78032262          0.79631102        0.0036758306
                  95          0.79011946          0.79624584        0.0036375157
                  96          0.77514065            0.796026        0.0036061331
                  97          0.86256291          0.79671194        0.0036340876
                  98          0.78597453          0.79660238        0.0035984823
                  99          0.77639652          0.79639828        0.0035677912
                 100          0.80061887          0.79644049        0.0035321852
