                   1           -3.296123           -3.296123                   0
                   2          -3.2941125          -3.2951177        0.0010052715
                   3          -3.2928871          -3.2943742       0.00094324439
                   4          -3.2920608          -3.2937959       0.00088280319
                   5          -3.2917142          -3.2933795       0.00080058617
                   6          -3.2911829          -3.2930134       0.00074921861
                   7          -3.2907007           -3.292683       0.00071421543
                   8          -3.2915363          -3.2925397       0.00063492207
                   9          -3.2908722          -3.2923544       0.00058980444
                  10          -3.2907211          -3.2921911       0.00055224231
                  11          -3.2928664          -3.2922525       0.00050328084
                  12          -3.2936922          -3.2923725       0.00047483858
                  13          -3.2952747          -3.2925957       0.00049053528
                  14          -3.2947685          -3.2927509       0.00047993382
                  15          -3.2960379            -3.29297       0.00049763783
                  16          -3.2942472          -3.2930499       0.00047229164
                  17           -3.295098          -3.2931703       0.00045970956
                  18          -3.2921872          -3.2931157       0.00043684607
                  19          -3.2934234          -3.2931319       0.00041353226
                  20          -3.2940951          -3.2931801       0.00039525626
                  21          -3.2941133          -3.2932245        0.0003785811
                  22          -3.2941756          -3.2932677       0.00036354263
                  23          -3.2917324           -3.293201       0.00035373323
                  24          -3.2921957          -3.2931591       0.00034125408
                  25          -3.2891168          -3.2929974       0.00036507918
                  26          -3.2887541          -3.2928342       0.00038686668
                  27          -3.2902475          -3.2927384       0.00038439323
                  28          -3.2936445          -3.2927708       0.00037182157
                  29          -3.2964405          -3.2928973       0.00038043397
                  30          -3.2927832          -3.2928935       0.00036755383
                  31          -3.2923264          -3.2928752       0.00035596992
                  32          -3.2933472            -3.29289       0.00034498187
                  33          -3.2922862          -3.2928717       0.00033486463
                  34          -3.2909494          -3.2928151       0.00032974961
                  35          -3.2922252          -3.2927983         0.000320633
                  36          -3.2923293          -3.2927852       0.00031187142
                  37          -3.2919288          -3.2927621       0.00030420734
                  38          -3.2925075          -3.2927554        0.0002961695
                  39          -3.2943391           -3.292796       0.00029131943
                  40          -3.2961804          -3.2928806       0.00029628136
                  41          -3.2958709          -3.2929535        0.0002980268
                  42          -3.2960586          -3.2930275       0.00030009332
                  43           -3.293665          -3.2930423       0.00029340608
                  44          -3.2944478          -3.2930742       0.00028843438
                  45          -3.2922888          -3.2930568       0.00028249163
                  46          -3.2914076          -3.2930209       0.00027859885
                  47            -3.29386          -3.2930388       0.00027319068
                  48          -3.2966019           -3.293113       0.00027754933
                  49          -3.2930445          -3.2931116       0.00027182964
                  50          -3.2930068          -3.2931095       0.00026634581
                  51          -3.2941982          -3.2931309       0.00026194241
                  52          -3.2935544           -3.293139       0.00025698479
                  53          -3.2930215          -3.2931368       0.00025209914
                  54          -3.2945198          -3.2931624       0.00024870869
                  55           -3.294228          -3.2931818       0.00024491243
                  56           -3.291849           -3.293158       0.00024167392
                  57          -3.2915199          -3.2931293       0.00023912932
                  58          -3.2933928          -3.2931338       0.00023501415
                  59          -3.2933252           -3.293137       0.00023101931
                  60          -3.2940595          -3.2931524       0.00022765613
                  61          -3.2938423          -3.2931637       0.00022417844
                  62          -3.2949198           -3.293192       0.00022234435
                  63          -3.2953258          -3.2932259       0.00022139259
                  64          -3.2924802          -3.2932143       0.00021821714
                  65          -3.2916457          -3.2931901       0.00021618473
                  66          -3.2899006          -3.2931403        0.0002186407
                  67          -3.2909075           -3.293107        0.0002179159
                  68          -3.2919507            -3.29309       0.00021535966
                  69           -3.291454          -3.2930663       0.00021353584
                  70          -3.2897191          -3.2930184       0.00021582668
                  71           -3.291045          -3.2929906       0.00021457291
                  72          -3.2926747          -3.2929863       0.00021161726
                  73          -3.2924837          -3.2929794       0.00020881179
                  74           -3.294133           -3.292995       0.00020655976
                  75          -3.2950119          -3.2930219        0.0002055538
                  76           -3.294946          -3.2930472       0.00020440505
                  77          -3.2950787          -3.2930736       0.00020345088
                  78           -3.296069           -3.293112       0.00020446444
                  79          -3.2977096          -3.2931702        0.0002100819
                  80          -3.2956122          -3.2932007       0.00020967326
                  81          -3.2957865          -3.2932326       0.00020951488
                  82          -3.2940369          -3.2932424       0.00020717635
                  83          -3.2929596           -3.293239       0.00020469339
                  84           -3.290416          -3.2932054       0.00020501524
                  85          -3.2881206          -3.2931456       0.00021123654
                  86          -3.2887264          -3.2930942       0.00021499685
                  87          -3.2900897          -3.2930597       0.00021529891
                  88          -3.2898774          -3.2930235       0.00021588842
                  89          -3.2894659          -3.2929835       0.00021715948
                  90          -3.2922783          -3.2929757       0.00021487596
                  91          -3.2914983          -3.2929594       0.00021312085
                  92           -3.290549          -3.2929332       0.00021241361
                  93           -3.288414          -3.2928847       0.00021566331
                  94          -3.2911715          -3.2928664       0.00021413364
                  95           -3.292293          -3.2928604       0.00021195359
                  96           -3.291632          -3.2928476       0.00021012407
                  97          -3.2915376          -3.2928341       0.00020838464
                  98          -3.2915837          -3.2928213       0.00020664156
                  99          -3.2906886          -3.2927998       0.00020567496
                 100          -3.2925028          -3.2927968       0.00020362948
