                   1           1.1998493           1.1998493                   0
                   2            1.197493           1.1986712        0.0016661728
                   3           1.2165181           1.2046201        0.0073334512
                   4           1.2223065           1.2090417         0.007068893
                   5           1.2315191           1.2135372        0.0073054352
                   6           1.2161999            1.213981        0.0058645313
                   7           1.2087603           1.2132352        0.0049530564
                   8           1.2188309           1.2139347        0.0043108269
                   9           1.2349861           1.2162737        0.0045147377
                  10           1.2269547           1.2173418        0.0041680421
                  11           1.2165228           1.2172674        0.0037520506
                  12           1.2153996           1.2171117        0.0034148268
                  13           1.2155654           1.2169928        0.0031327051
                  14           1.2126466           1.2166823        0.0029096181
                  15           1.2109982           1.2163034         0.002730112
                  16           1.2166216           1.2163233        0.0025481873
                  17           1.2229159           1.2167111         0.002422139
                  18           1.2353085           1.2177443         0.002515379
                  19           1.2431391           1.2190808        0.0027439586
                  20           1.2463441            1.220444        0.0029518843
                  21           1.2487375           1.2217913        0.0031257068
                  22           1.2486232           1.2230109          0.00322801
                  23            1.248923           1.2241375         0.003289566
                  24           1.2451701           1.2250139        0.0032714089
                  25           1.2520575           1.2260956        0.0033238203
                  26           1.2372451           1.2265245         0.003220696
                  27           1.2308549           1.2266849        0.0031011331
                  28           1.2433538           1.2272802        0.0030471916
                  29            1.234573           1.2275317        0.0029494876
                  30           1.2044294           1.2267616        0.0029535275
                  31           1.2241637           1.2266778        0.0028563472
                  32           1.2242923           1.2266032        0.0027652444
                  33            1.209885           1.2260966        0.0027277848
                  34           1.2196641           1.2259074        0.0026520866
                  35           1.2123464             1.22552         0.002603929
                  36           1.2074591           1.2250183        0.0025801961
                  37            1.224539           1.2250053        0.0025085583
                  38           1.2229426            1.224951        0.0024413793
                  39           1.2231814           1.2249057        0.0023775769
                  40           1.2365998            1.225198         0.002335457
                  41           1.2313696           1.2253485        0.0022821645
                  42           1.2318365            1.225503        0.0022319848
                  43            1.216043            1.225283         0.002190184
                  44           1.2238827           1.2252512        0.0021394917
                  45            1.223664           1.2252159        0.0020911711
                  46           1.2213289           1.2251314        0.0020464847
                  47           1.2275172           1.2251822        0.0020026533
                  48           1.2328534            1.225342        0.0019666866
                  49            1.224165            1.225318        0.0019258669
                  50            1.214329           1.2250982        0.0018995818
                  51           1.2186854           1.2249725        0.0018659166
                  52           1.2225648           1.2249262        0.0018299274
                  53            1.224719           1.2249223        0.0017947408
                  54           1.2092326           1.2246317        0.0017851337
                  55           1.2005326           1.2241935        0.0018070178
                  56           1.2281066           1.2242634        0.0017755634
                  57           1.2267701           1.2243074        0.0017444212
                  58           1.2279885           1.2243709        0.0017150127
                  59           1.2287469            1.224445        0.0016871028
                  60           1.2273428           1.2244933        0.0016592228
                  61           1.2123243           1.2242938        0.0016439216
                  62           1.2260242           1.2243217        0.0016172168
                  63           1.2333007           1.2244643        0.0015976056
                  64           1.2295542           1.2245438        0.0015742889
                  65           1.2334395           1.2246807         0.001555816
                  66           1.2360662           1.2248532        0.0015417116
                  67           1.2366893           1.2250298        0.0015287495
                  68           1.2379949           1.2252205        0.0015181328
                  69           1.1996225           1.2248495        0.0015417825
                  70           1.2349496           1.2249938        0.0015263721
                  71            1.248713           1.2253279        0.0015417265
                  72           1.2304589           1.2253991        0.0015217052
                  73           1.2201951           1.2253278        0.0015022863
                  74           1.2149045            1.225187        0.0014884784
                  75           1.2217151           1.2251407        0.0014691032
                  76           1.2150998           1.2250086        0.0014556035
                  77           1.2244938           1.2250019        0.0014364666
                  78           1.2236382           1.2249844        0.0014179204
                  79           1.2098229           1.2247925        0.0014130047
                  80           1.2305441           1.2248644        0.0013969933
                  81           1.2356587           1.2249976        0.0013860327
                  82           1.2156938           1.2248842        0.0013736731
                  83           1.2350767            1.225007        0.0013625339
                  84           1.2321063           1.2250915        0.0013488002
                  85           1.2494705           1.2253783        0.0013636145
                  86           1.2325176           1.2254613        0.0013501566
                  87           1.2443418           1.2256783        0.0013521907
                  88           1.2525212           1.2259834        0.0013714019
                  89           1.2402474           1.2261436        0.0013653645
                  90           1.2332658           1.2262228        0.0013523667
                  91           1.2174374           1.2261262        0.0013408591
                  92           1.2294201            1.226162         0.001326613
                  93           1.2257835            1.226158        0.0013121996
                  94            1.220121           1.2260937        0.0012996947
                  95            1.211742           1.2259427        0.0012948058
                  96           1.2137607           1.2258158         0.001287511
                  97           1.2358893           1.2259196        0.0012783688
                  98              1.2221           1.2258807        0.0012657961
                  99           1.2190422           1.2258116         0.001254802
                 100           1.2452069           1.2260055        0.0012573297
