                   1          -5.4675852          -5.4675852                   0
                   2          -5.4683958          -5.4679905       0.00057320442
                   3          -5.4693094          -5.4684301       0.00060993806
                   4          -5.4690382          -5.4685822        0.0004429004
                   5          -5.4683552          -5.4685368       0.00033602905
                   6          -5.4662162            -5.46815       0.00050176189
                   7          -5.4688541          -5.4682506       0.00043201657
                   8          -5.4682496          -5.4682505       0.00037029994
                   9          -5.4689594          -5.4683292       0.00033461088
                  10          -5.4678151          -5.4682778       0.00030232828
                  11          -5.4649861          -5.4679786       0.00041537644
                  12           -5.464251           -5.467668       0.00049785492
                  13          -5.4669289          -5.4676111        0.0004601866
                  14          -5.4658466          -5.4674851        0.0004444668
                  15          -5.4683852          -5.4675451       0.00041736689
                  16          -5.4686566          -5.4676145       0.00039609437
                  17           -5.467265           -5.467594       0.00037194298
                  18          -5.4676199          -5.4675954       0.00035006711
                  19          -5.4709831          -5.4677737       0.00037797543
                  20          -5.4722188           -5.467996       0.00042452195
                  21          -5.4684395          -5.4680171       0.00040387616
                  22          -5.4660246          -5.4679265       0.00039565634
                  23          -5.4681809          -5.4679376       0.00037784124
                  24          -5.4681184          -5.4679451       0.00036149528
                  25          -5.4679333          -5.4679447       0.00034643331
                  26          -5.4683057          -5.4679585       0.00033287739
                  27          -5.4714247          -5.4680869       0.00034577684
                  28          -5.4688926          -5.4681157        0.0003342571
                  29          -5.4702448          -5.4681891       0.00033086623
                  30          -5.4674752          -5.4681653       0.00032037274
                  31          -5.4682917          -5.4681694       0.00030972137
                  32          -5.4676484          -5.4681531       0.00030018652
                  33          -5.4660561          -5.4680896        0.0002978797
                  34          -5.4678154          -5.4680815       0.00028896893
                  35            -5.46861          -5.4680966       0.00028088804
                  36          -5.4679317           -5.468092       0.00027290223
                  37          -5.4651186          -5.4680116       0.00027754868
                  38          -5.4623218          -5.4678619       0.00030976047
                  39          -5.4628852          -5.4677343       0.00032814715
                  40          -5.4648092          -5.4676612       0.00032819809
                  41          -5.4665539          -5.4676342       0.00032115927
                  42          -5.4666593           -5.467611       0.00031420564
                  43          -5.4650894          -5.4675523       0.00031241073
                  44          -5.4649746          -5.4674937       0.00031084652
                  45          -5.4686281          -5.4675189       0.00030484967
                  46          -5.4662519          -5.4674914       0.00029937327
                  47          -5.4661798          -5.4674635       0.00029422038
                  48          -5.4654067          -5.4674206       0.00029119808
                  49          -5.4646979          -5.4673651       0.00029060595
                  50          -5.4647987          -5.4673138       0.00028935821
                  51          -5.4643448          -5.4672555       0.00028960174
                  52          -5.4654601           -5.467221       0.00028605595
                  53          -5.4660458          -5.4671988       0.00028144654
                  54          -5.4659674           -5.467176       0.00027709394
                  55          -5.4677693          -5.4671868       0.00027218036
                  56          -5.4667619          -5.4671792       0.00026734128
                  57          -5.4656252           -5.467152       0.00026400406
                  58          -5.4682364          -5.4671707       0.00026005719
                  59          -5.4656713          -5.4671453       0.00025685556
                  60          -5.4655552          -5.4671188       0.00025391241
                  61           -5.466904          -5.4671152       0.00024970577
                  62          -5.4704463           -5.467169       0.00025151392
                  63          -5.4700044           -5.467214       0.00025158181
                  64          -5.4701397          -5.4672597        0.0002518394
                  65          -5.4663469          -5.4672456         0.000248308
                  66          -5.4672108          -5.4672451       0.00024448846
                  67          -5.4692723          -5.4672754       0.00024270626
                  68          -5.4699395          -5.4673145       0.00024231993
                  69          -5.4711314          -5.4673699       0.00024517251
                  70          -5.4715218          -5.4674292       0.00024889561
                  71          -5.4695423          -5.4674589       0.00024716421
                  72          -5.4672252          -5.4674557       0.00024370496
                  73          -5.4700183          -5.4674908       0.00024290568
                  74          -5.4683109          -5.4675019       0.00023983792
                  75          -5.4646235          -5.4674635       0.00023973077
                  76          -5.4696306           -5.467492       0.00023826969
                  77          -5.4662038          -5.4674753       0.00023573676
                  78           -5.466309          -5.4674603       0.00023316144
                  79          -5.4668878          -5.4674531       0.00023028773
                  80          -5.4678084          -5.4674575       0.00022741663
                  81          -5.4669951          -5.4674518       0.00022464739
                  82          -5.4681683          -5.4674606       0.00022204808
                  83          -5.4664043          -5.4674478       0.00021971356
                  84          -5.4650892          -5.4674198       0.00021889665
                  85          -5.4655825          -5.4673981        0.0002173809
                  86          -5.4678957          -5.4674039       0.00021490229
                  87          -5.4641232          -5.4673662       0.00021576317
                  88          -5.4686022          -5.4673803       0.00021375043
                  89          -5.4679958          -5.4673872       0.00021143588
                  90          -5.4663365          -5.4673755       0.00020938955
                  91          -5.4669501          -5.4673708       0.00020711634
                  92          -5.4642913          -5.4673374       0.00020758693
                  93          -5.4660381          -5.4673234       0.00020581041
                  94           -5.465412           -5.467303       0.00020462119
                  95          -5.4642546           -5.467271       0.00020499851
                  96          -5.4661766          -5.4672596       0.00020316409
                  97          -5.4646863           -5.467233       0.00020280848
                  98          -5.4681211          -5.4672421       0.00020092426
                  99          -5.4662423           -5.467232       0.00019913289
                 100          -5.4722657          -5.4672823       0.00020350979
