                   1          -6.6523591          -6.6523591                   0
                   2          -6.6789343          -6.6656467         0.018791457
                   3          -6.7193854          -6.6835596         0.023866037
                   4          -6.6295305          -6.6700523           0.0222803
                   5          -6.6777531          -6.6715925         0.016798712
                   6          -6.5885329          -6.6577492         0.020262497
                   7          -6.7942727          -6.6772526         0.026998049
                   8          -6.5877861          -6.6660693         0.026047025
                   9          -6.6181691           -6.660747         0.023479852
                  10          -6.7220306          -6.6668754         0.021847825
                  11          -6.6137761          -6.6620482         0.020304369
                  12          -6.6696634          -6.6626828         0.018470414
                  13          -6.6519073          -6.6618539         0.016953179
                  14          -6.7099204          -6.6652872         0.016049561
                  15          -6.7286727          -6.6695129         0.015531784
                  16          -6.6774682          -6.6700101         0.014505424
                  17          -6.5512964           -6.663027         0.015386377
                  18           -6.584344          -6.6586557         0.015163773
                  19          -6.6667706          -6.6590828         0.014328062
                  20          -6.7852025          -6.6653888         0.015036975
                  21          -6.7053443          -6.6672914         0.014417554
                  22          -6.5948325          -6.6639978         0.014138768
                  23          -6.6605085          -6.6638461         0.013496988
                  24          -6.6683287          -6.6640329         0.012911572
                  25          -6.6581071          -6.6637959         0.012375955
                  26          -6.6670656          -6.6639216         0.011881609
                  27           -6.710504          -6.6656469         0.011559112
                  28           -6.629888          -6.6643698         0.011206717
                  29          -6.6207656          -6.6628662         0.010914278
                  30          -6.6977477          -6.6640289         0.010604073
                  31          -6.6914732          -6.6649142         0.010290033
                  32          -6.6476321          -6.6643741         0.009973202
                  33           -6.602578          -6.6625015        0.0098469083
                  34          -6.7500759          -6.6650773        0.0098999763
                  35          -6.6541754          -6.6647658        0.0096139961
                  36          -6.7104637          -6.6660352        0.0094276245
                  37          -6.6207454          -6.6648111        0.0092493682
                  38          -6.6304806          -6.6639077        0.0090458381
                  39          -6.6225209          -6.6628465        0.0088731585
                  40          -6.6623194          -6.6628333        0.0086456519
                  41          -6.7372773           -6.664649        0.0086276223
                  42          -6.7223111          -6.6660219        0.0085311178
                  43          -6.6874573          -6.6665204        0.0083432567
                  44          -6.6149679          -6.6653488        0.0082349617
                  45          -6.6282456          -6.6645242        0.0080908848
                  46          -6.6081615           -6.663299        0.0080074946
                  47          -6.6273583          -6.6625343        0.0078714622
                  48          -6.7883421          -6.6651553        0.0081466042
                  49          -6.6192932          -6.6642193        0.0080327418
                  50           -6.621115          -6.6633572        0.0079168494
                  51          -6.6678152          -6.6634446        0.0077590147
                  52          -6.7208248          -6.6645481        0.0076880484
                  53          -6.5945263          -6.6632269        0.0076572635
                  54          -6.6407805          -6.6628113        0.0075244942
                  55          -6.7349275          -6.6641225        0.0075027703
                  56          -6.6241509          -6.6634087        0.0074014828
                  57          -6.6979113           -6.664014        0.0072949202
                  58          -6.6291255          -6.6634125        0.0071925793
                  59          -6.6484749          -6.6631593        0.0070731802
                  60          -6.6107652          -6.6622861        0.0070088362
                  61          -6.6280308          -6.6617245        0.0069152424
                  62          -6.7535042          -6.6632048        0.0069636775
                  63          -6.7620225          -6.6647733        0.0070314378
                  64          -6.5770985          -6.6634034        0.0070562372
                  65          -6.5878259          -6.6622407        0.0070441291
                  66          -6.6964413          -6.6627589        0.0069553858
                  67           -6.620763          -6.6621321        0.0068790517
                  68          -6.7215521          -6.6630059        0.0068333213
                  69          -6.6943566          -6.6634603        0.0067483697
                  70          -6.6964036          -6.6639309        0.0066674385
                  71           -6.600349          -6.6630354        0.0066337836
                  72          -6.6812522          -6.6632884        0.0065453109
                  73          -6.6814077          -6.6635366        0.0064592408
                  74          -6.5879203          -6.6625147        0.0064532955
                  75          -6.6214172          -6.6619668        0.0063899463
                  76          -6.7857142           -6.663595        0.0065143228
                  77          -6.6022402          -6.6627982        0.0064784467
                  78           -6.646228          -6.6625858        0.0063978848
                  79          -6.6676342          -6.6626497        0.0063161881
                  80          -6.6617846          -6.6626389        0.0062362458
                  81          -6.6840904          -6.6629037        0.0061640557
                  82          -6.6302732          -6.6625058        0.0061011078
                  83          -6.6000856          -6.6617537        0.0060740134
                  84          -6.6349602          -6.6614347        0.0060094059
                  85          -6.7485144          -6.6624592          0.00602663
                  86          -6.6423118          -6.6622249        0.0059603885
                  87          -6.6270963          -6.6618212        0.0059050636
                  88          -6.6442037           -6.661621        0.0058406608
                  89           -6.722531          -6.6623053        0.0058151632
                  90          -6.6338534          -6.6619892        0.0057586059
                  91          -6.7275809            -6.66271        0.0057405593
                  92          -6.5986163          -6.6620133        0.0057205262
                  93          -6.6652176          -6.6620478        0.0056584526
                  94          -6.6358959          -6.6617696        0.0056045928
                  95          -6.6494338          -6.6616397        0.0055465058
                  96          -6.6288876          -6.6612986        0.0054988271
                  97          -6.7585307          -6.6623009        0.0055340491
                  98          -6.6470829          -6.6621457        0.0054792207
                  99          -6.6308371          -6.6618294         0.005432617
                 100           -6.673194          -6.6619431        0.0053789549
