                   1            1.799774            1.799774                   0
                   2           1.7962395           1.7980068        0.0017672432
                   3           1.8247771           1.8069302        0.0089816068
                   4           1.8334597           1.8135626        0.0091827613
                   5           1.8472787           1.8203058        0.0098012698
                   6           1.8242998           1.8209715        0.0080303402
                   7           1.8131405           1.8198528        0.0068784587
                   8           1.8282464            1.820902        0.0060486139
                   9           1.8524792           1.8244106        0.0063848033
                  10           1.8404321           1.8260127        0.0059312279
                  11           1.8247842            1.825901        0.0053661598
                  12           1.8230994           1.8256676        0.0049041716
                  13           1.8233481           1.8254891        0.0045147085
                  14           1.8189698           1.8250235        0.0042056673
                  15           1.8164974           1.8244551        0.0039563081
                  16           1.8249323           1.8244849        0.0037009076
                  17           1.8343739           1.8250666        0.0035247299
                  18           1.8529628           1.8266164        0.0036667635
                  19           1.8647086           1.8286213        0.0040061598
                  20           1.8695161            1.830666        0.0043157114
                  21           1.8731062            1.832687        0.0045755662
                  22           1.8729348           1.8345164        0.0047306894
                  23           1.8733845           1.8362063        0.0048258886
                  24           1.8677552           1.8375209        0.0048037941
                  25           1.8780863           1.8391435        0.0048849982
                  26           1.8558677           1.8397867        0.0047372285
                  27           1.8462823           1.8400273        0.0045647443
                  28           1.8650307           1.8409203        0.0044884241
                  29           1.8518594           1.8412975        0.0043472824
                  30            1.806644           1.8401424        0.0043558272
                  31           1.8362455           1.8400167        0.0042148491
                  32           1.8364384           1.8399048        0.0040825418
                  33           1.8148275           1.8391449        0.0040292052
                  34           1.8294961           1.8388611        0.0039191913
                  35           1.8185197           1.8382799        0.0038496907
                  36           1.8111887           1.8375274        0.0038161614
                  37           1.8368085            1.837508          0.00371164
                  38           1.8344138           1.8374266        0.0036135626
                  39           1.8347721           1.8373585        0.0035203458
                  40           1.8548997            1.837797        0.0034591186
                  41           1.8470544           1.8380228        0.0033812422
                  42           1.8477548           1.8382545        0.0033078802
                  43           1.8240646           1.8379245        0.0032468504
                  44           1.8358241           1.8378768        0.0031725593
                  45           1.8354961           1.8378239         0.003101708
                  46           1.8319934           1.8376971        0.0030361771
                  47           1.8412759           1.8377733        0.0029718509
                  48           1.8492802            1.838013        0.0029191388
                  49           1.8362476            1.837977        0.0028591709
                  50           1.8214935           1.8376473        0.0028207351
                  51           1.8280282           1.8374587        0.0027712991
                  52           1.8338472           1.8373892        0.0027183697
                  53           1.8370785           1.8373834         0.002666593
                  54           1.8138489           1.8369476        0.0026527911
                  55           1.8007989           1.8362903        0.0026857725
                  56           1.8421599           1.8363951        0.0026394581
                  57           1.8401551           1.8364611        0.0025935774
                  58           1.8419827           1.8365563        0.0025502458
                  59           1.8431203           1.8366675        0.0025091163
                  60           1.8410142             1.83674        0.0024680068
                  61           1.8184864           1.8364407        0.0024455867
                  62           1.8390363           1.8364826        0.0024061826
                  63            1.849951           1.8366964        0.0023773132
                  64           1.8443313           1.8368157         0.002342912
                  65           1.8501592            1.837021        0.0023157027
                  66           1.8540993           1.8372797         0.002294981
                  67            1.855034           1.8375447        0.0022759471
                  68           1.8569924           1.8378307        0.0022603931
                  69           1.7994338           1.8372742         0.002295854
                  70           1.8524244           1.8374907        0.0022731453
                  71           1.8730695           1.8379918        0.0022962462
                  72           1.8456883           1.8380987        0.0022666513
                  73           1.8302927           1.8379918        0.0022379418
                  74           1.8223568           1.8377805        0.0022175803
                  75           1.8325727            1.837711        0.0021889144
                  76           1.8226497           1.8375129        0.0021689932
                  77           1.8367408           1.8375028        0.0021406626
                  78           1.8354573           1.8374766        0.0021132028
                  79           1.8147343           1.8371887        0.0021060497
                  80           1.8458162           1.8372966        0.0020823519
                  81           1.8534881           1.8374965        0.0020661755
                  82           1.8235406           1.8373263         0.002047907
                  83            1.852615           1.8375105        0.0020314514
                  84           1.8481594           1.8376372        0.0020111214
                  85           1.8742058           1.8380675        0.0020333542
                  86           1.8487764            1.838192        0.0020134258
                  87           1.8665127           1.8385175        0.0020165955
                  88           1.8787819           1.8389751        0.0020453813
                  89           1.8603711           1.8392155        0.0020365083
                  90           1.8498987           1.8393342        0.0020172488
                  91           1.8261562           1.8391894        0.0020002071
                  92           1.8441301           1.8392431        0.0019790751
                  93           1.8386752            1.839237        0.0019576886
                  94           1.8301815           1.8391406        0.0019391445
                  95           1.8176131            1.838914        0.0019319596
                  96           1.8206411           1.8387237        0.0019211815
                  97            1.853834           1.8388794        0.0019076433
                  98           1.8331501            1.838821        0.0018889821
                  99           1.8285633           1.8387174        0.0018726727
                 100           1.8678104           1.8390083        0.0018765408
