                   1         -0.29942649         -0.29942649                   0
                   2          -0.2958984         -0.29766245        0.0024947419
                   3          -0.3244431         -0.30658933         0.011004084
                   4          -0.3331386         -0.31322665         0.010609257
                   5         -0.34694999         -0.31997132         0.010962488
                   6          -0.3239539         -0.32063508        0.0088000815
                   7         -0.31280209         -0.31951608        0.0074323364
                   8         -0.32792311         -0.32056696        0.0064688733
                   9         -0.35213674         -0.32407471        0.0067735487
                  10         -0.34006222         -0.32567346        0.0062523297
                  11         -0.32438111         -0.32555598        0.0056284457
                  12         -0.32268708          -0.3253169        0.0051228582
                  13         -0.32293088         -0.32513336        0.0046998375
                  14          -0.3185561         -0.32466356        0.0043656204
                  15         -0.31608628         -0.32409174        0.0040967729
                  16         -0.32455219         -0.32412052        0.0038237702
                  17         -0.33399043          -0.3247011        0.0036343946
                  18         -0.35256857         -0.32624929        0.0037733864
                  19         -0.36431035         -0.32825251        0.0041153544
                  20          -0.3691332         -0.33029654        0.0044269947
                  21         -0.37273286         -0.33231732        0.0046877676
                  22         -0.37254005         -0.33414562        0.0048408679
                  23         -0.37299167         -0.33583458        0.0049329807
                  24         -0.36736494         -0.33714835         0.004905639
                  25         -0.37770323         -0.33877054        0.0049842549
                  26         -0.35550124         -0.33941403        0.0048296751
                  27         -0.34592986         -0.33965536        0.0046504254
                  28         -0.36469813         -0.34054974        0.0045698702
                  29         -0.35153873         -0.34092867        0.0044235024
                  30         -0.30632608         -0.33977525        0.0044291555
                  31         -0.33591717          -0.3396508        0.0042833857
                  32         -0.33607853         -0.33953917        0.0041467633
                  33         -0.31446244         -0.33877926         0.004090624
                  34         -0.32912943         -0.33849545        0.0039771134
                  35          -0.3181601         -0.33791444        0.0039048915
                  36         -0.31082608         -0.33716198        0.0038693236
                  37         -0.33642766         -0.33714214        0.0037618962
                  38         -0.33402463          -0.3370601        0.0036611675
                  39         -0.33439034         -0.33699164        0.0035654955
                  40         -0.35452544         -0.33742999        0.0035023211
                  41          -0.3466768         -0.33765552        0.0034223885
                  42         -0.34738785         -0.33788724        0.0033471424
                  43         -0.32371126         -0.33755757        0.0032844318
                  44         -0.33546289         -0.33750996        0.0032084111
                  45         -0.33511662         -0.33745677         0.003135954
                  46         -0.33162919         -0.33733009        0.0030689402
                  47         -0.34092986         -0.33740668        0.0030032222
                  48         -0.34892515         -0.33764665        0.0029493108
                  49          -0.3358904          -0.3376108        0.0028880939
                  50          -0.3211391         -0.33728137        0.0028486575
                  51         -0.32769365         -0.33709338        0.0027981334
                  52         -0.33351335         -0.33702453        0.0027441487
                  53         -0.33674765         -0.33701931        0.0026913818
                  54          -0.3135053         -0.33658386        0.0026769317
                  55          -0.3004282         -0.33592649        0.0027098265
                  56         -0.34176042         -0.33603066        0.0026626328
                  57         -0.33975276         -0.33609596        0.0026159155
                  58         -0.34158198         -0.33619055        0.0025717928
                  59         -0.34271151         -0.33630107        0.0025299086
                  60         -0.34060622         -0.33637283        0.0024880812
                  61         -0.31808249         -0.33607298        0.0024652219
                  62          -0.3386329         -0.33611427        0.0024251657
                  63         -0.34952428         -0.33632713        0.0023956783
                  64         -0.34392039         -0.33644578        0.0023606824
                  65         -0.34976146         -0.33665063        0.0023329494
                  66         -0.35370066         -0.33690897        0.0023117608
                  67         -0.35462618          -0.3371734        0.0022922705
                  68         -0.35659229         -0.33745897        0.0022763111
                  69         -0.29906266         -0.33690251        0.0023118227
                  70         -0.35208017         -0.33711933        0.0022887609
                  71         -0.37274109         -0.33762104        0.0023119559
                  72         -0.34537409         -0.33772873         0.002281971
                  73         -0.32998824         -0.33762269        0.0022528084
                  74         -0.32204434         -0.33741217        0.0022320345
                  75         -0.33225881         -0.33734346        0.0022029582
                  76         -0.32233172         -0.33714594         0.002182661
                  77          -0.3364137         -0.33713643        0.0021539631
                  78         -0.33512484         -0.33711064         0.002126148
                  79          -0.3143758         -0.33682286        0.0021187776
                  80         -0.34546755         -0.33693092        0.0020947819
                  81           -0.353155         -0.33713121        0.0020783923
                  82         -0.32323493         -0.33696175        0.0020598027
                  83         -0.35230265         -0.33714658        0.0020431628
                  84         -0.34784386         -0.33727392        0.0020226079
                  85         -0.37388229         -0.33770461        0.0020449494
                  86         -0.34845216         -0.33782958         0.002024797
                  87         -0.36619957         -0.33815567         0.002027951
                  88         -0.37846672         -0.33861375        0.0020568995
                  89         -0.36003481         -0.33885444        0.0020478805
                  90         -0.34954676         -0.33897324         0.002028392
                  91         -0.32579424         -0.33882842        0.0020111336
                  92         -0.34375272         -0.33888195        0.0019897612
                  93         -0.33831048          -0.3388758        0.0019681431
                  94         -0.32979636         -0.33877921        0.0019494004
                  95         -0.31721655         -0.33855224        0.0019421131
                  96         -0.32025394         -0.33836163        0.0019311987
                  97          -0.3534409         -0.33851708        0.0019174601
                  98         -0.33276332         -0.33845837        0.0018986098
                  99         -0.32819226         -0.33835467        0.0018821243
                 100         -0.36745939         -0.33864572        0.0018859358
