                   1           1.1170575           1.1170575                   0
                   2           1.1555241           1.1362908         0.027199987
                   3           1.1596798           1.1440871          0.01661727
                   4           1.1330676           1.1413323         0.011525848
                   5            1.079884           1.1290426         0.016233303
                   6           1.1771034           1.1370527         0.015673144
                   7           1.1492005           1.1387881         0.013194773
                   8           1.1223598           1.1367346           0.0115209
                   9           1.1182482           1.1346806         0.010313522
                  10           1.2211388           1.1433264         0.012926732
                  11           1.0867682           1.1381847         0.012823086
                  12            1.055502           1.1312945         0.013699818
                  13            1.103828           1.1291817         0.012749254
                  14           1.0868083            1.126155         0.012180475
                  15           1.1128942            1.125271         0.011347399
                  16           1.1984577           1.1298451         0.011596775
                  17           1.1530484             1.13121          0.01096263
                  18           1.1689222           1.1333052         0.010540593
                  19           1.1933586           1.1364659         0.010471256
                  20            1.173917           1.1383384         0.010104462
                  21           1.1404348           1.1384383        0.0095997836
                  22           1.0532976           1.1345682        0.0099638547
                  23           1.0721697           1.1318552        0.0099072212
                  24           1.0683257           1.1292082        0.0098547003
                  25            1.104461           1.1282183        0.0094979734
                  26           1.1498784           1.1290514        0.0091575489
                  27           1.1381359           1.1293878        0.0088120085
                  28           1.0999337           1.1283359        0.0085529875
                  29           1.1372654           1.1286438        0.0082534747
                  30           1.1432353           1.1291302        0.0079842124
                  31           1.1440298           1.1296108        0.0077335207
                  32           1.1803274           1.1311957        0.0076553216
                  33           1.0802102           1.1296507        0.0075802441
                  34           1.0740026            1.128014        0.0075359422
                  35           1.1511638           1.1286754        0.0073450176
                  36           1.1619015           1.1295984        0.0071962959
                  37           1.0863992           1.1284308        0.0070958172
                  38           1.1469215           1.1289174         0.006921627
                  39           1.1690364           1.1299461        0.0068195769
                  40           1.1616347           1.1307383        0.0066929775
                  41           1.1290859            1.130698        0.0065257806
                  42           1.1018236           1.1300105        0.0064045262
                  43           1.1474885            1.130417        0.0062655503
                  44           1.1127337           1.1300151        0.0061333281
                  45           1.1806748           1.1311409        0.0061010993
                  46           1.1369066           1.1312662        0.0059668652
                  47           1.0430521           1.1293893        0.0061377234
                  48           1.0971702           1.1287181        0.0060453115
                  49           1.0829468            1.127784        0.0059941344
                  50           1.0992093           1.1272125        0.0059001157
                  51           1.1244183           1.1271577        0.0057823782
                  52            1.138646           1.1273786        0.0056733858
                  53           1.2206826           1.1291391        0.0058412354
                  54            1.158172           1.1296767         0.005756661
                  55           1.0930393           1.1290106        0.0056899112
                  56           1.1268009           1.1289711        0.0055866001
                  57           1.1307126           1.1290017         0.005486926
                  58           1.1201379           1.1288489        0.0053928679
                  59           1.1037475           1.1284234        0.0053172298
                  60           1.1087394           1.1280954        0.0052375664
                  61           1.0596214           1.1269728        0.0052731755
                  62           1.1544281           1.1274157         0.005205908
                  63           1.1756318            1.128181        0.0051797175
                  64           1.1686521           1.1288134         0.005137191
                  65           1.0831494           1.1281108        0.0051062425
                  66           1.0875191           1.1274958        0.0050657371
                  67            1.138794           1.1276644        0.0049918757
                  68           1.1316749           1.1277234         0.004917729
                  69           1.2227375           1.1291004        0.0050400446
                  70           1.1588986           1.1295261        0.0049854719
                  71           1.1107996           1.1292624        0.0049214247
                  72           1.0687237           1.1284215        0.0049254326
                  73            1.113259           1.1282138        0.0048615246
                  74           1.1544827           1.1285688        0.0048082302
                  75           1.2277421           1.1298911        0.0049265195
                  76           1.1442574           1.1300802        0.0048645557
                  77            1.145229           1.1302769        0.0048046311
                  78           1.1663386           1.1307392         0.004765008
                  79            1.143675            1.130903        0.0047068037
                  80           1.1447304           1.1310758        0.0046504777
                  81           1.2001778           1.1319289        0.0046718888
                  82           1.2098876           1.1328796        0.0047123204
                  83            1.200056            1.133689        0.0047255369
                  84           1.1278048           1.1336189        0.0046691345
                  85            1.134651           1.1336311        0.0046135658
                  86           1.1499229           1.1338205        0.0045632687
                  87           1.1432188           1.1339286         0.004511516
                  88           1.0788554           1.1333027        0.0045038571
                  89           1.1484435           1.1334728        0.0044559625
                  90           1.1770155           1.1339567        0.0044326758
                  91           1.1033106           1.1336199        0.0043964848
                  92           1.2091622            1.134441        0.0044258595
                  93           1.1493495           1.1346013        0.0043807183
                  94           1.0872001            1.134097        0.0043631674
                  95           1.1123821           1.1338685        0.0043228625
                  96           1.2007466           1.1345651        0.0043343078
                  97           1.2176089           1.1354212        0.0043746386
                  98           1.1221654            1.135286        0.0043316734
                  99           1.0627323           1.1345531        0.0043502866
                 100           1.0960424            1.134168        0.0043237029
