                   1           1.5003475           1.5003475                   0
                   2           1.5003411           1.5003443       4.5172889e-06
                   3            1.500334           1.5003409       4.7602738e-06
                   4           1.5003211           1.5003359       6.5230106e-06
                   5           1.5003287           1.5003345       5.1534245e-06
                   6           1.5003459           1.5003364       4.6164019e-06
                   7           1.5003384           1.5003367       3.8597923e-06
                   8           1.5003233            1.500335       3.7600805e-06
                   9           1.5003425           1.5003358       3.4054788e-06
                  10           1.5003699           1.5003392       4.6932627e-06
                  11           1.5004031           1.5003451       7.4090156e-06
                  12           1.5004124           1.5003507       8.9275469e-06
                  13           1.5004173           1.5003558       9.7673632e-06
                  14           1.5004137           1.5003599       9.9875429e-06
                  15           1.5004111           1.5003633       9.9230839e-06
                  16           1.5003801           1.5003644         9.32491e-06
                  17           1.5003835           1.5003655        8.818512e-06
                  18           1.5003942           1.5003671       8.4608316e-06
                  19           1.5003983           1.5003687       8.1667089e-06
                  20           1.5003829           1.5003695       7.7710817e-06
                  21           1.5003733           1.5003696       7.3849476e-06
                  22           1.5003947           1.5003708         7.12934e-06
                  23           1.5003928           1.5003717       6.8753242e-06
                  24           1.5003902           1.5003725       6.6233289e-06
                  25           1.5003831           1.5003729       6.3619338e-06
                  26           1.5003665           1.5003727       6.1127263e-06
                  27           1.5003525           1.5003719       5.9268067e-06
                  28           1.5003325           1.5003705       5.8843571e-06
                  29           1.5003207           1.5003688       5.9373003e-06
                  30            1.500318           1.5003671       5.9862545e-06
                  31           1.5003283           1.5003659       5.9248214e-06
                  32           1.5003599           1.5003657       5.7368594e-06
                  33           1.5003651           1.5003657       5.5576136e-06
                  34           1.5003667           1.5003657       5.3892854e-06
                  35           1.5003596           1.5003655       5.2337801e-06
                  36           1.5003626           1.5003654       5.0849097e-06
                  37           1.5003809           1.5003658       4.9617353e-06
                  38           1.5003892           1.5003665       4.8676632e-06
                  39           1.5003818           1.5003669       4.7561757e-06
                  40           1.5003742            1.500367       4.6379957e-06
                  41           1.5003775           1.5003673       4.5294819e-06
                  42            1.500367           1.5003673       4.4190172e-06
                  43           1.5003533            1.500367       4.3263404e-06
                  44           1.5003612           1.5003668       4.2278118e-06
                  45           1.5003794           1.5003671       4.1414403e-06
                  46           1.5003642            1.500367       4.0499186e-06
                  47            1.500346           1.5003666       3.9876479e-06
                  48            1.500355           1.5003664       3.9104266e-06
                  49           1.5003572           1.5003662       3.8336551e-06
                  50           1.5003544           1.5003659       3.7629861e-06
                  51           1.5003345           1.5003653       3.7398521e-06
                  52           1.5003338           1.5003647       3.7170984e-06
                  53           1.5003309           1.5003641        3.702231e-06
                  54           1.5003436           1.5003637       3.6525405e-06
                  55           1.5003707           1.5003638       3.5872166e-06
                  56           1.5003995           1.5003645       3.5801337e-06
                  57           1.5004024           1.5003651       3.5796578e-06
                  58           1.5004007           1.5003657       3.5709273e-06
                  59           1.5004088           1.5003665       3.5857007e-06
                  60            1.500408           1.5003672        3.593283e-06
                  61           1.5004039           1.5003678       3.5853368e-06
                  62           1.5004034           1.5003683       3.5738814e-06
                  63           1.5004268           1.5003693       3.6383852e-06
                  64           1.5004109           1.5003699       3.6401841e-06
                  65           1.5003978           1.5003703       3.6092509e-06
                  66           1.5003987           1.5003708       3.5799601e-06
                  67           1.5004078           1.5003713       3.5694518e-06
                  68           1.5004001           1.5003717       3.5418455e-06
                  69           1.5003711           1.5003717       3.4897699e-06
                  70           1.5003443           1.5003713       3.4618243e-06
                  71           1.5003284           1.5003707       3.4662587e-06
                  72           1.5003142             1.50037       3.5076914e-06
                  73           1.5003044           1.5003691       3.5751572e-06
                  74           1.5003124           1.5003683       3.6093529e-06
                  75           1.5003139           1.5003676       3.6347599e-06
                  76            1.500318           1.5003669       3.6458663e-06
                  77           1.5003271           1.5003664       3.6354041e-06
                  78           1.5003325            1.500366       3.6148212e-06
                  79           1.5003585           1.5003659       3.5697484e-06
                  80           1.5003486           1.5003657       3.5312221e-06
                  81           1.5003331           1.5003653       3.5104731e-06
                  82           1.5003057           1.5003645        3.543271e-06
                  83           1.5003124           1.5003639       3.5566539e-06
                  84           1.5003155           1.5003633       3.5612521e-06
                  85           1.5003235           1.5003629       3.5503124e-06
                  86           1.5003242           1.5003624       3.5374822e-06
                  87           1.5003131           1.5003618       3.5424473e-06
                  88           1.5003151           1.5003613        3.542174e-06
                  89           1.5003363            1.500361       3.5133468e-06
                  90            1.500352           1.5003609       3.4753467e-06
                  91           1.5003619           1.5003609       3.4367492e-06
                  92           1.5003774           1.5003611        3.403753e-06
                  93           1.5003648           1.5003612       3.3669874e-06
                  94           1.5003852           1.5003614       3.3406888e-06
                  95           1.5003965           1.5003618       3.3259669e-06
                  96           1.5003871            1.500362       3.3016609e-06
                  97           1.5003931           1.5003624       3.2830864e-06
                  98           1.5003868           1.5003626       3.2588562e-06
                  99            1.500371           1.5003627       3.2267371e-06
                 100            1.500351           1.5003626       3.1963081e-06
