                   1         -0.33453443         -0.33453443                   0
                   2          -0.3348616         -0.33469802       0.00023134322
                   3         -0.31965707         -0.32968437        0.0061415312
                   4         -0.29287063         -0.32048093         0.011388649
                   5         -0.27951412         -0.31228757         0.012524815
                   6         -0.29926704         -0.31011748         0.010297988
                   7         -0.29377187          -0.3077824         0.008944621
                   8         -0.29355751         -0.30600429         0.007898952
                   9         -0.29645472         -0.30494322        0.0070026114
                  10          -0.2934456         -0.30379346        0.0063414334
                  11         -0.26980247         -0.30070337        0.0065632831
                  12          -0.2681289         -0.29798883        0.0066059952
                  13         -0.28041585         -0.29663706         0.006216798
                  14         -0.29621548         -0.29660695        0.0057386678
                  15         -0.29952645         -0.29680158          0.00533257
                  16         -0.29449705         -0.29665755        0.0049792879
                  17         -0.30358134         -0.29706483        0.0046869222
                  18          -0.3369474         -0.29928053        0.0049655786
                  19         -0.31418869         -0.30006517        0.0047584948
                  20         -0.32052703         -0.30108826        0.0046286395
                  21         -0.35316412         -0.30356807        0.0050786146
                  22         -0.34505223         -0.30545371        0.0052076261
                  23         -0.38341826         -0.30884347        0.0060599333
                  24         -0.36816065         -0.31131502        0.0063224259
                  25         -0.36159676         -0.31332629        0.0063972755
                  26         -0.35514018         -0.31493452        0.0063566069
                  27          -0.3267512         -0.31537217        0.0061283721
                  28         -0.37813868         -0.31761383        0.0063275291
                  29         -0.39530188         -0.32029273        0.0066829381
                  30         -0.38598886          -0.3224826        0.0068260934
                  31         -0.38622864         -0.32453893        0.0069217317
                  32         -0.36730081         -0.32587523        0.0068346586
                  33         -0.36995697         -0.32721105        0.0067586087
                  34         -0.37914977         -0.32873865        0.0067347332
                  35         -0.38395057         -0.33031614        0.0067297454
                  36         -0.34208249         -0.33064298        0.0065458653
                  37          -0.3973975         -0.33244716         0.006621663
                  38          -0.3486724         -0.33287414        0.0064572139
                  39         -0.28520817         -0.33165193        0.0064080476
                  40         -0.32083362         -0.33138148        0.0062497437
                  41          -0.3409496         -0.33161484        0.0060980789
                  42         -0.30547676         -0.33099251        0.0059825961
                  43         -0.29481859         -0.33015125        0.0059018598
                  44         -0.28400846         -0.32910256         0.005861403
                  45         -0.29597837         -0.32836646        0.0057763569
                  46         -0.32472149         -0.32828722        0.0056485616
                  47         -0.31995603         -0.32810996         0.005528671
                  48         -0.30826506         -0.32769653        0.0054271462
                  49         -0.34112368         -0.32797055         0.005321288
                  50         -0.34656758         -0.32834249        0.0052262131
                  51         -0.32379889          -0.3282534        0.0051224791
                  52         -0.34069205         -0.32849261        0.0050278435
                  53         -0.36302924         -0.32914424        0.0049748443
                  54         -0.33306387         -0.32921683        0.0048815291
                  55         -0.32394505         -0.32912098        0.0047921069
                  56           -0.320218           -0.328962        0.0047077117
                  57         -0.31470738         -0.32871191        0.0046305242
                  58         -0.31637959         -0.32849929        0.0045543402
                  59         -0.32840996         -0.32849777        0.0044758174
                  60         -0.30023954          -0.3280268        0.0044255154
                  61         -0.29303012         -0.32745309        0.0043900368
                  62         -0.34100876         -0.32767173        0.0043236913
                  63         -0.35401369         -0.32808985        0.0042747839
                  64         -0.35142524         -0.32845447        0.0042229511
                  65         -0.32599476         -0.32841663        0.0041571424
                  66         -0.34468291         -0.32866309        0.0041007135
                  67         -0.37092618         -0.32929388        0.0040882843
                  68         -0.36494194         -0.32981811        0.0040617471
                  69         -0.38217556         -0.33057692        0.0040743562
                  70         -0.38856138         -0.33140527        0.0041010733
                  71         -0.38492587         -0.33215908        0.0041131553
                  72         -0.37303104         -0.33272674         0.004095317
                  73         -0.38618834          -0.3334591        0.0041052119
                  74         -0.37445691         -0.33401312        0.0040872185
                  75          -0.3632605         -0.33440309        0.0040510539
                  76         -0.39147847         -0.33515408        0.0040679032
                  77         -0.36084006         -0.33548766         0.004028396
                  78         -0.37529817         -0.33599805        0.0040091256
                  79         -0.36173592         -0.33632385        0.0039712848
                  80         -0.34442229         -0.33642508        0.0039223384
                  81         -0.34457203         -0.33652566        0.0038746312
                  82         -0.34992865         -0.33668911        0.0038303284
                  83         -0.34968704         -0.33684571         0.003786896
                  84         -0.34170377         -0.33690355        0.0037417231
                  85         -0.33537162         -0.33688552        0.0036972232
                  86         -0.36162525         -0.33717319        0.0036651665
                  87         -0.38844207         -0.33776249        0.0036707173
                  88         -0.40141514         -0.33848582        0.0037007308
                  89          -0.3773253         -0.33892222        0.0036849051
                  90         -0.39556899         -0.33955162        0.0036980685
                  91         -0.43785934         -0.34063193        0.0038149076
                  92         -0.44412524         -0.34175686        0.0039388815
                  93         -0.43457649         -0.34275492        0.0040232195
                  94         -0.42049699         -0.34358196        0.0040658861
                  95         -0.44256647          -0.3446239        0.0041567729
                  96         -0.44277481         -0.34564631        0.0042394844
                  97         -0.43484461         -0.34656588        0.0042959462
                  98          -0.4104559         -0.34721782        0.0043018604
                  99         -0.42104268         -0.34796352        0.0043234254
                 100         -0.38193087          -0.3483032        0.0042933485
