                   1           1.0451702           1.0451702                   0
                   2           1.0576307           1.0514004        0.0088109201
                   3           1.0480334           1.0502781        0.0046149327
                   4           1.0210657            1.042975        0.0089765838
                   5           1.0365527           1.0416905        0.0068838968
                   6           1.0490354           1.0429147        0.0056680312
                   7            1.153314            1.058686         0.017677697
                   8           1.1015914           1.0640492         0.016200783
                   9           1.0737908           1.0651316         0.014222099
                  10           1.0117411           1.0597925         0.013837971
                  11          0.99442241           1.0538498         0.013926744
                  12           1.0569845            1.054111         0.012663616
                  13           1.0368817           1.0527857         0.011689989
                  14           1.0400309           1.0518746         0.010832098
                  15           1.0342222           1.0506978          0.01013187
                  16           1.0456003           1.0503792        0.0094621352
                  17            1.088011           1.0525928        0.0091595125
                  18           1.0731994           1.0537377        0.0087008308
                  19           1.1105958           1.0567302        0.0087737833
                  20           1.1807552           1.0629314         0.010467518
                  21           1.0835599           1.0639138        0.0099949562
                  22           1.0312855           1.0624307        0.0096392844
                  23           1.0321238            1.061113        0.0092992532
                  24           1.0465181           1.0605048        0.0089166028
                  25           1.0466855           1.0599521        0.0085636817
                  26           1.0483861           1.0595072        0.0082336415
                  27           1.0252028           1.0582367        0.0080221347
                  28          0.98605657           1.0556588        0.0081588852
                  29          0.98864398            1.053348        0.0082114722
                  30           1.0240686            1.052372        0.0079902193
                  31          0.98823302            1.050303        0.0080051078
                  32           0.9882708           1.0483645        0.0079933192
                  33           1.0105256           1.0472179        0.0078305864
                  34           1.0303196           1.0467208        0.0076100358
                  35           1.0929499           1.0480417        0.0075067985
                  36           1.0796803           1.0489205        0.0073465882
                  37          0.99043525           1.0473398        0.0073200754
                  38           1.0462572           1.0473114         0.007122294
                  39           1.0377395           1.0470659        0.0069393211
                  40           1.0375998           1.0468293        0.0067656362
                  41           1.0765501           1.0475542        0.0066371954
                  42           1.1170206           1.0492081        0.0066881976
                  43           1.0491854           1.0492076        0.0065289549
                  44           1.1063472           1.0505062        0.0065110132
                  45           1.0621076            1.050764        0.0063683748
                  46          0.97807787           1.0491839         0.006428533
                  47          0.95922639           1.0472699        0.0065796487
                  48          0.92364596           1.0446944         0.006945754
                  49           1.0107947           1.0440026        0.0068368775
                  50           1.0993324           1.0451092        0.0067899953
                  51           1.1022904           1.0462304        0.0067498556
                  52           1.0553038           1.0464049        0.0066198506
                  53           1.0337136           1.0461654         0.006497045
                  54           1.0407631           1.0460654         0.006375259
                  55           1.0909647           1.0468817        0.0063112049
                  56           1.0420114           1.0467948        0.0061970771
                  57          0.95232421           1.0451374        0.0063119253
                  58          0.97715672           1.0439653        0.0063128938
                  59           1.0343666           1.0438026        0.0062062203
                  60           1.0094895           1.0432307        0.0061282268
                  61           1.0439972           1.0432433         0.006026103
                  62           1.0147108           1.0427831        0.0059454448
                  63           1.0541282           1.0429632        0.0058523665
                  64           1.0538109           1.0431327        0.0057620048
                  65           1.0058214           1.0425586        0.0057013972
                  66           0.9587396           1.0412887        0.0057577007
                  67           1.0526013           1.0414575        0.0056730141
                  68           1.1368707           1.0428606         0.005764351
                  69           1.0927701            1.043584        0.0057261274
                  70           1.0628132           1.0438587        0.0056499191
                  71          0.96603865           1.0427626        0.0056775485
                  72           1.0376587           1.0426917        0.0055980382
                  73           1.0561428            1.042876        0.0055234047
                  74           1.1425764           1.0442233        0.0056140878
                  75           1.0722367           1.0445968        0.0055509726
                  76           1.1017863           1.0453493        0.0055290943
                  77           1.0234868           1.0450654        0.0054638224
                  78           1.0476335           1.0450983        0.0053929655
                  79          0.98628857           1.0443539        0.0053762801
                  80          0.96012252            1.043301         0.005412936
                  81           1.0219351           1.0430372        0.0053518599
                  82            1.001446             1.04253        0.0053103661
                  83          0.96075189           1.0415447        0.0053384445
                  84          0.97774124           1.0407851        0.0053291926
                  85           1.0896482             1.04136        0.0052974067
                  86           1.0178931           1.0410871        0.0052422745
                  87           1.0650471           1.0413625        0.0051887168
                  88           1.0447496            1.041401        0.0051292225
                  89          0.96762565           1.0405721        0.0051390014
                  90           1.0733204            1.040936        0.0050944175
                  91           1.0759027           1.0413202        0.0050526079
                  92           1.0549418           1.0414683        0.0049993019
                  93          0.98865404           1.0409004        0.0049778164
                  94           0.9698189           1.0401442         0.004982631
                  95           1.0186581            1.039918         0.004934865
                  96           1.0627716           1.0401561        0.0048887796
                  97           1.0229977           1.0399792        0.0048411213
                  98            1.056871           1.0401515        0.0047943443
                  99           1.0832801           1.0405872        0.0047655802
                 100           1.0853224           1.0410345        0.0047388198
