                   1           1.4685327           1.4685327                   0
                   2           1.4685384           1.4685356       4.0201113e-06
                   3           1.4685311           1.4685341        2.719268e-06
                   4           1.4685293           1.4685329       2.2725017e-06
                   5           1.4685526           1.4685368       4.7226632e-06
                   6           1.4685607           1.4685408       5.7659107e-06
                   7            1.468552           1.4685424       5.1069151e-06
                   8           1.4685399           1.4685421       4.3896607e-06
                   9           1.4685211           1.4685398       4.5655655e-06
                  10           1.4685246           1.4685382       4.3616527e-06
                  11           1.4685366           1.4685381       3.9286006e-06
                  12           1.4685352           1.4685379       3.5803465e-06
                  13           1.4685667           1.4685401       4.0127927e-06
                  14           1.4685427           1.4685403       3.7092967e-06
                  15           1.4685267           1.4685394       3.5697344e-06
                  16           1.4685362           1.4685392       3.3378601e-06
                  17           1.4685437           1.4685394        3.141471e-06
                  18           1.4685434           1.4685396       2.9655501e-06
                  19           1.4685276            1.468539       2.8756265e-06
                  20           1.4685251           1.4685383       2.8161446e-06
                  21           1.4685455           1.4685387       2.6980586e-06
                  22           1.4685409           1.4685388       2.5716533e-06
                  23           1.4685203            1.468538       2.5887326e-06
                  24           1.4685079           1.4685367       2.7879357e-06
                  25           1.4685241           1.4685362       2.7208614e-06
                  26           1.4685298            1.468536       2.6239893e-06
                  27           1.4685336           1.4685359        2.524661e-06
                  28           1.4685516           1.4685364       2.4979486e-06
                  29           1.4685357           1.4685364       2.4088809e-06
                  30           1.4685386           1.4685365       2.3269971e-06
                  31           1.4685354           1.4685364       2.2496869e-06
                  32           1.4685388           1.4685365       2.1784528e-06
                  33           1.4685408           1.4685366       2.1145728e-06
                  34           1.4685532           1.4685371       2.1093018e-06
                  35           1.4685614           1.4685378        2.164536e-06
                  36           1.4685633           1.4685385       2.2220788e-06
                  37            1.468557            1.468539       2.2187607e-06
                  38           1.4685285           1.4685388       2.1769219e-06
                  39           1.4685199           1.4685383       2.1756101e-06
                  40            1.468514           1.4685377       2.2068097e-06
                  41           1.4685442           1.4685378       2.1576592e-06
                  42           1.4685414           1.4685379        2.106834e-06
                  43           1.4685568           1.4685384       2.1041408e-06
                  44           1.4685393           1.4685384       2.0553183e-06
                  45           1.4685156           1.4685379       2.0729024e-06
                  46           1.4684999            1.468537       2.1922249e-06
                  47           1.4685027           1.4685363       2.2682496e-06
                  48           1.4685209            1.468536       2.2435181e-06
                  49           1.4685288           1.4685358       2.2017683e-06
                  50           1.4685273           1.4685357       2.1638029e-06
                  51             1.46854           1.4685358        2.122267e-06
                  52           1.4685445           1.4685359       2.0875698e-06
                  53           1.4685538           1.4685363       2.0756195e-06
                  54           1.4685523           1.4685366       2.0584011e-06
                  55           1.4685258           1.4685364       2.0298409e-06
                  56            1.468522           1.4685361       2.0096988e-06
                  57           1.4685251           1.4685359       1.9833839e-06
                  58           1.4685328           1.4685359       1.9493558e-06
                  59           1.4685325           1.4685358       1.9166307e-06
                  60           1.4685044           1.4685353       1.9568439e-06
                  61           1.4684937           1.4685346       2.0432251e-06
                  62            1.468502           1.4685341       2.0782911e-06
                  63           1.4684952           1.4685335       2.1373003e-06
                  64           1.4684745           1.4685325       2.2988735e-06
                  65           1.4684806           1.4685317       2.4017118e-06
                  66           1.4685035           1.4685313       2.4036898e-06
                  67           1.4684928           1.4685307       2.4369151e-06
                  68           1.4684843           1.4685301       2.4971604e-06
                  69           1.4684534           1.4685289       2.7031171e-06
                  70           1.4684229           1.4685274       3.0700475e-06
                  71           1.4684307           1.4685261       3.3226862e-06
                  72           1.4684305           1.4685247       3.5382089e-06
                  73           1.4684045           1.4685231       3.8631808e-06
                  74           1.4683861           1.4685212       4.2415531e-06
                  75           1.4683946           1.4685195       4.5161923e-06
                  76           1.4683974           1.4685179       4.7407902e-06
                  77           1.4684173           1.4685166       4.8600192e-06
                  78            1.468409           1.4685153       4.9940225e-06
                  79           1.4684074           1.4685139       5.1180045e-06
                  80           1.4684238           1.4685128       5.1786287e-06
                  81           1.4684258           1.4685117       5.2266553e-06
                  82           1.4684543            1.468511       5.2098734e-06
                  83           1.4684488           1.4685102       5.2012767e-06
                  84           1.4684454           1.4685095       5.1969248e-06
                  85           1.4684361           1.4685086       5.2079189e-06
                  86           1.4684307           1.4685077        5.226683e-06
                  87            1.468418           1.4685067       5.2689637e-06
                  88            1.468384           1.4685053       5.3936965e-06
                  89           1.4683505           1.4685035       5.6119298e-06
                  90           1.4683401           1.4685017       5.8415594e-06
                  91           1.4683259           1.4684998        6.094546e-06
                  92           1.4683167           1.4684978       6.3510423e-06
                  93           1.4683182           1.4684959       6.5752031e-06
                  94           1.4683134           1.4684939       6.7909744e-06
                  95           1.4682921           1.4684918        7.049951e-06
                  96           1.4682835           1.4684896       7.3088797e-06
                  97           1.4682786           1.4684875       7.5561141e-06
                  98           1.4682783           1.4684853       7.7797142e-06
                  99           1.4682693           1.4684831       8.0066948e-06
                 100           1.4682759           1.4684811       8.1948186e-06
