                   1           1.2104608           1.2104608                   0
                   2           1.2701725           1.2403166         0.042222562
                   3           1.2360781           1.2389038         0.021182077
                   4           1.1796579           1.2240923          0.02217926
                   5           1.1560503           1.2104839         0.022543077
                   6           1.1821378           1.2057596         0.018762335
                   7           1.3621846            1.228106          0.02875852
                   8           1.1429525           1.2174618         0.027149857
                   9           1.2215594           1.2179171         0.023761032
                  10           1.2740645           1.2235319         0.021934477
                  11           1.1569977           1.2174833         0.020735279
                  12           1.2587121            1.220919         0.019188785
                  13           1.1691283           1.2169351         0.018071866
                  14           1.2212176            1.217241         0.016684743
                  15           1.2364426           1.2185211         0.015549534
                  16           1.2534224           1.2207025         0.014686716
                  17           1.1152843           1.2145014          0.01518013
                  18           1.2526724            1.216622         0.014452857
                  19           1.2289478           1.2172707         0.013666183
                  20           1.2141204           1.2171132         0.012947918
                  21           1.1911784           1.2158782         0.012365448
                  22           1.2115439           1.2156812         0.011778344
                  23           1.2636357           1.2177662         0.011443294
                  24           1.1833011           1.2163301         0.011043619
                  25           1.1891564           1.2152432         0.010641452
                  26            1.213162           1.2151631          0.01021612
                  27           1.2881732           1.2178672          0.01020237
                  28           1.1469611           1.2153349         0.010157326
                  29           1.2563601           1.2167495        0.0098998096
                  30           1.1943028           1.2160013         0.009588684
                  31           1.2716253           1.2177956        0.0094468199
                  32           1.2107048            1.217574        0.0091448554
                  33           1.2346146           1.2180904        0.0088745849
                  34           1.1462998           1.2159789        0.0088685304
                  35            1.214119           1.2159258        0.0086078602
                  36           1.2440021           1.2167057        0.0083992469
                  37           1.2491268           1.2175819         0.008214111
                  38           1.2294723           1.2178948        0.0079983965
                  39           1.2554244           1.2188571        0.0078486919
                  40            1.211326           1.2186688        0.0076498201
                  41           1.1034779           1.2158593        0.0079825534
                  42           1.2110084           1.2157438        0.0077887342
                  43           1.1825397           1.2149716        0.0076433281
                  44           1.3202131           1.2173635        0.0078478548
                  45           1.2618789           1.2183527        0.0077344659
                  46           1.1810803           1.2175424         0.007606831
                  47            1.144858            1.215996        0.0076038799
                  48           1.2615932           1.2169459        0.0075037572
                  49           1.1921718           1.2164403        0.0073651655
                  50           1.2459848           1.2170312        0.0072395044
                  51            1.232594           1.2173364        0.0071014049
                  52           1.2308155           1.2175956        0.0069670801
                  53           1.1647074           1.2165977        0.0069069646
                  54           1.1709722           1.2157528        0.0068300997
                  55           1.2489814           1.2163569         0.006731288
                  56           1.2616736           1.2171661        0.0066591534
                  57           1.0931917           1.2149912        0.0068985357
                  58           1.2544186           1.2156709        0.0068121097
                  59           1.3086243           1.2172464         0.006880654
                  60           1.2004105           1.2169658         0.006769949
                  61           1.1625934           1.2160745        0.0067175105
                  62           1.1475327            1.214969        0.0067007284
                  63           1.1764913           1.2143582        0.0066213369
                  64           1.3639732           1.2166959        0.0069291474
                  65           1.1869861           1.2162389        0.0068364157
                  66           1.1789657           1.2156741        0.0067552525
                  67           1.2371348           1.2159944        0.0066607232
                  68           1.1896695           1.2156073        0.0065728904
                  69           1.2103959           1.2155318        0.0064766772
                  70           1.2667189            1.216263        0.0064251662
                  71            1.261981           1.2169069        0.0063664925
                  72           1.2155986           1.2168888        0.0062768503
                  73           1.1024071           1.2153205        0.0063879245
                  74           1.2704848            1.216066        0.0063449668
                  75           1.2245607           1.2161792        0.0062602625
                  76           1.2032454           1.2160091        0.0061791676
                  77           1.1906691             1.21568        0.0061068532
                  78           1.2472243           1.2160844         0.006041271
                  79           1.2385673            1.216369        0.0059706923
                  80           1.2400226           1.2166646        0.0059026177
                  81           1.1607054           1.2159738        0.0058701417
                  82           1.1507382           1.2151782        0.0058526669
                  83           1.2201737           1.2152384          0.00578161
                  84           1.2673087           1.2158583        0.0057458927
                  85           1.2399817           1.2161421        0.0056846625
                  86           1.2466714           1.2164971        0.0056291207
                  87           1.1683018           1.2159431        0.0055914959
                  88           1.1977201            1.215736        0.0055311482
                  89            1.294823           1.2166247        0.0055408353
                  90           1.1381626           1.2157529        0.0055482791
                  91           1.1757033           1.2153128          0.00550445
                  92           1.3209979           1.2164615        0.0055651459
                  93           1.2454035           1.2167727        0.0055135405
                  94           1.1179312           1.2157212        0.0055557585
                  95           1.2284941           1.2158557        0.0054983163
                  96           1.2995797           1.2167278        0.0055106252
                  97            1.207829            1.216636        0.0054540025
                  98           1.1833702           1.2162966        0.0054085483
                  99           1.1993988           1.2161259        0.0053561071
                 100           1.2048527           1.2160132        0.0053032155
