                   1          -5.0866719          -5.0866719                   0
                   2          -5.1037379          -5.0952049        0.0085330167
                   3          -5.0913046          -5.0939048        0.0050951969
                   4          -5.0519359          -5.0834126         0.011093573
                   5          -5.0732185          -5.0813738        0.0088316004
                   6          -5.0936009          -5.0834116        0.0074933961
                   7          -5.2532915          -5.1076802         0.025081279
                   8          -5.1762095          -5.1162464         0.023349135
                   9          -5.1330991          -5.1181189         0.020676965
                  10          -5.0400805          -5.1103151           0.0200731
                  11          -5.0135008          -5.1015138         0.020177521
                  12          -5.1073923          -5.1020036         0.018425985
                  13          -5.0756577           -5.099977          0.01707017
                  14          -5.0786215          -5.0984516         0.015877351
                  15          -5.0699214          -5.0965496         0.014902883
                  16          -5.0868678          -5.0959445         0.013953497
                  17          -5.1514499          -5.0992095         0.013507575
                  18          -5.1302058          -5.1009315         0.012850961
                  19          -5.1851642          -5.1053648         0.012938987
                  20          -5.2894056          -5.1145669         0.015341225
                  21          -5.1447933          -5.1160062          0.01466323
                  22          -5.0665521          -5.1137583         0.014160404
                  23          -5.0666164          -5.1117087         0.013685095
                  24          -5.0883599          -5.1107358          0.01313855
                  25          -5.0870659           -5.109789         0.012637571
                  26           -5.087763          -5.1089419         0.012171303
                  27          -5.0532937          -5.1068808         0.011891809
                  28          -4.9962963          -5.1029314         0.012120733
                  29          -5.0019311          -5.0994486         0.012202867
                  30           -5.054389          -5.0979466         0.011884384
                  31          -5.0010078          -5.0948196         0.011912385
                  32          -5.0007918          -5.0918812         0.011902515
                  33           -5.036526          -5.0902038         0.011657512
                  34          -5.0669447          -5.0895197         0.011330119
                  35          -5.1594156          -5.0915167         0.011181422
                  36          -5.1382011          -5.0928135         0.010943494
                  37          -5.0027802          -5.0903801         0.010918226
                  38          -5.0885635          -5.0903323         0.010627128
                  39           -5.076855          -5.0899868         0.010356819
                  40           -5.078536          -5.0897005         0.010098636
                  41           -5.135737          -5.0908233        0.0099130457
                  42          -5.1960441          -5.0933286        0.0099932641
                  43          -5.0965894          -5.0934044        0.0097583902
                  44           -5.181437          -5.0954052         0.009741698
                  45          -5.1157808           -5.095858        0.0095335141
                  46            -4.98773          -5.0935074        0.0096156955
                  47          -4.9600998          -5.0906689        0.0098277114
                  48             -4.9071          -5.0868445         0.010353031
                  49           -5.036458          -5.0858162         0.010191552
                  50          -5.1671917          -5.0874438         0.010117401
                  51          -5.1719542          -5.0891008         0.010054526
                  52          -5.1009979          -5.0893296        0.0098619279
                  53          -5.0686822            -5.08894        0.0096819053
                  54           -5.080529          -5.0887843        0.0095021959
                  55          -5.1547395          -5.0899835        0.0094045967
                  56          -5.0812647          -5.0898278        0.0092364429
                  57          -4.9482516           -5.087344        0.0094067903
                  58          -4.9837382          -5.0855577         0.009414207
                  59          -5.0678734          -5.0852579        0.0092581217
                  60          -5.0342897          -5.0844085        0.0091420635
                  61           -5.084213          -5.0844053        0.0089909451
                  62           -5.039769          -5.0836853        0.0088739934
                  63          -5.1012823          -5.0839646        0.0087364666
                  64          -5.1000074          -5.0842153        0.0086025287
                  65          -5.0281789          -5.0833532        0.0085129128
                  66          -4.9570328          -5.0814393        0.0085986523
                  67          -5.0970049          -5.0816716        0.0084725277
                  68          -5.2239903          -5.0837645        0.0086053915
                  69          -5.1595259          -5.0848625        0.0085505492
                  70          -5.1146246          -5.0852877        0.0084382316
                  71          -4.9669647          -5.0836212        0.0084838261
                  72          -5.0733557          -5.0834786        0.0083663802
                  73          -5.1000143          -5.0837051        0.0082540851
                  74          -5.2295012          -5.0856753        0.0083767733
                  75          -5.1252167          -5.0862025         0.008281128
                  76          -5.1706526          -5.0873137         0.008246645
                  77          -5.0544001          -5.0868863        0.0081500581
                  78          -5.0894782          -5.0869195        0.0080449603
                  79           -4.998143          -5.0857957        0.0080215767
                  80          -4.9585697          -5.0842054        0.0080787491
                  81          -5.0501204          -5.0837846        0.0079894775
                  82          -5.0203459           -5.083011         0.007929275
                  83          -4.9581149          -5.0815062        0.0079763852
                  84          -4.9831531          -5.0803353        0.0079673604
                  85          -5.1524172          -5.0811834        0.0079186081
                  86          -5.0495392          -5.0808154        0.0078346349
                  87          -5.1168842            -5.08123        0.0077551476
                  88          -5.0862452           -5.081287        0.0076667263
                  89          -4.9700502          -5.0800371        0.0076824443
                  90          -5.1294285          -5.0805859        0.0076164014
                  91          -5.1340651          -5.0811736        0.0075551311
                  92          -5.1012411          -5.0813917        0.0074757418
                  93          -5.0010788          -5.0805281        0.0074451743
                  94          -4.9726088          -5.0793801        0.0074544839
                  95          -5.0446968           -5.079015        0.0073846285
                  96          -5.1103286          -5.0793412        0.0073145769
                  97          -5.0513135          -5.0790522        0.0072445406
                  98          -5.1020354          -5.0792867          0.00717407
                  99          -5.1420385          -5.0799206        0.0071294677
                 100          -5.1453246          -5.0805746        0.0070880528
