                   1          -6.6425234          -6.6425234                   0
                   2          -6.7020843          -6.6723039         0.042115905
                   3          -6.6642931          -6.6696336          0.02131039
                   4          -6.6102499          -6.6547877         0.022264454
                   5          -6.5870848          -6.6412471         0.022539267
                   6           -6.614944          -6.6368633         0.018659948
                   7           -6.795575          -6.6595364         0.029009462
                   8          -6.5728453             -6.6487          0.02743143
                   9          -6.6486527          -6.6486947         0.024002502
                  10          -6.7007736          -6.6539026          0.02203047
                  11          -6.5845723          -6.6475999         0.020900332
                  12          -6.6879679          -6.6509639         0.019322441
                  13          -6.6007854           -6.647104         0.018162148
                  14           -6.650951          -6.6473788         0.016767485
                  15          -6.6650058          -6.6485539         0.015617249
                  16          -6.6818508           -6.650635         0.014733709
                  17          -6.5453762          -6.6444433         0.015216045
                  18           -6.684282          -6.6466565         0.014500939
                  19          -6.6605779          -6.6473892         0.013716004
                  20          -6.6455723          -6.6472984         0.012994444
                  21          -6.6227315          -6.6461285         0.012402787
                  22             -6.6416          -6.6459227         0.011814057
                  23           -6.699237          -6.6482407         0.011523427
                  24          -6.6112907          -6.6467011         0.011134041
                  25          -6.6171593          -6.6455195         0.010738065
                  26          -6.6448472          -6.6454936         0.010308577
                  27          -6.7202818          -6.6482635         0.010306174
                  28          -6.5768389          -6.6457127         0.010258799
                  29          -6.6890225          -6.6472061          0.01000849
                  30          -6.6267438           -6.646524        0.0096882398
                  31          -6.7063165          -6.6484528         0.009568336
                  32          -6.6454972          -6.6483604        0.0092601555
                  33          -6.6673009          -6.6489344        0.0089896903
                  34          -6.5781913          -6.6468537        0.0089694655
                  35          -6.6435166          -6.6467584        0.0087061952
                  36          -6.6751043          -6.6475458        0.0084950631
                  37           -6.680705           -6.648442        0.0083089125
                  38          -6.6601995          -6.6487514         0.008090426
                  39          -6.6857992          -6.6497013        0.0079360861
                  40          -6.6398914          -6.6494561        0.0077365846
                  41          -6.5334141          -6.6466258        0.0080690909
                  42          -6.6415403          -6.6465047        0.0078732377
                  43          -6.6116531          -6.6456942         0.007729409
                  44          -6.7524771          -6.6481211        0.0079387682
                  45           -6.692763          -6.6491131        0.0078229395
                  46          -6.6129069           -6.648326        0.0076903806
                  47          -6.5799763          -6.6468718        0.0076654633
                  48          -6.6931992          -6.6478369        0.0075655054
                  49          -6.6220856          -6.6473114        0.0074268963
                  50          -6.6779694          -6.6479245         0.007301645
                  51          -6.6635092          -6.6482301        0.0071622644
                  52          -6.6650347          -6.6485533        0.0070294061
                  53          -6.5962614          -6.6475667        0.0069658109
                  54           -6.599874          -6.6466835        0.0068922792
                  55          -6.6780987          -6.6472546        0.0067891611
                  56          -6.6929156            -6.64807        0.0067163064
                  57          -6.5236947           -6.645888        0.0069540188
                  58          -6.6863908          -6.6465863        0.0068682377
                  59          -6.7398505          -6.6481671        0.0069355545
                  60          -6.6312879          -6.6478857        0.0068239024
                  61          -6.5937585          -6.6469984        0.0067695546
                  62          -6.5783981           -6.645892         0.006751369
                  63          -6.6072426          -6.6452785        0.0066712006
                  64          -6.7963345          -6.6476387        0.0069830138
                  65          -6.6155102          -6.6471444        0.0068919297
                  66           -6.609038          -6.6465671        0.0068107946
                  67          -6.6674855          -6.6468793        0.0067149731
                  68           -6.618859          -6.6464672        0.0066277629
                  69          -6.6421178          -6.6464042        0.0065306045
                  70          -6.7014467          -6.6471905         0.006484506
                  71          -6.6959692          -6.6478775        0.0064292106
                  72          -6.6452426          -6.6478409        0.0063387655
                  73          -6.5339311          -6.6462805         0.006445175
                  74          -6.7015716          -6.6470277        0.0064012426
                  75          -6.6569363          -6.6471598        0.0063161399
                  76          -6.6347551          -6.6469966        0.0062340902
                  77          -6.6172805          -6.6466107        0.0061643144
                  78          -6.6764251          -6.6469929         0.006096409
                  79          -6.6682894          -6.6472625        0.0060243617
                  80          -6.6676339          -6.6475171        0.0059536211
                  81          -6.5943519          -6.6468608         0.005916181
                  82           -6.582293          -6.6460734        0.0058966074
                  83          -6.6485628          -6.6461034        0.0058247757
                  84           -6.700335           -6.646749        0.0057911341
                  85          -6.6746955          -6.6470777         0.005731742
                  86          -6.6777385          -6.6474343        0.0056756503
                  87          -6.5967603          -6.6468518        0.0056401618
                  88          -6.6273164          -6.6466298        0.0055798009
                  89          -6.7245184           -6.647505        0.0055861615
                  90          -6.5640103          -6.6465772        0.0056016276
                  91          -6.6047257          -6.6461173        0.0055586578
                  92          -6.7516108           -6.647264        0.0056171711
                  93          -6.6796036          -6.6476117        0.0055671042
                  94          -6.5459963          -6.6465307        0.0056134556
                  95          -6.6584078          -6.6466558          0.00555516
                  96           -6.733514          -6.6475605        0.0055714247
                  97          -6.6402931          -6.6474856        0.0055139034
                  98          -6.6130518          -6.6471342        0.0054684754
                  99          -6.6326159          -6.6469876        0.0054146812
                 100          -6.6353365          -6.6468711        0.0053612664
