                   1          0.80697385          0.80697385                   0
                   2          0.84678166          0.82687776         0.028148375
                   3          0.82405207          0.82593586         0.014121385
                   4          0.78643862          0.81606155         0.014786173
                   5          0.77070023          0.80698929         0.015028718
                   6          0.78809188          0.80383972         0.012508223
                   7           0.9081231          0.81873734         0.019172347
                   8          0.76196833          0.81164122         0.018099905
                   9          0.81437293          0.81194474         0.015840688
                  10          0.84937635           0.8156879         0.014622985
                  11          0.77133182          0.81165553         0.013823519
                  12          0.83914143          0.81394602         0.012792523
                  13          0.77941885          0.81129009         0.012047911
                  14          0.81414506          0.81149401         0.011123162
                  15          0.82429506          0.81234742         0.010366356
                  16          0.83561496          0.81380164        0.0097911442
                  17          0.74352285          0.80966759         0.010120087
                  18          0.83511491          0.81108133        0.0096352377
                  19          0.81929857          0.81151382        0.0091107884
                  20          0.80941357           0.8114088        0.0086319456
                  21          0.79411894          0.81058548        0.0082436323
                  22          0.80769592          0.81045413        0.0078522293
                  23          0.84242377          0.81184412        0.0076288626
                  24          0.78886743          0.81088676         0.007362413
                  25          0.79277092          0.81016212        0.0070943012
                  26          0.80877469          0.81010876        0.0068107466
                  27           0.8587821          0.81191148        0.0068015801
                  28          0.76464071          0.81022323        0.0067715504
                  29           0.8375734          0.81116634        0.0065998731
                  30          0.79620184          0.81066753         0.006392456
                  31          0.84775018          0.81186374        0.0062978799
                  32          0.80713656          0.81171602        0.0060965703
                  33          0.82307639          0.81206027        0.0059163899
                  34          0.76419989          0.81065261        0.0059123536
                  35          0.80941266          0.81061719        0.0057385734
                  36          0.82933475          0.81113712        0.0055994979
                  37          0.83275117          0.81172128         0.005476074
                  38          0.81964822          0.81192989        0.0053322643
                  39          0.83694962          0.81257142        0.0052324612
                  40          0.80755069           0.8124459          0.00509988
                  41          0.73565194          0.81057288        0.0053217022
                  42          0.80733897          0.81049588        0.0051924895
                  43          0.78835979          0.80998108         0.005095552
                  44          0.88014205          0.81157565        0.0052319032
                  45          0.84125257          0.81223514        0.0051563106
                  46          0.78738686          0.81169496        0.0050712207
                  47          0.76323864          0.81066397        0.0050692533
                  48          0.84106213          0.81129727        0.0050025048
                  49          0.79478119          0.81096021        0.0049101104
                  50          0.83065655          0.81135413        0.0048263363
                  51          0.82172931          0.81155757          0.00473427
                  52           0.8205437          0.81173038        0.0046447201
                  53          0.77647159          0.81106512        0.0046046431
                  54          0.78064816          0.81050184        0.0045533998
                  55          0.83265425          0.81090461        0.0044875253
                  56          0.84111572           0.8114441        0.0044394356
                  57          0.72879447           0.8099941        0.0045990238
                  58          0.83627907          0.81044729        0.0045414064
                  59          0.87241618          0.81149761        0.0045871027
                  60          0.80027367          0.81131055        0.0045132993
                  61          0.77506228          0.81071631        0.0044783404
                  62           0.7650218           0.8099793        0.0044671523
                  63          0.78432754          0.80957213        0.0044142246
                  64          0.90931547          0.81113062        0.0046194316
                  65          0.79132403          0.81082591        0.0045576104
                  66          0.78597711          0.81044941        0.0045035017
                  67          0.82475654          0.81066295        0.0044404821
                  68            0.793113          0.81040486         0.004381927
                  69           0.8069306          0.81035451        0.0043177848
                  70          0.84447925          0.81084201        0.0042834441
                  71          0.84132063          0.81127128        0.0042443284
                  72          0.81039907          0.81125917        0.0041845669
                  73          0.73493804          0.81021367        0.0042586163
                  74          0.84698985          0.81071065        0.0042299779
                  75          0.81637377          0.81078616        0.0041735083
                  76          0.80216361           0.8106727         0.004119445
                  77          0.79377939          0.81045331        0.0040712354
                  78           0.8314829          0.81072292         0.004027514
                  79          0.82571156          0.81091265        0.0039804615
                  80           0.8266817          0.81110976        0.0039350784
                  81           0.7738036          0.81064919        0.0039134278
                  82          0.76715879          0.81011882        0.0039017779
                  83          0.81344916          0.81015895        0.0038544067
                  84          0.84487247           0.8105722        0.0038305951
                  85          0.82665445           0.8107614         0.003789775
                  86          0.83111426          0.81099807        0.0037527471
                  87          0.77886787          0.81062875         0.003727664
                  88          0.79848008           0.8104907        0.0036874322
                  89          0.86321531          0.81108311        0.0036938902
                  90          0.75877507          0.81050191        0.0036988527
                  91          0.78380219          0.81020851        0.0036696334
                  92          0.88066525          0.81097434        0.0037100972
                  93          0.83026903          0.81118181        0.0036756937
                  94          0.74528745          0.81048081         0.003703839
                  95          0.81899608          0.81057044        0.0036655442
                  96           0.8663865          0.81115186        0.0036737501
                  97          0.80521935           0.8110907        0.0036360016
                  98          0.78891344           0.8108644        0.0036056989
                  99           0.7995992          0.81075061        0.0035707381
                 100          0.80323511          0.81067546         0.003535477
