                   1           1.2020448           1.2020448                   0
                   2           1.2022667           1.2021557       0.00015690891
                   3           1.1921254           1.1988123        0.0040956003
                   4           1.1742666           1.1926759         0.007593584
                   5           1.1653778           1.1872163        0.0083483181
                   6           1.1785518           1.1857722        0.0068634428
                   7           1.1748826           1.1842165        0.0059612501
                   8           1.1747316           1.1830309        0.0052644978
                   9           1.1766506            1.182322        0.0046674027
                  10           1.1746468           1.1815545        0.0042269493
                  11           1.1588927           1.1794943        0.0043750469
                  12           1.1577761           1.1776845        0.0044036788
                  13           1.1659884           1.1767848        0.0041438999
                  14           1.1765055           1.1767648        0.0038251944
                  15           1.1787021            1.176894        0.0035544811
                  16           1.1753555           1.1767978        0.0033190016
                  17           1.1814167           1.1770695        0.0031241424
                  18           1.2036606           1.1785468         0.003310061
                  19           1.1884775           1.1790695        0.0031719539
                  20           1.1927014           1.1797511         0.003085305
                  21           1.2144731           1.1814045        0.0033854857
                  22           1.2090621           1.1826616        0.0034715485
                  23           1.2346257            1.184921        0.0040394838
                  24           1.2244457           1.1865678        0.0042141959
                  25           1.2200806           1.1879083        0.0042640553
                  26             1.21578           1.1889803        0.0042369575
                  27           1.1968565            1.189272        0.0040848286
                  28           1.2311269           1.1907668        0.0042178146
                  29           1.2425584           1.1925528        0.0044548112
                  30           1.2363516           1.1940127        0.0045503062
                  31           1.2365094           1.1953836        0.0046140914
                  32           1.2238931           1.1962745        0.0045560732
                  33           1.2256652           1.1971651        0.0045054098
                  34            1.231802           1.1981839        0.0044895872
                  35            1.235008            1.199236         0.004486387
                  36           1.2070972           1.1994543        0.0043638278
                  37           1.2439697           1.2006575        0.0044144581
                  38           1.2114673           1.2009419        0.0043048124
                  39            1.169152           1.2001268        0.0042720979
                  40           1.1928984           1.1999461        0.0041665781
                  41           1.2063292           1.2001018        0.0040654703
                  42           1.1826788           1.1996869        0.0039884732
                  43           1.1755836           1.1991264        0.0039346037
                  44           1.1683652           1.1984273        0.0039076286
                  45           1.1763293           1.1979362        0.0038509745
                  46           1.1954809           1.1978828         0.003765784
                  47           1.1923058           1.1977642        0.0036858712
                  48            1.184524           1.1974883        0.0036182025
                  49            1.206435           1.1976709        0.0035476229
                  50           1.2100632           1.1979188        0.0034842291
                  51           1.1948926           1.1978594        0.0034150703
                  52           1.2061577            1.198019        0.0033519836
                  53           1.2210554           1.1984537        0.0033166784
                  54           1.2010774           1.1985023        0.0032544691
                  55           1.1949806           1.1984382        0.0031948547
                  56           1.1924933           1.1983321         0.003138595
                  57           1.1888217           1.1981652        0.0030871414
                  58           1.1899416           1.1980234        0.0030363515
                  59           1.1979616           1.1980224        0.0029840008
                  60           1.1791626           1.1977081        0.0029505011
                  61           1.1743492           1.1973251        0.0029269052
                  62           1.2063405           1.1974705        0.0028826531
                  63           1.2150059           1.1977489        0.0028500033
                  64           1.2132665           1.1979913        0.0028153914
                  65           1.1963169           1.1979656        0.0027715225
                  66           1.2087909           1.1981296        0.0027338843
                  67           1.2262793           1.1985497        0.0027255361
                  68           1.2222842           1.1988988        0.0027077848
                  69           1.2337526           1.1994039        0.0027160525
                  70           1.2379895           1.1999551        0.0027336635
                  71            1.235571           1.2004568        0.0027415615
                  72            1.227641           1.2008343        0.0027295579
                  73           1.2363952           1.2013215        0.0027359756
                  74            1.228562           1.2016896        0.0027238298
                  75           1.2211034           1.2019484        0.0026996283
                  76           1.2399172            1.202448        0.0027106936
                  77           1.2195049           1.2026695         0.002684303
                  78           1.2291381           1.2030089        0.0026713649
                  79           1.2200955           1.2032252        0.0026460846
                  80           1.2085641           1.2032919        0.0026134528
                  81           1.2086652           1.2033582        0.0025816478
                  82           1.2122553           1.2034667        0.0025521116
                  83           1.2120906           1.2035706        0.0025231546
                  84           1.2067661           1.2036087        0.0024930489
                  85           1.2025385           1.2035961        0.0024634023
                  86           1.2200373           1.2037873        0.0024420042
                  87           1.2379067           1.2041794        0.0024456286
                  88           1.2465328           1.2046607        0.0024655006
                  89           1.2304505           1.2049505        0.0024548419
                  90           1.2426061           1.2053689        0.0024634548
                  91           1.2707902           1.2060878         0.002541079
                  92           1.2749613           1.2068364        0.0026234607
                  93           1.2685965           1.2075005        0.0026794669
                  94           1.2592069           1.2080506        0.0027077302
                  95           1.2739057           1.2087438        0.0027680845
                  96           1.2740389            1.209424         0.002822997
                  97           1.2687488           1.2100356        0.0028604364
                  98           1.2524895           1.2104688        0.0028642386
                  99           1.2595413           1.2109644        0.0028784543
                 100           1.2334712           1.2111895        0.0028583435
