                   1          -5.4320627          -5.4320627                   0
                   2          -5.4319118          -5.4319872       7.5418014e-05
                   3           -5.428215          -5.4307298        0.0012581585
                   4           -5.430592          -5.4306954       0.00089032002
                   5          -5.4310345          -5.4307632       0.00069296572
                   6          -5.4328062          -5.4311037       0.00066036065
                   7          -5.4333903          -5.4314304       0.00064667706
                   8          -5.4298928          -5.4312382       0.00059209923
                   9          -5.4270933          -5.4307776       0.00069625215
                  10           -5.426709          -5.4303708       0.00074387387
                  11          -5.4275746          -5.4301166       0.00071927516
                  12          -5.4292557          -5.4300448       0.00066051257
                  13          -5.4316571          -5.4301689       0.00062011205
                  14          -5.4297334          -5.4301377       0.00057495413
                  15          -5.4285632          -5.4300328        0.0005454489
                  16          -5.4284284          -5.4299325       0.00051998134
                  17          -5.4300919          -5.4299419       0.00048852741
                  18          -5.4316096          -5.4300345       0.00046981444
                  19            -5.43163          -5.4301185       0.00045226429
                  20           -5.431452          -5.4301852       0.00043420516
                  21          -5.4315531          -5.4302503       0.00041811703
                  22          -5.4300561          -5.4302415       0.00039875667
                  23          -5.4356014          -5.4304745       0.00044663962
                  24          -5.4279896           -5.430371       0.00043998133
                  25          -5.4280029          -5.4302763       0.00043251498
                  26          -5.4316851          -5.4303305       0.00041906503
                  27          -5.4321087          -5.4303963       0.00040858851
                  28          -5.4298779          -5.4303778        0.0003941609
                  29          -5.4326624          -5.4304566       0.00038839999
                  30          -5.4324411          -5.4305227       0.00038101622
                  31          -5.4346912          -5.4306572       0.00039228679
                  32          -5.4347923          -5.4307864        0.0004012099
                  33          -5.4326863           -5.430844       0.00039310064
                  34          -5.4318914          -5.4308748        0.0003826059
                  35          -5.4293976          -5.4308326       0.00037390326
                  36          -5.4311022          -5.4308401        0.0003634458
                  37          -5.4315782            -5.43086       0.00035404896
                  38          -5.4307272          -5.4308565       0.00034462369
                  39          -5.4303748          -5.4308442       0.00033589814
                  40          -5.4285654          -5.4307872       0.00033231272
                  41          -5.4299362          -5.4307665       0.00032477019
                  42          -5.4305319          -5.4307609       0.00031699246
                  43          -5.4291134          -5.4307226       0.00031189493
                  44          -5.4322641          -5.4307576       0.00030673135
                  45          -5.4308842          -5.4307604       0.00029985082
                  46          -5.4318267          -5.4307836       0.00029417452
                  47          -5.4351184          -5.4308758       0.00030226234
                  48           -5.431606           -5.430891       0.00029628894
                  49          -5.4299138          -5.4308711       0.00029086372
                  50          -5.4319845          -5.4308933       0.00028585582
                  51          -5.4309152          -5.4308938       0.00028019507
                  52          -5.4342192          -5.4309577       0.00028209811
                  53           -5.431554           -5.430969       0.00027695289
                  54          -5.4289017          -5.4309307       0.00027445877
                  55          -5.4291173          -5.4308977       0.00027143233
                  56          -5.4312421          -5.4309039       0.00026661218
                  57           -5.430503          -5.4308968       0.00026198744
                  58          -5.4319722          -5.4309154       0.00025809759
                  59          -5.4312262          -5.4309206       0.00025374004
                  60          -5.4308774          -5.4309199       0.00024947624
                  61          -5.4311651          -5.4309239        0.0002453853
                  62          -5.4308653           -5.430923       0.00024139688
                  63          -5.4307513          -5.4309203       0.00023754992
                  64          -5.4323613          -5.4309428       0.00023489037
                  65          -5.4285241          -5.4309056       0.00023422307
                  66          -5.4300724           -5.430893       0.00023099217
                  67          -5.4303507          -5.4308849        0.0002276623
                  68          -5.4291896          -5.4308599        0.0002256707
                  69          -5.4317219          -5.4308724       0.00022272668
                  70          -5.4347278          -5.4309275       0.00022632562
                  71          -5.4339882          -5.4309706       0.00022724159
                  72           -5.429644          -5.4309522       0.00022481949
                  73          -5.4315241            -5.43096       0.00022185675
                  74          -5.4310868          -5.4309617       0.00021884486
                  75          -5.4323757          -5.4309806       0.00021672875
                  76          -5.4315097          -5.4309875       0.00021397135
                  77          -5.4266114          -5.4309307       0.00021868838
                  78          -5.4292007          -5.4309085       0.00021700289
                  79           -5.429722          -5.4308935       0.00021476419
                  80          -5.4276114          -5.4308525       0.00021599486
                  81          -5.4336465           -5.430887       0.00021608251
                  82          -5.4315548          -5.4308951       0.00021358641
                  83           -5.428389          -5.4308649       0.00021314682
                  84          -5.4330263          -5.4308907       0.00021216008
                  85          -5.4347138          -5.4309356       0.00021441967
                  86          -5.4310671          -5.4309372       0.00021191727
                  87          -5.4284585          -5.4309087        0.0002113959
                  88          -5.4295963          -5.4308938        0.0002095113
                  89          -5.4296955          -5.4308803       0.00020758097
                  90          -5.4258477          -5.4308244       0.00021274198
                  91          -5.4290224          -5.4308046       0.00021132097
                  92          -5.4306129          -5.4308025       0.00020902176
                  93          -5.4342001           -5.430839       0.00020996479
                  94          -5.4280651          -5.4308095       0.00020980476
                  95          -5.4299137          -5.4308001       0.00020779861
                  96          -5.4339343          -5.4308327        0.0002081983
                  97          -5.4324641          -5.4308496       0.00020672601
                  98          -5.4296816          -5.4308376       0.00020495247
                  99          -5.4332171          -5.4308617       0.00020429046
                 100          -5.4304838          -5.4308579       0.00020227253
