                   1          -3.5189166          -3.5189166                   0
                   2          -3.5172919          -3.5181043        0.0011488722
                   3          -3.5192546          -3.5184877       0.00074196939
                   4          -3.5203373          -3.5189501       0.00072784895
                   5          -3.5183896           -3.518838       0.00056009215
                   6          -3.5200479          -3.5190396       0.00049956216
                   7          -3.5233205          -3.5196512       0.00078079034
                   8          -3.5238223          -3.5201726       0.00087096583
                   9           -3.522413          -3.5204215       0.00080653688
                  10          -3.5224689          -3.5206263       0.00074869893
                  11          -3.5218671          -3.5207391       0.00068413732
                  12          -3.5219156          -3.5208371       0.00063031719
                  13          -3.5203351          -3.5207985         0.000579187
                  14          -3.5185751          -3.5206397       0.00055946057
                  15          -3.5185881          -3.5205029       0.00053844337
                  16          -3.5184673          -3.5203757       0.00051944057
                  17          -3.5194335          -3.5203203       0.00049031532
                  18          -3.5204067          -3.5203251       0.00046149967
                  19          -3.5192705          -3.5202696       0.00043957514
                  20          -3.5182727          -3.5201697       0.00042885278
                  21          -3.5194534          -3.5201356       0.00040890693
                  22          -3.5196238          -3.5201123       0.00039016238
                  23          -3.5184306          -3.5200392       0.00037985737
                  24          -3.5185827          -3.5199785       0.00036859266
                  25          -3.5170376          -3.5198609         0.000373081
                  26          -3.5151838           -3.519681       0.00040240733
                  27          -3.5154895          -3.5195258       0.00041802116
                  28          -3.5172115          -3.5194431       0.00041124467
                  29          -3.5189651          -3.5194266       0.00039691194
                  30          -3.5182861          -3.5193886       0.00038517125
                  31          -3.5186582          -3.5193651       0.00037310171
                  32          -3.5183856          -3.5193344       0.00036240296
                  33          -3.5207377           -3.519377       0.00035372364
                  34          -3.5214653          -3.5194384       0.00034862472
                  35          -3.5199907          -3.5194542       0.00033874963
                  36          -3.5186806          -3.5194327       0.00032979191
                  37          -3.5171273          -3.5193704       0.00032679405
                  38          -3.5191778          -3.5193653       0.00031800327
                  39          -3.5202458          -3.5193879        0.0003104783
                  40          -3.5221364          -3.5194566        0.0003104177
                  41          -3.5209119          -3.5194921       0.00030478316
                  42          -3.5205132          -3.5195164        0.0002983658
                  43          -3.5228113           -3.519593       0.00030140439
                  44          -3.5219163          -3.5196458       0.00029920092
                  45          -3.5226193          -3.5197119       0.00029993961
                  46          -3.5206132          -3.5197315       0.00029394258
                  47          -3.5212602           -3.519764       0.00028942598
                  48          -3.5216311          -3.5198029       0.00028598245
                  49          -3.5202659          -3.5198124       0.00028018718
                  50           -3.518193            -3.51978       0.00027641196
                  51          -3.5185185          -3.5197552       0.00027203312
                  52          -3.5180423          -3.5197223       0.00026876549
                  53          -3.5181118          -3.5196919       0.00026537602
                  54          -3.5193844          -3.5196862       0.00026043237
                  55          -3.5182925          -3.5196609       0.00025688575
                  56          -3.5182477          -3.5196356       0.00025349733
                  57          -3.5197653          -3.5196379       0.00024898117
                  58          -3.5180032          -3.5196097       0.00024625988
                  59          -3.5163235           -3.519554        0.0002484486
                  60          -3.5200555          -3.5195624       0.00024438297
                  61          -3.5182172          -3.5195403       0.00024133645
                  62          -3.5177028          -3.5195107       0.00023925333
                  63          -3.5200901          -3.5195199       0.00023557686
                  64          -3.5192911          -3.5195163       0.00023186554
                  65          -3.5194467          -3.5195153        0.0002282452
                  66          -3.5189234          -3.5195063       0.00022491532
                  67          -3.5181029          -3.5194853       0.00022251055
                  68          -3.5186843          -3.5194736       0.00021951058
                  69          -3.5203708          -3.5194866       0.00021667879
                  70          -3.5204048          -3.5194997       0.00021394685
                  71          -3.5179067          -3.5194772       0.00021209752
                  72          -3.5168677           -3.519441       0.00021227144
                  73          -3.5158002          -3.5193911       0.00021526313
                  74          -3.5156366          -3.5193404       0.00021837333
                  75          -3.5168617          -3.5193073       0.00021797665
                  76          -3.5179731          -3.5192898       0.00021579514
                  77          -3.5191698          -3.5192882        0.0002129615
                  78           -3.518028          -3.5192721        0.0002108238
                  79          -3.5187101           -3.519265       0.00020824403
                  80          -3.5183859           -3.519254       0.00020590515
                  81          -3.5172178          -3.5192288        0.0002048986
                  82          -3.5181769           -3.519216       0.00020278022
                  83           -3.516987          -3.5191891       0.00020212128
                  84          -3.5165412          -3.5191576       0.00020218852
                  85           -3.517945          -3.5191434        0.0002002963
                  86          -3.5226995          -3.5191847       0.00020226253
                  87          -3.5193136          -3.5191862       0.00019991619
                  88          -3.5191208          -3.5191854       0.00019761972
                  89          -3.5186117           -3.519179       0.00019548156
                  90          -3.5194479           -3.519182       0.00019330849
                  91          -3.5202111          -3.5191933       0.00019149854
                  92          -3.5188283          -3.5191893       0.00018943616
                  93          -3.5180977          -3.5191776       0.00018774833
                  94          -3.5178804          -3.5191638       0.00018624699
                  95          -3.5167096           -3.519138       0.00018608683
                  96          -3.5161713          -3.5191071       0.00018673018
                  97           -3.516817          -3.5190834       0.00018630273
                  98          -3.5167288          -3.5190594       0.00018595695
                  99          -3.5171183          -3.5190398       0.00018511147
                 100          -3.5173411          -3.5190228       0.00018403532
