                   1           1.8030671           1.8030671                   0
                   2              1.8034           1.8032336       0.00023536336
                   3           1.7881881           1.7982184        0.0061434005
                   4           1.7613999           1.7890138         0.011390376
                   5           1.7480667           1.7808244         0.012522477
                   6           1.7678277           1.7786583         0.010295164
                   7           1.7623239           1.7763248        0.0089418752
                   8           1.7620974           1.7745464        0.0078967467
                   9           1.7649759            1.773483         0.007001104
                  10           1.7619702           1.7723317         0.006340424
                  11           1.7383391           1.7692415        0.0065625703
                  12           1.7366641           1.7665267        0.0066055182
                  13           1.7489825           1.7651771        0.0062158499
                  14           1.7647582           1.7651472        0.0057377916
                  15           1.7680531           1.7653409        0.0053317216
                  16           1.7630333           1.7651967        0.0049785025
                  17           1.7721251           1.7656043        0.0046862136
                  18           1.8054908           1.7678202        0.0049650915
                  19           1.7827163           1.7686042        0.0047579309
                  20           1.7890521           1.7696266        0.0046279575
                  21           1.8217096           1.7721067        0.0050782285
                  22           1.8135931           1.7739925        0.0052073228
                  23           1.8519385           1.7773814        0.0060592257
                  24           1.8366685           1.7798517        0.0063212939
                  25           1.8301209           1.7818625        0.0063960829
                  26             1.82367           1.7834705        0.0063554362
                  27           1.7952848            1.783908        0.0061272429
                  28           1.8466903           1.7861503         0.006326722
                  29           1.8638376           1.7888291        0.0066822168
                  30           1.8545274           1.7910191        0.0068254593
                  31           1.8547641           1.7930754        0.0069211371
                  32           1.8358397           1.7944118        0.0068341098
                  33           1.8384978           1.7957477        0.0067581146
                  34            1.847703           1.7972758        0.0067343809
                  35           1.8525119            1.798854        0.0067295804
                  36           1.8106458           1.7991815        0.0065457417
                  37           1.8659545           1.8009862        0.0066216872
                  38           1.8172009           1.8014129        0.0064572186
                  39           1.7537281           1.8001902        0.0064081469
                  40           1.7893477           1.7999191        0.0062498672
                  41           1.8094938           1.8001527        0.0060982055
                  42           1.7740182           1.7995304        0.0059827098
                  43           1.7633754           1.7986896        0.0059019055
                  44           1.7525478           1.7976409         0.005861443
                  45           1.7644939           1.7969043        0.0057764617
                  46           1.7932214           1.7968243         0.005648676
                  47           1.7884587           1.7966463        0.0055288068
                  48            1.776786           1.7962325        0.0054273037
                  49           1.8096525           1.7965064        0.0053214343
                  50           1.8150948           1.7968782        0.0052263436
                  51           1.7923389           1.7967892        0.0051226055
                  52           1.8092366           1.7970285        0.0050279754
                  53           1.8315831           1.7976805        0.0049750176
                  54           1.8016162           1.7977534        0.0048817037
                  55           1.7924709           1.7976573        0.0047922821
                  56             1.78874           1.7974981        0.0047078925
                  57           1.7832325           1.7972478        0.0046307121
                  58           1.7849124           1.7970351        0.0045545272
                  59           1.7969424           1.7970336        0.0044760011
                  60           1.7687439           1.7965621        0.0044257517
                  61           1.7615238           1.7959877        0.0043903577
                  62           1.8095108           1.7962058        0.0043239797
                  63           1.8225089           1.7966233        0.0042750049
                  64           1.8198998            1.796987        0.0042230872
                  65           1.7944754           1.7969484        0.0041572838
                  66           1.8131864           1.7971944        0.0041008264
                  67            1.839419           1.7978246        0.0040883042
                  68           1.8334262           1.7983482        0.0040616772
                  69           1.8506289           1.7991059        0.0040740787
                  70           1.8569843           1.7999327        0.0041004953
                  71           1.8533566           1.8006851        0.0041123423
                  72           1.8414615           1.8012515        0.0040943369
                  73           1.8545928           1.8019822        0.0041039634
                  74            1.842843           1.8025344        0.0040857447
                  75           1.8316551           1.8029226        0.0040494425
                  76           1.8598758            1.803672        0.0040660404
                  77           1.8292573           1.8040043        0.0040264546
                  78           1.8437071           1.8045133        0.0040070473
                  79           1.8301433           1.8048377        0.0039691269
                  80           1.8128461           1.8049378        0.0039201793
                  81           1.8129979           1.8050373        0.0038724717
                  82            1.818383           1.8052001        0.0038281673
                  83           1.8181358            1.805356        0.0037847318
                  84           1.8101492            1.805413        0.0037395733
                  85           1.8038077           1.8053941        0.0036951034
                  86           1.8300559           1.8056809        0.0036630063
                  87           1.8568601           1.8062692        0.0036684428
                  88           1.8697992           1.8069911        0.0036982509
                  89           1.8456758           1.8074258        0.0036822628
                  90           1.8639091           1.8080533        0.0036951822
                  91           1.9061853           1.8091317        0.0038116185
                  92           1.9124419           1.8102547        0.0039351911
                  93           1.9028947           1.8112508        0.0040192004
                  94           1.8888104           1.8120759        0.0040615953
                  95           1.9108586           1.8131157        0.0041521267
                  96           1.9110583           1.8141359        0.0042344955
                  97           1.9031232           1.8150533        0.0042906545
                  98           1.8787342           1.8157031        0.0042963579
                  99           1.8893119           1.8164467        0.0043176814
                 100           1.8502068           1.8167843        0.0042875153
