                   1           1.5677552           1.5677552                   0
                   2            1.586446           1.5771006         0.009345392
                   3             1.57205           1.5754171        0.0056521151
                   4           1.5315986           1.5644625         0.011660924
                   5            1.554829           1.5625358        0.0092357167
                   6           1.5735531            1.564372        0.0077612714
                   7            1.729971            1.588029         0.024549551
                   8           1.6523872           1.5960738         0.022731667
                   9           1.6106862           1.5976974         0.020113085
                  10           1.5176117           1.5896888         0.019691778
                  11           1.4916336           1.5807747         0.019917944
                  12           1.5854767           1.5811665         0.018186734
                  13           1.5553226           1.5791785         0.016847067
                  14           1.5600464            1.577812         0.015657106
                  15           1.5513332           1.5760467         0.014682475
                  16           1.5684005           1.5755688         0.013742509
                  17           1.6320165           1.5788893         0.013329048
                  18           1.6097992           1.5806065         0.012683531
                  19           1.6658937           1.5850953          0.01280966
                  20           1.7711329           1.5943972         0.015303712
                  21           1.6253399           1.5958706         0.014631118
                  22           1.5469283            1.593646         0.014126493
                  23           1.5481858           1.5916694         0.013642274
                  24           1.5697772           1.5907573         0.013093296
                  25           1.5700282           1.5899281          0.01258599
                  26           1.5725792           1.5892608         0.012110625
                  27           1.5378042            1.587355         0.011808263
                  28           1.4790849           1.5834882         0.012017799
                  29            1.482966            1.580022          0.01210298
                  30            1.536103            1.578558         0.011783881
                  31           1.4823495           1.5754545         0.011812402
                  32           1.4824062           1.5725467         0.011801148
                  33           1.5157883           1.5708268         0.011566543
                  34           1.5454793           1.5700813         0.011245932
                  35           1.6394249           1.5720625         0.011098172
                  36           1.6195205           1.5733808          0.01086575
                  37           1.4856529           1.5710098         0.010830717
                  38           1.5693857            1.570967         0.010541932
                  39           1.5566093           1.5705989         0.010274667
                  40           1.5563997           1.5702439         0.010020796
                  41           1.6148251           1.5713313        0.0098336316
                  42           1.6755309           1.5738122        0.0099121449
                  43           1.5737782           1.5738114        0.0096788853
                  44           1.6595207           1.5757593        0.0096548987
                  45           1.5931615           1.5761461        0.0094458264
                  46           1.4671168           1.5737759        0.0095374106
                  47           1.4388396           1.5709049        0.0097639142
                  48           1.3854689           1.5670416         0.010309532
                  49            1.516192           1.5660039         0.010150131
                  50           1.6489986           1.5676638         0.010082629
                  51           1.6534356           1.5693456         0.010025029
                  52           1.5829557           1.5696073        0.0098338337
                  53           1.5505703           1.5692481        0.0096531903
                  54           1.5611446           1.5690981        0.0094739295
                  55           1.6364471           1.5703226        0.0093803506
                  56            1.563017           1.5701921        0.0092122452
                  57           1.4284863           1.5677061        0.0093844688
                  58           1.4657351           1.5659479        0.0093873535
                  59           1.5515499           1.5657039        0.0092301006
                  60           1.5142342           1.5648461        0.0091154156
                  61           1.5659958           1.5648649         0.008964757
                  62           1.5220662           1.5641746        0.0088459541
                  63           1.5811923           1.5644447           0.0087086
                  64           1.5807163            1.564699        0.0085752179
                  65           1.5087322            1.563838        0.0084860554
                  66           1.4381094            1.561933        0.0085708729
                  67            1.578902           1.5621863        0.0084457785
                  68            1.705306            1.564291        0.0085827137
                  69           1.6391551           1.5653759        0.0085267234
                  70           1.5942199            1.565788         0.008414126
                  71            1.449058           1.5641439         0.008456136
                  72            1.556488           1.5640376        0.0083385405
                  73           1.5842142            1.564314        0.0082281641
                  74           1.7138647           1.5663349        0.0083640386
                  75           1.6083551           1.5668952        0.0082707629
                  76           1.6526795           1.5680239        0.0082388973
                  77           1.5352302            1.567598        0.0081423406
                  78           1.5714502           1.5676474        0.0080374255
                  79           1.4794329           1.5665308        0.0080132169
                  80           1.4401838           1.5649515        0.0080684981
                  81           1.5329026           1.5645558        0.0079780818
                  82            1.502169            1.563795        0.0079168298
                  83           1.4411278           1.5623171        0.0079592816
                  84           1.4666119           1.5611777        0.0079460644
                  85           1.6344722             1.56204          0.00789923
                  86           1.5268397           1.5616307        0.0078175606
                  87           1.5975706           1.5620438        0.0077382157
                  88           1.5671244           1.5621015        0.0076499939
                  89           1.4514385           1.5608581        0.0076650735
                  90           1.6099806           1.5614039        0.0075990542
                  91            1.613854           1.5619803        0.0075371545
                  92           1.5824128           1.5622024        0.0074580863
                  93           1.4829811           1.5613506        0.0074264724
                  94           1.4547284           1.5602163        0.0074340852
                  95           1.5279872            1.559877        0.0073632349
                  96           1.5941573           1.5602341        0.0072948759
                  97           1.5344965           1.5599688        0.0072241537
                  98           1.5853065           1.5602273        0.0071547309
                  99           1.6249202           1.5608808        0.0071121758
                 100           1.6279835           1.5615518        0.0070725993
