                   1           151.84773           151.84773                   0
                   2           5.0191283            78.43343           73.414302
                   3           5.0446425           53.970501           48.938616
                   4           4.9734074           41.721228           36.708838
                   5           4.9707924           34.371141           29.369151
                   6           5.0802626           29.489328           24.471687
                   7           5.0222996           25.994038           20.975621
                   8           4.9723595           23.366328           18.354491
                   9           4.9855238           21.324016           16.315469
                  10            5.024283           19.694043           14.683748
                  11           5.0471019           18.362503           13.348527
                  12            5.009553           17.249757           12.236183
                  13           5.0015633           16.307588           11.295016
                  14           5.0400154           15.502762           10.488078
                  15           4.9890309           14.801846           9.7889953
                  16           4.9928092           14.188782           9.1772667
                  17           5.0355877           13.650358           8.6373391
                  18           5.0350168           13.171728           8.1574151
                  19           5.0431201           12.743907           7.7279934
                  20           4.9919271           12.356308           7.3416569
                  21           4.9285498           12.002605           6.9922604
                  22           5.0052771           11.684545           6.6744414
                  23           4.9512202           11.391791           6.3843652
                  24           5.0120816            11.12597           6.1183415
                  25           4.9986805           10.880879           5.8736228
                  26           4.9924393             10.6544            5.647737
                  27           4.9461637           10.442984           5.4386482
                  28           4.9738935           10.247659           5.2444512
                  29           5.0142447           10.067197           5.0635945
                  30           4.9863448           9.8978351           4.8948278
                  31           4.9475184           9.7381474           4.7369902
                  32           4.9569222           9.5887341            4.589004
                  33           4.9884845           9.4493326            4.449954
                  34           5.0569471           9.3201448            4.319022
                  35           4.9374627           9.1949253           4.1956752
                  36           4.9455258           9.0768865           4.0791716
                  37           4.9919112           8.9664817           3.9689281
                  38           4.9971634            8.862026           3.8644829
                  39           5.0499559           8.7642806           3.7653585
                  40           5.0034101           8.6702588           3.6712216
                  41           4.9814483           8.5802878           3.5816904
                  42           5.0041426           8.4951415           3.4964088
                  43           5.0270861           8.4144891           3.4150814
                  44            5.025173           8.3374592           3.3374523
                  45           4.9960233            8.263205           3.2632887
                  46           4.9507833           8.1911959           3.1923716
                  47           4.9701971            8.122664           3.1244621
                  48           5.0452499           8.0585512           3.0593484
                  49           5.0105858           7.9963478           2.9969079
                  50           5.0368938           7.9371587           2.9369546
                  51           4.9487658           7.8785628           2.8793876
                  52           5.0200389           7.8235912           2.8240069
                  53           4.9791621           7.7699227           2.7707312
                  54           4.9812501           7.7182806           2.7194276
                  55           4.9502403           7.6679526                2.67
                  56            5.051443           7.6212292           2.6223042
                  57           5.0005894           7.5752531           2.5762984
                  58           4.9986642           7.5308291           2.5318795
                  59           4.9847318            7.487675           2.4889705
                  60           4.9736908           7.4457752           2.4474947
                  61           5.0001899           7.4056837           2.4073714
                  62           5.0138688            7.367106           2.3685387
                  63           4.9593858           7.3288882           2.3309529
                  64           4.9535893           7.2917742           2.2945429
                  65           4.9736541           7.2561108           2.2592479
                  66           4.9749455           7.2215477            2.225022
                  67           5.0333672           7.1888883           2.1918045
                  68           4.9961882           7.1566427           2.1595723
                  69           5.0339826           7.1258795           2.1282663
                  70           4.9992327           7.0954988           2.0978622
                  71           4.9676713           7.0655294           2.0683209
                  72           4.9275473           7.0358352           2.0396081
                  73           4.9799844           7.0076729           2.0116714
                  74           5.0203266           6.9808168           1.9844821
                  75            5.037468           6.9549055            1.958015
                  76             4.98506           6.9289865           1.9322538
                  77           5.0023343            6.903965           1.9071586
                  78           4.9856328            6.879371           1.8827097
                  79           4.9733494           6.8552442           1.8588818
                  80           5.0230658            6.832342           1.8356415
                  81            5.006265           6.8097978           1.8129778
                  82           4.9945141           6.7876602           1.7908687
                  83           5.0071485           6.7662082           1.7692904
                  84           5.0161833           6.7453746           1.7482247
                  85           4.9569296           6.7243341           1.7276631
                  86           4.9710016           6.7039465           1.7075775
                  87           5.0337233           6.6847485           1.6879452
                  88           4.9905263            6.665496           1.6687648
                  89           4.9336487            6.646037           1.6500229
                  90           5.0045054           6.6277978           1.6316882
                  91           5.0264038           6.6102001           1.6137539
                  92           4.9980866           6.5926771           1.5962129
                  93           5.0391647           6.5759727           1.5790444
                  94           5.0291526           6.5595171           1.5622424
                  95           5.0021589           6.5431239           1.5457972
                  96           5.0280072           6.5273414           1.5296918
                  97           5.0043636           6.5116406           1.5139211
                  98           5.0572032           6.4967994           1.4984668
                  99           4.9989258           6.4816694           1.4833307
                 100           4.9845499           6.4666982           1.4684988
