                   1           5.0226398           5.0226398                   0
                   2           5.0036273           5.0131336        0.0095062578
                   3           5.0426404           5.0229692         0.011263309
                   4           4.9718395           5.0101868         0.015060591
                   5           5.0127461           5.0106986         0.011677108
                   6           5.0138942           5.0112312        0.0095491829
                   7           5.0369599           5.0149068         0.008868088
                   8           4.9623798           5.0083409         0.010104104
                   9           4.9418075           5.0009483         0.011578259
                  10            5.041101           5.0049636         0.011107083
                  11           5.0173286           5.0060877         0.010109424
                  12           4.9920393            5.004917        0.0093025574
                  13           5.0330212           5.0070788        0.0088259697
                  14           5.0215974           5.0081159        0.0082368041
                  15           4.9964641           5.0073391        0.0077072915
                  16           5.0072908           5.0073361        0.0072095117
                  17           5.0566834           5.0102388        0.0073680567
                  18           4.9858154            5.008882        0.0070779444
                  19           5.0416473           5.0106065        0.0069135928
                  20           4.9755655           5.0088544        0.0067887897
                  21           4.9899221           5.0079529        0.0065200565
                  22           5.0129079           5.0081781        0.0062207085
                  23           4.9572717           5.0059648        0.0063427935
                  24           4.9797121           5.0048709        0.0061704925
                  25           4.9914344           5.0043335        0.0059428819
                  26           5.0109708           5.0045888        0.0057154403
                  27           4.9609518           5.0029726        0.0057322404
                  28           4.9792167           5.0021241        0.0055885029
                  29           5.0303343           5.0030969        0.0054793928
                  30           4.9542173           5.0014676        0.0055386683
                  31           4.9595385            5.000115        0.0055251326
                  32           4.9434472           4.9983442        0.0056351692
                  33           5.0247624           4.9991447        0.0055200965
                  34           5.0300267            5.000053        0.0054317603
                  35           4.9546659           4.9987562         0.005431363
                  36           4.9743297           4.9980777        0.0053217681
                  37           4.9944596           4.9979799        0.0051768622
                  38           4.9694078            4.997228        0.0050945787
                  39            5.034396           4.9981811        0.0050529178
                  40           4.9961055           4.9981292        0.0049252484
                  41           5.0439874           4.9992477        0.0049321169
                  42           4.9772231           4.9987233        0.0048417347
                  43           4.9931675           4.9985941        0.0047295608
                  44           5.0108294           4.9988721        0.0046291803
                  45           5.0669112           5.0003841         0.004771056
                  46           4.9503326            4.999296        0.0047913662
                  47           4.9821388            4.998931        0.0047025044
                  48           5.0800937           5.0006219        0.0049042081
                  49           5.0177146           5.0009707        0.0048157301
                  50           4.9657676           5.0002667        0.0047706719
                  51           4.9745143           4.9997617        0.0047033776
                  52           5.0290116           5.0003242        0.0046462165
                  53           4.9907503           5.0001436        0.0045612873
                  54           4.9823011           4.9998132         0.004488201
                  55           4.9637706           4.9991578        0.0044543108
                  56           5.0195531            4.999522        0.0043891827
                  57           4.9876479           4.9993137        0.0043165216
                  58           5.0027105           4.9993723        0.0042418502
                  59           5.0187007           4.9996999        0.0041821852
                  60           4.9717427           4.9992339        0.0041382077
                  61            5.009162           4.9993967        0.0040730559
                  62           5.0610229           5.0003907        0.0041282695
                  63           4.9629423           4.9997962        0.0041054729
                  64           4.9647459           4.9992486        0.0040777598
                  65           4.9936359           4.9991622        0.0040154634
                  66           4.9193105           4.9979524        0.0041351104
                  67           4.9718628            4.997563        0.0040914967
                  68           4.9851895            4.997381        0.0040349835
                  69           5.0502447           4.9981471        0.0040492157
                  70            4.989124           4.9980182        0.0039930317
                  71           4.9274505           4.9970243        0.0040599296
                  72           4.9941248            4.996984        0.0040033471
                  73           4.9861082           4.9968351        0.0039509358
                  74           4.9921558           4.9967718        0.0038976921
                  75           5.0484433           4.9974608        0.0039066021
                  76            4.969024           4.9970866        0.0038729733
                  77           5.0073133           4.9972194        0.0038246507
                  78           5.0098195            4.997381        0.0037787528
                  79           4.9678332           4.9970069        0.0037493162
                  80           5.0026809           4.9970779        0.0037028324
                  81           4.9929627           4.9970271        0.0036571856
                  82           4.9952735           4.9970057        0.0036123738
                  83           5.0383099           4.9975033        0.0036031169
                  84           5.0142508           4.9977027        0.0035655429
                  85           4.9460435           4.9970949        0.0035753784
                  86           4.9975797           4.9971006        0.0035335642
                  87           5.0504719            4.997714        0.0035461779
                  88           4.9925014           4.9976548        0.0035061492
                  89           4.9449478           4.9970626        0.0035167528
                  90           4.9859029           4.9969386        0.0034796682
                  91           4.9884904           4.9968458        0.0034424697
                  92           4.9903449           4.9967751        0.0034055791
                  93           5.0258304           4.9970875        0.0033832172
                  94           4.9764171           4.9968676        0.0033542478
                  95           4.9857567           4.9967507        0.0033208123
                  96           5.0199113           4.9969919        0.0032948829
                  97           5.0246398            4.997277        0.0032731719
                  98           4.9897365              4.9972        0.0032405137
                  99            4.971601           4.9969414        0.0032180196
                 100           5.0146759           4.9971188        0.0031906094
