                   1           3755.1621           3755.1621                   0
                   2           1.4879595            1878.325            1876.837
                   3           1.5014926           1252.7172           1251.2224
                   4           1.5074794           939.91475           938.41577
                   5           1.5043668           752.23267           750.73235
                   6           1.5219257           627.11421           625.60957
                   7           1.4729042           537.73688           536.23753
                   8           1.4858704           470.70551           469.20808
                   9            1.505831           418.57221           417.07373
                  10           1.5076552           376.86575           375.36626
                  11            1.514553           342.74292           341.24191
                  12           1.4923528           314.30537           312.80515
                  13           1.5161166           290.24466           288.74312
                  14            1.508303           269.62063           268.11857
                  15           1.4997173           251.74591           250.24401
                  16           1.4940271           236.10516           234.60379
                  17           1.5157204           222.30578           220.80352
                  18           1.5039173           210.03901           208.53665
                  19           1.4940561           199.06296           197.56106
                  20           1.4757285            189.1836           187.68308
                  21            1.495175           180.24606            178.7458
                  22           1.5015244           172.12131           170.62099
                  23           1.5123511           164.70353           163.20266
                  24           1.4901767           157.90297           156.40257
                  25           1.4858238           151.64628           150.14649
                  26             1.50291           145.87154           144.37162
                  27           1.4878524           140.52399           139.02454
                  28           1.5218629           135.55963           134.05935
                  29            1.500085           130.93689           129.43661
                  30           1.5034178           126.62244           125.12206
                  31           1.5013752           122.58628           121.08586
                  32           1.4958871            118.8022           117.30193
                  33           1.5177844           115.24813           113.74731
                  34           1.4923072           111.90237           110.40181
                  35           1.4957443           108.74789           107.24748
                  36           1.4906089           105.76853           104.26839
                  37           1.5033866           102.95055           101.45032
                  38           1.5022171           100.28086           98.780573
                  39           1.4862828           97.747662           96.247747
                  40           1.4889017           95.341193           93.841561
                  41           1.4866495           93.052057            91.55275
                  42           1.5076365           90.872428           89.372918
                  43           1.4958765           88.793904            87.29448
                  44           1.4960838           86.809863           85.310516
                  45           1.5013496           84.914118           83.414726
                  46           1.5038825           83.100852            81.60136
                  47           1.5204968             81.3651           79.865151
                  48           1.5094284            79.70144            78.20129
                  49           1.4955585           78.105401           76.605347
                  50           1.5038048           76.573369           75.073238
                  51            1.481399           75.100978           73.601222
                  52           1.4954852           73.685488           72.185815
                  53           1.5108444           72.323702           70.823814
                  54           1.5099004           71.012335           69.512259
                  55           1.5013229           69.748499           68.248399
                  56           1.4928001           68.529647            67.02968
                  57           1.5017913            67.35372            65.85372
                  58           1.5002147           66.218314           64.718311
                  59           1.5039106            65.12146            63.62139
                  60           1.5049062           64.061184           62.561032
                  61           1.4818063           63.035293           61.535446
                  62           1.5146693           62.043025           60.542935
                  63           1.5012758           61.082044           59.581936
                  64           1.4979246           60.151043           58.650968
                  65           1.5292566           59.249169           57.748639
                  66           1.4989312           58.374165            56.87366
                  67           1.4936095           57.525202           56.024801
                  68           1.4998961             56.7013           55.200907
                  69           1.4989948           55.901267           54.400894
                  70           1.4982989           55.124082           53.623739
                  71             1.51897            54.36908           52.868471
                  72           1.4954477           53.634724           52.134188
                  73           1.5164354           52.920775           51.420018
                  74           1.4900153           52.225765           50.725155
                  75           1.4969822           51.549381            50.04882
                  76            1.507627           50.890937           49.390282
                  77           1.5027077           50.249531           48.748849
                  78           1.5145232           49.624723           48.123861
                  79           1.4929941           49.015461             47.5147
                  80           1.5059027           48.421591           46.920765
                  81           1.4932273           47.842229           46.341498
                  82           1.4965378           47.277038           45.776358
                  83           1.4989075           46.725494           45.224836
                  84           1.4934949           46.187018           44.686446
                  85           1.5205398            45.66153           44.160721
                  86           1.4977719           45.147998           43.647224
                  87           1.5076895           44.646385           43.145531
                  88           1.4872217            44.15594           42.655243
                  89            1.498496           43.676643           42.175971
                  90           1.4683634           43.207662           41.707353
                  91           1.5065414           42.749408           41.249029
                  92           1.4978191           42.301021           40.800671
                  93           1.4943671            41.86224           40.361955
                  94           1.4922566           41.432772           39.932573
                  95           1.4849953           41.012269           39.512232
                  96           1.4998042           40.600681           39.100646
                  97            1.488574           40.197463           38.697548
                  98           1.4851579            39.80244           38.302676
                  99            1.511915           39.415667           37.915779
                 100            1.497295           39.036483           37.536622
