                   1           1.4999593           1.4999593                   0
                   2            1.498557           1.4992582       0.00070115782
                   3           1.5034686           1.5006617        0.0014606907
                   4           1.5043096           1.5015737        0.0013778771
                   5           1.4742767           1.4961143        0.0055627301
                   6           1.5024383           1.4971683        0.0046626409
                   7           1.5024183           1.4979183        0.0040113875
                   8           1.4876264           1.4966318        0.0037045198
                   9           1.4824247           1.4950532        0.0036284541
                  10           1.5338483           1.4989327        0.0050579728
                  11           1.4732618            1.496599        0.0051359389
                  12           1.5070448           1.4974695        0.0047685735
                  13            1.503949           1.4979679         0.004414676
                  14           1.4736649            1.496232        0.0044405663
                  15           1.5007338           1.4965321        0.0041448221
                  16           1.5067409           1.4971701        0.0039292766
                  17            1.531414           1.4991845        0.0042048085
                  18           1.5072902           1.4996348        0.0039898256
                  19           1.4989308           1.4995977         0.003774179
                  20           1.5170367           1.5004697        0.0036851423
                  21           1.5097893           1.5009135        0.0035332514
                  22           1.4923122           1.5005225        0.0033914341
                  23           1.5014254           1.5005618        0.0032408652
                  24           1.5059968           1.5007882        0.0031111452
                  25           1.4989717           1.5007156        0.0029849901
                  26            1.511557           1.5011325        0.0028980408
                  27           1.5064422           1.5013292        0.0027955664
                  28           1.4994779           1.5012631        0.0026946865
                  29           1.4812412           1.5005727        0.0026902079
                  30           1.4993356           1.5005314        0.0025993149
                  31           1.5032177           1.5006181        0.0025155611
                  32           1.4917043           1.5003395        0.0024515583
                  33           1.4923013            1.500096        0.0023885603
                  34           1.5053216           1.5002497        0.0023223355
                  35           1.4943423           1.5000809        0.0022613146
                  36           1.5276674           1.5008472        0.0023273722
                  37           1.4710328           1.5000414         0.002402743
                  38           1.4996114           1.5000301        0.0023386857
                  39           1.5345008           1.5009139        0.0024433962
                  40           1.4973005           1.5008236        0.0023832407
                  41           1.5094317           1.5010335        0.0023338492
                  42           1.5028471           1.5010767        0.0022780129
                  43           1.5227507           1.5015808         0.002280798
                  44           1.5097327            1.501766        0.0022360475
                  45           1.5047725           1.5018328        0.0021868136
                  46           1.5008961           1.5018125        0.0021388429
                  47           1.5144502           1.5020814        0.0021100435
                  48           1.4751146           1.5015196         0.002140654
                  49           1.5231276           1.5019605        0.0021423879
                  50              1.5002           1.5019253        0.0020993982
                  51           1.4993918           1.5018757        0.0020584214
                  52           1.5038184            1.501913         0.002018794
                  53           1.5018368           1.5019116        0.0019803377
                  54           1.4851855           1.5016018        0.0019678486
                  55           1.4857975           1.5013145        0.0019529934
                  56           1.4963594            1.501226        0.0019198415
                  57           1.4737813           1.5007445        0.0019463542
                  58           1.4977372           1.5006927        0.0019132047
                  59            1.498538           1.5006561        0.0018808525
                  60              1.4892           1.5004652        0.0018590703
                  61           1.5000363           1.5004582        0.0018283532
                  62           1.5096213            1.500606        0.0018046838
                  63           1.4994706           1.5005879        0.0017758984
                  64           1.5024313           1.5006167         0.001748167
                  65           1.4833252           1.5003507        0.0017415004
                  66           1.4775699           1.5000056        0.0017493022
                  67           1.5027808            1.500047        0.0017234932
                  68           1.5201046           1.5003419        0.0017233884
                  69           1.5040383           1.5003955        0.0016990728
                  70           1.5219355           1.5007032        0.0017026611
                  71           1.5083754           1.5008113        0.0016819833
                  72           1.5050114           1.5008696        0.0016594835
                  73           1.4994031           1.5008495        0.0016367163
                  74           1.4903411           1.5007075        0.0016206803
                  75           1.5106527           1.5008401        0.0016044143
                  76           1.5022012            1.500858        0.0015832642
                  77           1.4652291           1.5003953         0.001629638
                  78           1.4970835           1.5003529        0.0016091697
                  79           1.5000033           1.5003484        0.0015886761
                  80           1.4948376           1.5002796        0.0015702037
                  81           1.5001695           1.5002782        0.0015506979
                  82           1.5133951           1.5004382        0.0015400005
                  83           1.5251447           1.5007358        0.0015501812
                  84           1.4797045           1.5004855        0.0015519447
                  85           1.5397908           1.5009479         0.001601777
                  86           1.5072108           1.5010207        0.0015847163
                  87           1.5126406           1.5011543        0.0015720792
                  88            1.483713           1.5009561        0.0015666989
                  89            1.528799           1.5012689        0.0015802714
                  90            1.522554           1.5015054        0.0015804099
                  91           1.5072038            1.501568        0.0015642002
                  92           1.5078408           1.5016362        0.0015486063
                  93           1.4860341           1.5014684        0.0015410233
                  94           1.4940112           1.5013891        0.0015266039
                  95           1.4794738           1.5011584        0.0015279636
                  96           1.4941186           1.5010851        0.0015137408
                  97           1.4792841           1.5008603        0.0015148199
                  98           1.4994362           1.5008458        0.0014993533
                  99           1.5060553           1.5008984        0.0014850637
                 100            1.476961           1.5006591        0.0014894985
