                   1           328.80952           328.80952                   0
                   2           4.9395657           166.87454           161.93498
                   3           5.0280853           112.92572            107.9419
                   4           4.9769842           85.938538           80.956995
                   5           4.9667166           69.744174           64.766338
                   6           4.9791628           58.950005           53.971904
                   7           5.0266184           51.246664           46.260477
                   8           4.9970612           45.465464           40.477723
                   9           4.9708499           40.966062           35.980433
                  10           4.9654791           37.366004           32.382614
                  11           5.0698939           34.429994           29.437954
                  12           4.9917135           31.976804           26.984794
                  13           5.0008108           29.901728           24.908984
                  14           4.9864596           28.122066           23.129806
                  15           4.9713231           26.578683           21.587918
                  16           5.0341771           25.232151           20.238493
                  17           4.9554362           24.039403           19.048134
                  18           5.0135013           22.982409           17.989832
                  19            5.003197           22.036134           17.042967
                  20           4.9949395           21.184075           16.190814
                  21           4.9464959           20.410857           15.419935
                  22            4.999335           19.710333            14.71901
                  23           4.9435876             19.0683           14.079148
                  24           5.0408696           18.483824           13.492423
                  25           5.0109858           17.944911           12.952694
                  26           5.0092124           17.447384           12.454487
                  27           4.9891429           16.985967           11.993215
                  28            4.948619           16.556062           11.564944
                  29           5.0322328           16.158689           11.166103
                  30           4.9235074           15.784183           10.793979
                  31           5.0113626           15.436672           10.445763
                  32           5.0177066            15.11108           10.119306
                  33            4.977665           14.804007           9.8126739
                  34           4.9893574            14.51534           9.5240676
                  35            5.008725           14.243723           9.2519367
                  36           4.9853824           13.986547           8.9949436
                  37           4.9855808           13.743277           8.7518415
                  38            5.001052           13.513219           8.5215231
                  39           5.0114063           13.295224           8.3030092
                  40           5.0145112           13.088206           8.0954197
                  41           5.0274515           12.891602           7.8979493
                  42           5.0063129           12.703857           7.7098956
                  43           4.9728545           12.524066           7.5306074
                  44           5.0082439           12.353252           7.3594494
                  45           5.0302072           12.190518           7.1958877
                  46           5.0264091           12.034776           7.0394401
                  47            5.057361           11.886321           6.8896362
                  48           4.9937708           11.742726           6.7461034
                  49           5.0461895           11.606062           6.6084068
                  50           4.9977987           11.473897           6.4762386
                  51           5.0207513           11.347364           6.3492445
                  52            4.995353            11.22521           6.2271447
                  53           5.0090048           11.107923           6.1096474
                  54           5.0223254           10.995227           5.9964974
                  55           5.0328116            10.88682           5.8874588
                  56            4.978393           10.781312           5.7823324
                  57            5.007966           10.680025           5.6808852
                  58           4.9528644           10.581281           5.5829529
                  59           4.9494474           10.485826           5.4883409
                  60           5.0002438             10.3944           5.3968678
                  61           4.9953788           10.305891           5.3083952
                  62           4.9695902           10.219822           5.2227833
                  63           5.0701631           10.138081           5.1398634
                  64           5.0237741            10.05817           5.0595467
                  65           5.0086594           9.9804855           4.9817051
                  66           4.9313891            9.903984           4.9062405
                  67           4.9686226           9.8303219           4.8330197
                  68           5.0326959           9.7597686           4.7619381
                  69           5.0256886           9.6911587           4.6929186
                  70           5.0158561           9.6243687           4.6258732
                  71           4.9712198           9.5588314           4.5607256
                  72           4.9964819           9.4954654           4.4973825
                  73           4.9824346           9.4336431           4.4357775
                  74           4.9869093           9.3735521           4.3758366
                  75           5.0412087           9.3157875           4.3174843
                  76           4.9726163           9.2586405           4.2606798
                  77           5.0235031           9.2036387            4.205342
                  78           5.0037566           9.1497941           4.1514264
                  79           5.0319757           9.0976698           4.0988713
                  80           5.0307213           9.0468329           4.0476304
                  81           4.9583174           8.9963574            3.997666
                  82           4.9850719           8.9474393            3.948916
                  83           4.9733143           8.8995583           3.9013424
                  84           5.0260261           8.8534448           3.8548939
                  85           4.9961446           8.8080648           3.8095425
                  86           4.9830448           8.7635878           3.7652476
                  87           4.9919116           8.7202352           3.7219698
                  88           4.9672557           8.6775877           3.6796788
                  89           4.9743689           8.6359785           3.6383371
                  90           5.0028177           8.5956101           3.5979105
                  91           5.0066932           8.5561714           3.5583719
                  92           4.9917909           8.5174282           3.5196946
                  93           4.9801035           8.4793924           3.4818505
                  94           5.0715164           8.4431384           3.4448012
                  95           5.0105669           8.4070061           3.4085388
                  96           4.9857732           8.3713683           3.3730345
                  97           5.0421005           8.3370459           3.3382563
                  98           5.0278257           8.3032784           3.3041894
                  99           4.9869741           8.2697803            3.270815
                 100           5.0461761           8.2375443           3.2381022
