                   1           5.0023099           5.0023099                   0
                   2            4.992214            4.997262        0.0050479186
                   3           5.0194224           5.0046488        0.0079409686
                   4           4.9409179           4.9887161         0.016893223
                   5           5.0043322           4.9918393         0.013452997
                   6           4.9424799           4.9836127         0.013723399
                   7           5.0250531           4.9895328         0.013021894
                   8           5.0024563           4.9911482         0.011392408
                   9           5.0080715           4.9930286         0.010221603
                  10           4.9614152           4.9898672        0.0096736256
                  11           5.0475055           4.9951071         0.010199049
                  12           5.0157612           4.9968283         0.009468172
                  13           4.9630665           4.9942312        0.0090884137
                  14           4.9659637           4.9922121        0.0086531008
                  15           5.0420126           4.9955321        0.0087129368
                  16           5.0594368           4.9995262        0.0090762459
                  17           4.9818499           4.9984864        0.0085888197
                  18           5.0047014           4.9988317        0.0081049748
                  19            5.001089           4.9989505        0.0076674591
                  20           5.0066294           4.9993344        0.0072841163
                  21           4.9675358           4.9978202        0.0070921103
                  22           4.9463597           4.9954811        0.0071552034
                  23           4.9613318           4.9939963        0.0069963934
                  24           5.0380289            4.995831        0.0069452485
                  25           5.0182682           4.9967285        0.0067218331
                  26           5.0035049           4.9969891        0.0064633853
                  27           5.0040161           4.9972494        0.0062248384
                  28           4.9941059           4.9971371         0.005999455
                  29            5.012803           4.9976773        0.0058140321
                  30            4.965709           4.9966117        0.0057170763
                  31           5.0358325           4.9978769        0.0056724732
                  32            4.984365           4.9974547        0.0055085558
                  33           5.0192356           4.9981147        0.0053796639
                  34           5.0416601           4.9993954        0.0053738907
                  35           4.9768178           4.9987504        0.0052578144
                  36           4.9811656           4.9982619        0.0051329718
                  37           5.0111616           4.9986105        0.0050044745
                  38           4.9956104           4.9985316        0.0048716376
                  39           4.9874028           4.9982462        0.0047536523
                  40           5.0116464           4.9985812        0.0046453825
                  41           5.0022506           4.9986707        0.0045315478
                  42           5.0039722            4.998797        0.0044241389
                  43           5.0144422           4.9991608        0.0043353217
                  44           4.9956815           4.9990817        0.0042363839
                  45           5.0061596            4.999239         0.004144158
                  46           5.0300096           4.9999079        0.0041078959
                  47           5.0561982           5.0011056        0.0041941786
                  48           5.0196665           5.0014923        0.0041240388
                  49            5.031238           5.0020993        0.0040843631
                  50            5.014335           5.0023441        0.0040093173
                  51           4.9749231           5.0018064        0.0039665266
                  52           4.9902086           5.0015834        0.0038958888
                  53             4.99877           5.0015303        0.0038220432
                  54           4.9425132           5.0004374        0.0039065877
                  55           5.0167123           5.0007333        0.0038463005
                  56           4.9527055           4.9998756        0.0038731402
                  57           4.9817992           4.9995585        0.0038177779
                  58           5.0297432           5.0000789        0.0037873039
                  59           4.9613547           4.9994226        0.0037799778
                  60           5.0046258           4.9995093        0.0037174558
                  61           4.9985465           4.9994935        0.0036560401
                  62           5.0232983           4.9998775        0.0036170242
                  63           5.0272198           5.0003115         0.003585512
                  64            4.989985           5.0001501        0.0035327303
                  65           5.0026196           5.0001881        0.0034781635
                  66           4.9611204           4.9995962        0.0034758327
                  67           4.9695928           4.9991484        0.0034527249
                  68           4.9467727           4.9983781        0.0034876837
                  69           5.0160703           4.9986346        0.0034463176
                  70           4.9972382           4.9986146        0.0033967863
                  71           5.0105713            4.998783        0.0033528344
                  72           5.0158793           4.9990205        0.0033144558
                  73           5.0125528           4.9992058        0.0032739891
                  74           4.9742275           4.9988683        0.0032470353
                  75            5.070403           4.9998221         0.003342426
                  76            4.986965           4.9996529        0.0033024894
                  77           4.9910342            4.999541        0.0032612391
                  78           4.9878997           4.9993917        0.0032226147
                  79           5.0510535           5.0000457        0.0032480722
                  80           5.0547863           5.0007299        0.0032793953
                  81           4.9747727           5.0004095        0.0032544718
                  82           4.9380573           4.9996491        0.0033032486
                  83           4.9886563           4.9995166        0.0032658943
                  84           5.0141317           4.9996906        0.0032314678
                  85           4.9744327           4.9993935        0.0032070205
                  86           4.9892322           4.9992753        0.0031717117
                  87           4.9721138           4.9989631        0.0031505502
                  88           4.9670486           4.9986005        0.0031355864
                  89           4.9485443            4.998038        0.0031507596
                  90           5.0280253           4.9983712        0.0031333204
                  91           4.9975524           4.9983622        0.0030987101
                  92           5.0323079           4.9987312        0.0030869738
                  93           5.0205861           4.9989662        0.0030626293
                  94           5.0238861           4.9992313        0.0030414489
                  95           4.9941768           4.9991781        0.0030097337
                  96           4.9818141           4.9989972        0.0029837047
                  97           4.9973844           4.9989806        0.0029528315
                  98           5.0330158           4.9993279        0.0029431083
                  99           5.0023366           4.9993583        0.0029133868
                 100           5.0326893           4.9996916        0.0029033019
