                   1            1.513189            1.513189                   0
                   2           1.4845459           1.4988675         0.014321548
                   3           1.5112904           1.5030084        0.0092475173
                   4           1.4989616           1.5019967        0.0066167863
                   5           1.5036906           1.5023355        0.0051365252
                   6           1.5156948            1.504562        0.0047483425
                   7           1.4856216           1.5018563        0.0048400449
                   8           1.4874279           1.5000527        0.0045631457
                   9           1.5124149           1.5014263        0.0042522725
                  10           1.4990843           1.5011921         0.003810552
                  11           1.5222054           1.5031024        0.0039407468
                  12           1.4961663           1.5025244        0.0036435322
                  13           1.4965539           1.5020651        0.0033828823
                  14           1.5072857            1.502438        0.0031540613
                  15           1.5040134            1.502543        0.0029381489
                  16           1.4955656           1.5021069        0.0027827687
                  17           1.5028397           1.5021501        0.0026143114
                  18             1.51378           1.5027962        0.0025480731
                  19           1.4919659           1.5022261        0.0024767227
                  20           1.4781312           1.5010214        0.0026404829
                  21           1.4967457           1.5008178        0.0025198394
                  22           1.5075683           1.5011246        0.0024220871
                  23           1.4956662           1.5008873        0.0023265204
                  24           1.5028947           1.5009709        0.0022290435
                  25           1.4898595           1.5005265        0.0021837323
                  26           1.4957688           1.5003435        0.0021060268
                  27           1.4908786            1.499993        0.0020566212
                  28           1.5181247           1.5006405        0.0020849235
                  29           1.5007167           1.5006431        0.0020117471
                  30           1.5135927           1.5010748        0.0019908896
                  31            1.510771           1.5013876         0.001950834
                  32           1.4914081           1.5010757         0.001914458
                  33           1.5196263           1.5016379        0.0019388186
                  34           1.5027941           1.5016719        0.0018812377
                  35           1.5013019           1.5016613         0.001826728
                  36           1.5017314           1.5016632        0.0017752616
                  37           1.5012004           1.5016507        0.0017266604
                  38           1.5064833           1.5017779        0.0016854126
                  39           1.4952687            1.501611        0.0016500909
                  40           1.4960805           1.5014727        0.0016142418
                  41           1.4819775           1.5009972         0.001644615
                  42           1.5123846           1.5012684        0.0016277195
                  43            1.499847           1.5012353        0.0015897586
                  44           1.4933618           1.5010564        0.0015634815
                  45           1.5120277           1.5013002        0.0015476671
                  46           1.4919744           1.5010974        0.0015271649
                  47           1.5052835           1.5011865        0.0014969706
                  48           1.4995892           1.5011532        0.0014658297
                  49           1.4867221           1.5008587        0.0014655013
                  50           1.4969861           1.5007813        0.0014379796
                  51           1.4782614           1.5003397        0.0014770498
                  52           1.5095147           1.5005161        0.0014590742
                  53           1.4973383           1.5004562        0.0014325351
                  54           1.5159524           1.5007432        0.0014347477
                  55           1.5050107           1.5008207        0.0014105555
                  56            1.493765           1.5006947        0.0013908567
                  57           1.5006524            1.500694         0.001366238
                  58           1.5033309           1.5007395        0.0013432451
                  59           1.5019117           1.5007593        0.0013204314
                  60           1.4993048           1.5007351        0.0012984641
                  61           1.4976367           1.5006843        0.0012780101
                  62           1.5047403           1.5007497        0.0012589289
                  63           1.5002317           1.5007415         0.001238812
                  64           1.4891291           1.5005601        0.0012327282
                  65           1.5006367           1.5005612        0.0012136156
                  66           1.4889802           1.5003858        0.0012078991
                  67           1.4896138            1.500225        0.0012005483
                  68           1.4899063           1.5000732         0.001192456
                  69           1.5050974           1.5001461        0.0011773009
                  70            1.496187           1.5000895         0.001161738
                  71           1.5213035           1.5003883        0.0011835928
                  72           1.4935463           1.5002933        0.0011709008
                  73           1.5124254           1.5004595        0.0011666478
                  74            1.494159           1.5003743        0.0011539197
                  75           1.5129298           1.5005417        0.0011506728
                  76           1.4976917           1.5005042        0.0011360505
                  77           1.5012545            1.500514        0.0011212419
                  78            1.506359           1.5005889        0.0011093076
                  79           1.4954687           1.5005241        0.0010970918
                  80           1.5159941           1.5007175        0.0011004155
                  81           1.5033111           1.5007495        0.0010872169
                  82           1.5013111           1.5007563        0.0010738981
                  83           1.5093624             1.50086        0.0010659357
                  84           1.4891491           1.5007206        0.0010623572
                  85            1.522206           1.5009734        0.0010797869
                  86           1.5131838           1.5011154         0.001076561
                  87           1.5027592           1.5011342        0.0010642825
                  88           1.4912195           1.5010216        0.0010581343
                  89           1.4908233            1.500907        0.0010524342
                  90           1.4741683           1.5006099        0.0010822526
                  91           1.4977521           1.5005785        0.0010707543
                  92           1.4918871            1.500484         0.001063257
                  93           1.5020133           1.5005005        0.0010518905
                  94           1.4778857           1.5002599        0.0010680879
                  95           1.4793195           1.5000395        0.0010795285
                  96           1.5116671           1.5001606         0.001075069
                  97           1.4956185           1.5001138         0.001064958
                  98           1.4998374           1.5001109        0.0010540389
                  99           1.4994318           1.5001041        0.0010433602
                 100           1.4993508           1.5000965        0.0010329014
