                   1           3459.1912           3459.1912                   0
                   2           1.4973453           1730.3443           1728.8469
                   3           1.4950408           1154.0612            1152.565
                   4            1.512817           865.92411           864.42238
                   5           1.4762147           693.03453           691.53918
                   6           1.4973062           577.77833           576.28258
                   7           1.4928456           495.45183           493.95657
                   8           1.5061066           433.70861            432.2118
                   9           1.4972406           385.68513           384.18826
                  10           1.5357635           347.27019           345.76901
                  11           1.4847898           315.83516           314.33561
                  12            1.491207           289.63983           288.14104
                  13            1.511894           267.47614           265.97626
                  14           1.4988199           248.47776           246.97796
                  15           1.4958786            232.0123           230.51278
                  16           1.5041409           217.60554           216.10571
                  17           1.5218618           204.89474           203.39353
                  18            1.490961           193.59453           192.09392
                  19           1.5022108            183.4844           181.98371
                  20           1.5078934           174.38558           172.88451
                  21           1.5142383           166.15361           164.65188
                  22           1.4855125            158.6687           157.16774
                  23           1.4878202           151.83475           150.33439
                  24           1.5036262           145.57095           144.07045
                  25           1.5054782           139.80833           138.30762
                  26           1.5123564           134.48925           132.98808
                  27           1.4987898           129.56368            128.0626
                  28           1.4948989            124.9898           123.48894
                  29           1.4954946           120.73137           119.23071
                  30           1.4994727           116.75698           115.25635
                  31           1.4959051           113.03888           111.53841
                  32           1.4948339           109.55313           108.05284
                  33           1.4983739           106.27874           104.77852
                  34           1.5046894           103.19715           101.69679
                  35             1.49801           100.29146            98.79117
                  36           1.5218961            97.54786           96.046954
                  37           1.4882032           94.951653             93.4511
                  38           1.4908165           92.492158           90.991867
                  39           1.5307886           90.159815           88.658722
                  40           1.5088889           87.943542           86.442249
                  41           1.5016029           85.835202           84.333901
                  42           1.5090744           83.827437           82.325946
                  43           1.5270602           81.913475           80.411375
                  44           1.5078642           80.086074           78.583841
                  45           1.5003174           78.339724           76.837534
                  46           1.4850837           76.668971           75.167161
                  47           1.5060877           75.069761           73.567858
                  48           1.4748314           73.536533           72.035206
                  49           1.5232908           72.066875           70.565091
                  50           1.4844472           70.655227           69.153796
                  51           1.5047159           69.299334           67.797838
                  52           1.5047277           67.995592           66.494032
                  53           1.5098965           66.741145           65.239425
                  54           1.4900361           65.532791           64.031291
                  55           1.4928696           64.368429           62.867089
                  56           1.4834317           63.245482           61.744468
                  57           1.4853631           62.161971           60.661237
                  58           1.4991653           61.116061           59.615354
                  59           1.4971408           60.105571           58.604925
                  60           1.4823672           59.128517           57.628182
                  61           1.5112245           58.183972           56.683454
                  62           1.5071138           57.269829           55.769203
                  63           1.5098153           56.384749           54.883976
                  64           1.5076586           55.527295           54.026412
                  65           1.4790208           54.695783           53.195241
                  66           1.5035665            53.88984           52.389252
                  67            1.501511           53.107925           51.607323
                  68           1.5198632           52.349277           50.848387
                  69           1.4976099           51.612296           50.111455
                  70           1.5158018           50.896632           49.395574
                  71           1.5216844            50.20121           48.699858
                  72           1.4914133           49.524685           48.023473
                  73           1.4942459           48.866734           47.365618
                  74           1.4814621           48.226392           46.725546
                  75           1.5131474           47.603549           46.102536
                  76           1.5015636           46.996944           45.495924
                  77           1.4821102           46.405842           44.905071
                  78           1.4998258           45.830124           44.329365
                  79           1.4926629            45.26889           43.768235
                  80           1.5103574           44.721909           43.221131
                  81           1.5047167           44.188363           42.687536
                  82            1.515328            43.66796           42.166954
                  83           1.5168643           43.160116           41.658916
                  84           1.5000648           42.664163           41.162977
                  85           1.5437204           42.180393           40.678701
                  86            1.525752           41.707664           40.205689
                  87           1.5177909           41.245712           39.743553
                  88           1.4878677           40.793918           39.291923
                  89           1.5287677           40.352737           38.850438
                  90           1.5135667            39.92119           38.418765
                  91           1.5066223           39.499052            37.99658
                  92           1.4934027           39.085947           37.583575
                  93           1.4858933           38.681646           37.179452
                  94           1.4980713           38.286076           36.783926
                  95           1.4831992           37.898677           36.396729
                  96           1.4957538            37.51948           36.017597
                  97           1.4837616           37.147978           35.646284
                  98           1.5012833           36.784236           35.282546
                  99           1.4978322           36.427808           34.926157
                 100           1.4941277           36.078471           34.576897
