0 0 0
1 -0.169052 0.153304
2 0.413342 0.126478
3 0.280197 0.170623
4 -0.127567 0.182114
5 0.355018 0.116307
6 0.318955 0.134643
7 0.201366 0.175602
8 0.0578018 0.155472
9 0.532007 0.153688
10 0.221506 0.10593
11 0.399202 0.136712
12 0.3105 0.168805
13 0.238696 0.137668
14 0.254289 0.146909
15 0.374804 0.116764
16 0.250023 0.146392
17 0.337003 0.128216
18 0.316304 0.116352
19 0.408378 0.0992033
20 0.154686 0.120905
21 0.230754 0.139648
22 0.369211 0.143558
23 0.370966 0.153272
24 0.437774 0.140822
25 0.588015 0.112218
26 0.254363 0.114054
27 0.576281 0.121576
28 0.222255 0.121257
29 0.213567 0.0972888
30 0.357514 0.113727
31 0.362742 0.128829
32 0.104519 0.0788915
33 0.410358 0.117195
34 0.342144 0.104587
35 0.352961 0.125145
36 0.454645 0.102715
37 0.293075 0.139966
38 0.300852 0.0990634
39 0.375614 0.108036
40 0.105458 0.128216
41 0.255502 0.152957
42 0.266837 0.121497
43 0.259625 0.109481
44 0.423983 0.130652
45 0.305401 0.136153
46 0.548208 0.0953624
47 0.242856 0.107624
48 0.510594 0.109938
49 0.263964 0.136958
50 0.206865 0.085327
51 0.158721 0.0766402
52 0.261344 0.0976638
53 0.266198 0.101629
54 0.438861 0.122151
55 0.421903 0.085473
56 0.261416 0.102162
57 0.198808 0.100455
58 0.337747 0.0976249
59 0.268159 0.10544
60 0.51291 0.100413
61 0.309616 0.122167
62 0.14734 0.128224
63 0.573198 0.146491
64 0.397017 0.141919
65 0.340818 0.0883733
66 0.201576 0.116686
67 0.530608 0.119198
68 0.274723 0.141428
69 0.393866 0.0968134
70 0.444688 0.10502
71 0.397988 0.0786712
72 0.472752 0.0543183
73 0.137906 0.0720846
74 0.204521 0.121218
75 0.0176728 0.133165
76 0.324516 0.091506
77 0.437155 0.0876423
78 0.452061 0.0936819
79 0.40586 0.0946792
80 0.306199 0.0927911
81 0.327552 0.0915533
82 0.344808 0.115363
83 0.261396 0.1107
84 0.261231 0.112666
85 0.416932 0.0836639
86 0.264298 0.0981789
87 0.362113 0.141457
88 0.368279 0.109457
89 0.327822 0.0764604
90 0.353813 0.120895
91 0.489389 0.108979
92 0.416736 0.12034
93 0.419689 0.10076
94 0.298571 0.126754
95 0.647854 0.0850064
96 0.384052 0.109967
97 0.125163 0.0908997
98 0.202129 0.112517
99 0.453239 0.114936
100 0.400697 0.09189
101 0.20923 0.112774
102 0.29282 0.104317
103 0.104794 0.141622
104 0.371569 0.120185
105 0.196335 0.11105
106 0.129649 0.111327
107 0.259459 0.128272
108 0.292218 0.100375
109 0.111064 0.0999574
110 0.290559 0.0950132
111 0.235029 0.112757
112 0.14851 0.103019
113 0.274928 0.0940716
114 0.35302 0.117598
115 0.448374 0.0932156
116 0.292016 0.118745
117 0.461091 0.105149
118 0.220727 0.0996482
119 0.37997 0.105836
120 0.178666 0.1176
121 0.275428 0.119998
122 0.385419 0.104938
123 0.211021 0.114269
124 0.512585 0.0948383
125 0.504713 0.0685705
126 0.282819 0.079571
127 0.354346 0.10581
128 0.182165 0.0841708
129 0.106369 0.118643
130 0.384105 0.103185
131 0.32888 0.0782087
132 0.304673 0.106725
133 0.358094 0.104743
134 0.424139 0.138073
135 0.305067 0.0829931
136 0.492167 0.115458
137 0.0914731 0.117786
138 0.348265 0.0757369
139 0.2627 0.130395
140 0.343023 0.109764
141 0.41305 0.0752087
142 0.328389 0.0921235
143 0.330727 0.11901
144 0.339694 0.107842
145 0.19678 0.124807
146 0.303438 0.0943711
147 0.231389 0.106113
148 0.336501 0.14685
149 0.332813 0.102262
150 0.215517 0.120369
151 0.320323 0.10104
152 0.270179 0.0923974
153 0.24734 0.127725
154 0.228154 0.0944517
155 0.170105 0.105983
156 0.565761 0.119147
157 0.444861 0.094427
158 0.336904 0.134087
159 0.202093 0.125816
160 0.231484 0.121916
161 0.372075 0.0807938
162 0.138245 0.100271
163 0.470196 0.115446
164 0.563655 0.149493
165 0.401414 0.153119
166 0.145542 0.16486
167 0.437455 0.138591
168 0.484093 0.123172
169 0.174427 0.142975
170 0.136447 0.122451
171 0.0223401 0.11645
172 0.183612 0.125066
173 0.519674 0.110311
174 0.0316612 0.106247
175 0.146827 0.0735098
176 0.453526 0.0939568
177 0.295728 0.112587
178 0.419196 0.160922
179 0.373201 0.12915
180 0.396807 0.15305
181 0.310434 0.132548
182 0.513742 0.0928486
183 0.147699 0.147928
184 0.168447 0.181314
185 0.279077 0.129528
186 0.123477 0.155448
187 0.398544 0.144504
188 0.329124 0.127576
189 0.231275 0.123177
190 0.338319 0.167134
191 0.409065 0.158277
192 0.33335 0.155643
193 0.34736 0.150977
194 0.296534 0.142151
195 0.101288 0.103983
196 0.204457 0.175044
197 0.239502 0.200839
198 0.174097 0.138808
199 0 0
