0 2.97701 0.398243
1 1.90812 0.369526
2 2.39082 0.407586
3 1.97629 0.26694
4 2.58399 0.31845
5 1.88955 0.269483
6 2.79955 0.220756
7 2.03132 0.489566
8 2.35758 0.443358
9 2.24041 0.343764
10 2.45511 0.41564
11 2.53076 0.33494
12 2.76796 0.374159
13 1.96188 0.458672
14 2.22276 0.425166
15 2.75831 0.270404
16 2.93846 0.393477
17 3.17198 0.320784
18 2.74701 0.333398
19 2.85081 0.409626
20 2.87863 0.314917
21 2.7635 0.354983
22 2.69961 0.276737
23 2.6396 0.388381
24 2.28749 0.357716
25 2.67244 0.3434
26 2.54001 0.374836
27 2.19659 0.38731
28 2.86794 0.333652
29 2.57204 0.18659
