0 0.302644 0.00373401
1 0.291074 0.0984227
2 0.260651 0.0850281
3 0.236901 0.111259
4 0.336508 0.0798406
5 0.309035 0.112979
6 0.11251 0.113406
7 0.443315 0.0976757
8 0.335849 0.105424
9 0.373139 0.110533
10 0.403029 0.114098
11 0.314488 0.0942609
12 0.399255 0.0724247
13 0.423394 0.124318
14 0.366471 0.068235
15 0.181208 0.0948922
16 0.328213 0.0800898
17 0.400432 0.104046
18 0.266221 0.0756392
19 0.45694 0.118181
20 0.360194 0.0599037
21 0.360711 0.098941
22 0.220708 0.0979889
23 0.264366 0.0887386
24 0.186841 0.0640392
25 0.413469 0.103221
26 0.308162 0.0675251
27 0.224595 0.0917122
28 0.151644 0.106589
29 0.304221 0.0913215
30 0.382997 0.0927868
31 0.447049 0.0995971
32 0.376059 0.103981
33 0.284805 0.0913466
34 0.37237 0.0905217
35 0.341371 0.085598
36 0.272488 0.0869486
37 0.447831 0.0931718
38 0.498208 0.113116
39 0.245918 0.0961306
40 0.174323 0.110873
41 0.384946 0.0764901
42 0.153445 0.0923103
43 0.377787 0.11016
44 0.221171 0.0844172
45 0.182323 0.078907
46 0.258549 0.0899282
47 0.252287 0.094996
48 0.452616 0.0788807
49 0.361872 0.106533
50 0.445837 0.0885552
51 0.281948 0.0840549
52 0.499521 0.0688266
53 0.18044 0.0953096
54 0.328333 0.0837467
55 0.381209 0.0919249
56 0.308879 0.123122
57 0.418958 0.128451
58 0.198937 0.0835391
59 0.392311 0.0916875
60 0.314036 0.081627
61 0.374715 0.0936368
62 0.362009 0.0845057
63 0.379416 0.0850062
64 0.259611 0.108256
65 0.265838 0.109245
66 0.314263 0.100815
67 0.318796 0.0621701
68 0.359235 0.105511
69 0.312101 0.0934373
70 0.312109 0.124118
71 0.290083 0.0675549
72 0.524365 0.0919534
73 0.250341 0.0704136
74 0.366038 0.118663
75 0.256235 0.0801501
76 0.300797 0.114706
77 0.1373 0.137917
78 0.211229 0.123789
79 0.305668 0.00351142
