0 0.308118 0.00399409
1 0.212752 0.095674
2 0.321826 0.071486
3 0.171214 0.0984333
4 0.449731 0.101659
5 0.452877 0.0894812
6 0.278715 0.0821429
7 0.26149 0.0920739
8 0.331985 0.0841511
9 0.429996 0.0833571
10 0.298206 0.109737
11 0.149043 0.0682752
12 0.315875 0.0916534
13 0.387712 0.0752086
14 0.365256 0.0887077
15 0.372906 0.0945846
16 0.211734 0.0973764
17 0.398147 0.0901866
18 0.390041 0.0850192
19 0.366843 0.0867436
20 0.270223 0.0798441
21 0.469541 0.0881318
22 0.200587 0.0841397
23 0.28871 0.0632447
24 0.27983 0.089244
25 0.22495 0.102868
26 0.270808 0.090409
27 0.364775 0.0747387
28 0.284912 0.0712737
29 0.270003 0.0836893
30 0.363864 0.112266
31 0.337014 0.0891618
32 0.408925 0.090199
33 0.313591 0.0794918
34 0.324821 0.0822141
35 0.356569 0.132974
36 0.390177 0.12814
37 0.40374 0.0984092
38 0.396382 0.111043
39 0.303228 0.00295036
