0 0.304009 0.00352195
1 0.206613 0.129339
2 0.353786 0.128562
3 0.583726 0.12337
4 0.338154 0.125499
5 0.600119 0.125814
6 0.123381 0.147078
7 0.427827 0.114853
8 0.290718 0.150489
9 0.522212 0.123349
10 0.325011 0.133917
11 0.212273 0.0858086
12 0.277068 0.090794
13 0.504211 0.102481
14 0.262537 0.0977677
15 0.161132 0.116046
16 0.196565 0.101923
17 0.113391 0.0921852
18 0.160384 0.0989726
19 0.156077 0.0946168
20 0.281207 0.0892214
21 0.26246 0.124349
22 0.402873 0.0680092
23 0.381751 0.0958229
24 0.402781 0.0905546
25 0.440586 0.119461
26 0.240231 0.108945
27 0.326331 0.098108
28 0.308166 0.126395
29 0.406983 0.109516
30 0.401502 0.0778141
31 0.313182 0.114919
32 0.506268 0.102017
33 0.186287 0.0882816
34 0.416759 0.10519
35 0.295515 0.0930036
36 0.212006 0.0927082
37 0.259782 0.111673
38 0.211775 0.0643571
39 0.281137 0.0960807
40 0.3273 0.0778516
41 0.245857 0.0920178
42 0.164374 0.109589
43 0.445045 0.07583
44 0.488647 0.100737
45 0.270263 0.0929244
46 0.250726 0.105363
47 0.28077 0.102909
48 0.327979 0.0949924
49 0.301079 0.088967
50 0.387355 0.0928659
51 0.430968 0.117023
52 0.233596 0.0600488
53 0.269384 0.0999286
54 0.317375 0.0646112
55 0.483553 0.111674
56 0.601624 0.101192
57 0.29894 0.0909589
58 0.333503 0.0819571
59 0.0591361 0.0891787
60 0.27693 0.0984677
61 0.313202 0.12244
62 0.231161 0.096626
63 0.37975 0.096529
64 0.311776 0.0901176
65 0.322515 0.103736
66 0.301537 0.0812424
67 0.273256 0.112522
68 0.253561 0.0868407
69 0.194834 0.11305
70 0.32447 0.119001
71 0.474674 0.111798
72 0.327389 0.0736275
73 0.499582 0.107758
74 0.477831 0.0947509
75 0.166498 0.0936541
76 0.240645 0.117202
77 0.306079 0.0934457
78 0.315978 0.0987571
79 0.337282 0.0814018
80 0.270204 0.0972072
81 0.206043 0.116837
82 0.332528 0.123724
83 0.428601 0.08266
84 0.269733 0.0971929
85 0.202375 0.0996036
86 0.342342 0.133907
87 0.13192 0.0874995
88 0.368605 0.132863
89 0.370223 0.102746
90 0.388914 0.100985
91 0.428463 0.107573
92 0.243 0.0985464
93 0.424438 0.105948
94 0.238051 0.123583
95 0.184405 0.12095
96 0.317432 0.0655905
97 0.688827 0.0970704
98 0.374408 0.115072
99 0.328639 0.0894391
100 0.323173 0.111887
101 0.458165 0.0742911
102 0.240696 0.0886782
103 0.475466 0.0977006
104 0.341822 0.0950461
105 0.433573 0.0875373
106 0.380617 0.0912089
107 0.449399 0.129293
108 0.216552 0.117977
109 0.20355 0.105704
110 0.126209 0.124681
111 0.326101 0.118388
112 0.332865 0.0902258
113 0.41858 0.114661
114 0.24018 0.133724
115 0.401461 0.161025
116 0.487466 0.113673
117 0.391874 0.133492
118 0.0802865 0.138994
119 0.301703 0.00358834
