0 28.9775 4.36716
1 17.3373 3.54337
2 22.3047 3.97175
3 18.9283 2.50014
4 24.2803 3.37184
5 18.0119 2.87873
6 25.9677 2.4289
7 20.8117 4.85849
8 22.6164 4.44557
9 22.7775 3.48754
10 22.7993 4.27487
11 24.2179 3.24049
12 27.5904 3.58085
13 18.9644 4.44194
14 19.6859 4.09097
15 27.7221 2.54618
16 26.1976 3.94513
17 32.1752 3.38039
18 27.2424 2.95725
19 26.6967 4.23179
20 26.542 3.10874
21 26.6805 3.80568
22 26.0522 2.68148
23 26.4676 3.90146
24 21.3497 3.80912
25 28.0366 3.4637
26 24.8189 4.29703
27 20.4779 3.88858
28 28.0169 3.48319
29 24.8537 1.72266
