0 0 0
1 0.073459 0.172688
2 0.127856 0.129944
3 0.406385 0.12334
4 0.132457 0.0996319
5 0.324211 0.0942797
6 0.225901 0.142915
7 0.389755 0.0908822
8 0.370867 0.121133
9 0.481417 0.139603
10 0.249238 0.113148
11 0.0634119 0.098781
12 0.204139 0.107783
13 0.409571 0.083441
14 0.324149 0.10817
15 0.0857045 0.094506
16 0.115052 0.0969642
17 0.200195 0.13186
18 0.208687 0.113171
19 0.283414 0.134004
20 0.385381 0.0938833
21 0.299714 0.129602
22 0.253216 0.109453
23 0.422817 0.107872
24 0.344859 0.099719
25 0.445846 0.0746334
26 0.156257 0.0755136
27 0.430564 0.0899588
28 0.409784 0.114845
29 0.352919 0.0932174
30 0.449743 0.110397
31 0.293022 0.1198
32 0.368797 0.0758743
33 0.294551 0.0950182
34 0.378715 0.0921065
35 0.26743 0.0773981
36 0.422488 0.0989252
37 0.228674 0.0677571
38 0.21208 0.08117
39 0.335729 0.107757
40 0.277763 0.0860562
41 0.324996 0.10093
42 0.384323 0.132779
43 0.350221 0.0789665
44 0.468562 0.0842167
45 0.270786 0.125244
46 0.153849 0.0952813
47 0.290394 0.129948
48 0.419922 0.0808257
49 0.274624 0.0993656
50 0.208634 0.0884439
51 0.390675 0.109907
52 0.325421 0.089266
53 0.201028 0.0778212
54 0.332 0.0881754
55 0.418727 0.100931
56 0.457635 0.0941337
57 0.354438 0.0855431
58 0.332235 0.107398
59 0.0531605 0.11502
60 0.364556 0.0786205
61 0.218345 0.107478
62 0.27718 0.112814
63 0.307309 0.0851095
64 0.394435 0.0771717
65 0.144027 0.111174
66 0.179786 0.0802468
67 0.244023 0.11589
68 0.229154 0.0985187
69 0.0861958 0.126059
70 0.365128 0.127416
71 0.471323 0.0799621
72 0.375329 0.0969999
73 0.422986 0.118958
74 0.426604 0.0881294
75 0.363398 0.109441
76 0.372256 0.11631
77 0.300367 0.108271
78 0.392033 0.0817747
79 0.144627 0.106141
80 0.337057 0.0881131
81 0.245399 0.0988603
82 0.2576 0.106071
83 0.310256 0.112268
84 0.296133 0.0772443
85 0.27114 0.113422
86 0.345367 0.11202
87 0.333464 0.102296
88 0.265235 0.107552
89 0.25207 0.10051
90 0.367823 0.0791238
91 0.32631 0.0941431
92 0.356063 0.0977029
93 0.396182 0.111807
94 0.245992 0.0782739
95 0.188565 0.111617
96 0.24078 0.103465
97 0.535244 0.0907932
98 0.326095 0.114794
99 0.297 0.124806
100 0.294526 0.0967621
101 0.48028 0.104827
102 0.318216 0.12277
103 0.373903 0.0948237
104 0.141547 0.101765
105 0.375304 0.110284
106 0.436499 0.0804857
107 0.44902 0.108785
108 0.246392 0.125644
109 0.307928 0.0800075
110 0.159512 0.107714
111 0.29071 0.105865
112 0.376256 0.0918629
113 0.359715 0.0844836
114 0.0836417 0.119835
115 0.205145 0.126187
116 0.31316 0.0912271
117 0.0318304 0.126072
118 0.104073 0.168409
119 0 0
