0 0 0
1 0.219364 0.207286
2 0.0324788 0.170988
3 0.147488 0.168068
4 0.299273 0.152603
5 0.256959 0.114797
6 0.238403 0.143081
7 0.339456 0.178731
8 0.156314 0.14465
9 0.0855351 0.159988
10 0.0686312 0.110191
11 0.265933 0.152846
12 0.297711 0.158826
13 0.303109 0.127424
14 0.28815 0.152406
15 0.1277 0.189212
16 0.374056 0.153833
17 0.250657 0.134502
18 0.316122 0.180976
19 0.400216 0.162672
20 0.247549 0.147333
21 0.0403235 0.166857
22 0.166328 0.12244
23 0.435025 0.116548
24 0.670595 0.136754
25 0.501578 0.103352
26 0.220783 0.181956
27 0.294508 0.0911856
28 0.18501 0.233091
29 0.297095 0.0991042
30 0.584958 0.137919
31 0.0947529 0.147007
32 0.239237 0.143117
33 0.45955 0.104523
34 0.463195 0.13113
35 0.282703 0.0984042
36 0.214628 0.12602
37 0.253842 0.134298
38 0.149162 0.0768284
39 0.480845 0.137749
40 0.422206 0.139827
41 0.50665 0.156511
42 0.333327 0.0888549
43 0.277878 0.107454
44 0.348177 0.110626
45 0.411509 0.11159
46 0.148234 0.0893201
47 0.519272 0.124771
48 0.311467 0.16192
49 0.152135 0.14546
50 0.173174 0.0884272
51 0.340902 0.107074
52 0.317293 0.114655
53 0.376213 0.110901
54 0.433547 0.153854
55 0.297017 0.119368
56 0.148034 0.11001
57 0.487254 0.137517
58 0.47887 0.137858
59 0.227188 0.106217
60 0.120597 0.105476
61 0.429204 0.105537
62 0.0930576 0.127227
63 0.279784 0.123848
64 0.312277 0.101528
65 0.0911575 0.122165
66 0.30911 0.111634
67 0.167125 0.113135
68 0.260232 0.136354
69 0.422852 0.103685
70 0.244918 0.109997
71 0.406805 0.132866
72 0.518936 0.113643
73 0.239697 0.154819
74 0.234627 0.112421
75 0.244314 0.112413
76 0.238687 0.112986
77 0.379585 0.156563
78 0.302875 0.123795
79 0.448944 0.119388
80 0.329062 0.125831
81 0.336907 0.115324
82 0.133741 0.10208
83 0.137131 0.158139
84 0.338392 0.0974994
85 0.279514 0.123963
86 0.432188 0.114349
87 0.474577 0.103371
88 0.200596 0.127918
89 0.126243 0.114016
90 0.199273 0.115467
91 0.285071 0.0977262
92 0.35809 0.120834
93 0.3618 0.123734
94 0.393589 0.0980653
95 0.44482 0.111765
96 0.164149 0.0967394
97 0.107701 0.131525
98 0.335647 0.0720278
99 0.219588 0.12086
100 0.239823 0.125935
101 0.448845 0.100629
102 0.327641 0.112419
103 0.390411 0.131149
104 0.159382 0.116266
105 0.275743 0.127732
106 0.167986 0.111715
107 0.312442 0.0783294
108 0.147923 0.107943
109 0.227575 0.0934913
110 0.232578 0.110262
111 0.321373 0.0917943
112 0.255637 0.102642
113 0.340681 0.127275
114 0.321444 0.103725
115 0.178069 0.0865279
116 0.298994 0.107502
117 0.23029 0.0979945
118 0.390195 0.0898948
119 0.354056 0.102612
120 0.276261 0.128581
121 0.303358 0.109749
122 0.265307 0.0877534
123 0.370288 0.0914104
124 0.333896 0.102574
125 0.0846479 0.120257
126 0.27917 0.0908062
127 0.482905 0.118243
128 0.201696 0.106874
129 0.364921 0.0924088
130 0.190484 0.118122
131 0.455937 0.107039
132 0.242852 0.110996
133 0.194969 0.091765
134 0.262679 0.0956766
135 0.376778 0.131763
136 0.17983 0.124099
137 0.172914 0.0912758
138 0.216127 0.0929715
139 0.391086 0.0916157
140 0.3859 0.0968331
141 0.3913 0.121677
142 0.212432 0.136421
143 0.355424 0.110398
144 0.376397 0.128563
145 0.310698 0.0707807
146 0.463346 0.116811
147 0.423371 0.12354
148 0.132625 0.0897323
149 0.278722 0.143858
150 0.311107 0.11094
151 0.310944 0.0827788
152 0.214526 0.116978
153 0.426634 0.0736404
154 0.330034 0.130995
155 0.303886 0.130619
156 0.476816 0.124186
157 0.416507 0.103553
158 0.392482 0.102578
159 0.569748 0.146921
160 0.489103 0.0959107
161 0.397853 0.153639
162 0.244815 0.107793
163 0.552977 0.101788
164 0.283521 0.139446
165 0.422951 0.155752
166 0.236253 0.133426
167 0.153683 0.0836145
168 0.561356 0.10877
169 0.379151 0.120243
170 0.238233 0.125323
171 0.2662 0.0892822
172 0.255908 0.138662
173 0.256903 0.118785
174 0.312687 0.151045
175 0.189969 0.122204
176 0.391314 0.12415
177 0.239847 0.11038
178 0.18567 0.112858
179 0.2707 0.136127
180 0.405041 0.119047
181 0.174241 0.118584
182 0.423098 0.120592
183 0.419967 0.125875
184 0.147916 0.116351
185 0.247591 0.121231
186 0.31036 0.107488
187 0.238799 0.126083
188 0.24913 0.120115
189 0.354696 0.112304
190 0.215496 0.132717
191 0.152397 0.145062
192 0.282127 0.0870867
193 0.269539 0.115755
194 0.443808 0.107135
195 0.19319 0.136591
196 0.513955 0.111212
197 0.230802 0.148449
198 0.415552 0.109576
199 0.343228 0.145247
200 0.181019 0.148224
201 0.103638 0.0840194
202 0.408277 0.125514
203 0.387727 0.122628
204 0.26278 0.0905309
205 0.35424 0.138492
206 0.188762 0.153465
207 0.274234 0.113689
208 0.409185 0.125836
209 0.0965684 0.122269
210 0.278506 0.138738
211 0.350996 0.103383
212 0.244941 0.114152
213 0.139907 0.124329
214 0.25711 0.154392
215 0.213655 0.118694
216 0.0890521 0.120841
217 0.265627 0.112335
218 0.441561 0.115846
219 0.421737 0.144869
220 0.292734 0.144094
221 0.235078 0.155043
222 0.226049 0.134634
223 0.10858 0.160965
224 0.419848 0.148609
225 0.330617 0.193019
226 0.191182 0.14358
227 0.269518 0.134559
228 0.338796 0.162881
229 0.566671 0.133913
230 0.484382 0.138335
231 0.424198 0.112806
232 0.309051 0.147012
233 0.362026 0.154888
234 0.460252 0.158637
235 0.0515846 0.136054
236 0.0211557 0.151385
237 0.274498 0.165737
238 0.0510928 0.227356
239 0 0
