0 0.337448 0.161247
1 0.543944 0.154817
2 0.24262 0.169932
3 0.507718 0.120767
4 0.30494 0.12745
5 0.279345 0.0999769
6 0.664754 0.121164
7 0.242435 0.194132
8 0.558203 0.178771
9 0.40058 0.141891
10 0.777424 0.147646
11 0.668657 0.107357
12 0.242039 0.151231
13 0.334291 0.129837
14 0.67458 0.15894
15 0.148748 0.145789
16 0.585983 0.132007
17 0.2547 0.195327
18 -0.0180917 0.181828
19 0.188796 0.164179
20 0.32236 0.158801
21 0.36795 0.176705
22 0.491998 0.132235
23 0.0338016 0.185845
24 0.395485 0.123204
25 0.353632 0.143826
26 0.48128 0.13595
27 0.184206 0.123472
28 0.471697 0.10947
29 0.591477 0.172681
30 0.167736 0.124705
31 0.428436 0.149302
32 0.3343 0.165913
33 0.259208 0.138997
34 0.254246 0.15096
35 0.380471 0.14694
36 0.348308 0.152358
37 0.444013 0.153077
38 0.32673 0.188481
39 0.427645 0.178425
40 0.398348 0.184143
41 0.137695 0.182201
42 0.445631 0.127291
43 0.320254 0.158469
44 0.192878 0.113476
45 0.547279 0.170225
46 0.563486 0.130913
47 0.266559 0.129751
48 0.366593 0.132101
49 0.43974 0.166116
50 0.485763 0.146291
51 0.371724 0.157509
52 0.466442 0.159582
53 0.565077 0.144233
54 0.390412 0.148976
55 0.328055 0.138676
56 0.36752 0.167028
57 0.497739 0.143734
58 0.308658 0.123771
59 0.46916 0.131586
60 0.581617 0.156601
61 0.431105 0.183446
62 0.353623 0.143509
63 0.436553 0.0966669
64 0.284281 0.128312
65 0.32374 0.164136
66 0.395368 0.16696
67 0.190634 0.130844
68 0.390056 0.152333
69 0.696203 0.126951
70 0.17004 0.180847
71 0.376221 0.144228
72 0.462749 0.145763
73 0.540062 0.149181
74 0.569953 0.202626
75 0.121013 0.13548
76 0.256667 0.156594
77 0.398831 0.154906
78 0.192693 0.110394
79 0.335756 0.181792
80 0.327599 0.165365
81 0.558426 0.154481
82 0.437079 0.0997584
83 0.537432 0.131011
84 0.430771 0.145563
85 0.370998 0.141154
86 0.575528 0.170459
87 0.407524 0.143897
88 0.328647 0.132501
89 0.504582 0.124166
90 0.548678 0.17659
91 0.547094 0.150253
92 0.394202 0.201223
93 0.511872 0.168755
94 0.202672 0.150217
95 0.266848 0.165828
96 0.384555 0.122215
97 0.743126 0.123995
98 0.325204 0.154776
99 0.534213 0.133542
100 0.353091 0.190494
101 0.149562 0.141231
102 0.226652 0.189644
103 0.299038 0.180651
104 0.514193 0.132823
105 0.433276 0.139664
106 0.648686 0.161573
107 0.387288 0.136099
108 0.413394 0.197778
109 0.244014 0.176782
110 0.51058 0.124563
111 0.424366 0.130281
112 0.289826 0.134592
113 0.290586 0.16272
114 0.366701 0.140573
115 0.702804 0.119791
116 0.563916 0.121468
117 0.287038 0.181108
118 0.0471665 0.148707
119 0.340256 0.156868
120 0.490338 0.159061
121 0.637138 0.164439
122 0.396315 0.168716
123 -0.0604941 0.140373
124 0.193949 0.142063
125 0.545962 0.143056
126 0.399971 0.172926
127 0.553254 0.126902
128 0.510403 0.198008
129 0.576369 0.158496
130 0.248022 0.147474
131 0.483556 0.127749
132 0.276107 0.175666
133 0.320615 0.11991
134 0.247838 0.163035
135 0.294286 0.170154
136 0.370693 0.178382
137 0.538889 0.121016
138 0.308844 0.13169
139 0.405276 0.176485
140 0.385015 0.106103
141 0.412806 0.111005
142 0.305784 0.123304
143 0.477458 0.154102
144 0.197174 0.203602
145 0.438513 0.10754
146 0.346838 0.166162
147 0.631047 0.15277
148 0.388683 0.164662
149 0.400771 0.160146
150 0.663556 0.166925
151 0.487932 0.153222
152 0.301018 0.103806
153 0.481521 0.137984
154 0.710437 0.128283
155 0.388813 0.165741
156 0.208688 0.150673
157 0.425133 0.13483
158 0.578349 0.150758
159 0.402958 0.214743
160 0.462345 0.142264
161 0.242513 0.14018
162 0.276868 0.191576
163 0.345124 0.162388
164 0.262671 0.143791
165 0.463285 0.172487
166 0.346372 0.12383
167 0.624994 0.12071
168 0.212328 0.133389
169 0.386472 0.175801
170 0.401388 0.138899
171 0.49304 0.165331
172 0.332055 0.211759
173 0.267538 0.154187
174 0.388728 0.121401
175 0.428377 0.159804
176 0.43152 0.15571
177 0.418265 0.121491
178 0.312651 0.156925
179 0.533631 0.188156
180 0.451813 0.125696
181 0.447869 0.136169
182 0.19403 0.142438
183 0.34479 0.143888
184 0.666766 0.173965
185 0.486826 0.147297
186 0.373517 0.170236
187 0.0822081 0.163954
188 0.395369 0.151508
189 0.224562 0.18229
190 0.343722 0.139845
191 0.353404 0.167955
192 0.65237 0.140125
193 0.291228 0.134266
194 0.351027 0.169645
195 0.263811 0.14617
196 0.143338 0.224922
197 0.464906 0.180411
198 0.606988 0.132777
199 0.194292 0.123326
