0 -0.763401 0.00438624
1 -0.762316 0.00417376
2 -0.764189 0.00381167
3 -0.77131 0.00427356
4 -0.773113 0.00412149
5 -0.775089 0.0042629
6 -0.780613 0.00308489
7 -0.778682 0.00272131
8 -0.779197 0.00263365
9 -0.778818 0.00280044
10 -0.781248 0.0026293
11 -0.782235 0.00212607
12 -0.781588 0.00222754
13 -0.779149 0.00271948
14 -0.777786 0.00274605
15 -0.779848 0.00272041
16 -0.78011 0.00268633
17 -0.777661 0.00300165
18 -0.77567 0.0030277
19 -0.777342 0.00252752
20 -0.777122 0.00255667
21 -0.775611 0.002721
22 -0.774493 0.00234264
23 -0.775156 0.00217489
24 -0.777419 0.00196491
25 -0.778904 0.00234396
26 -0.779523 0.00230512
27 -0.778997 0.00256926
28 -0.779086 0.00210476
29 -0.779458 0.00225759
30 -0.780158 0.00245342
31 -0.778558 0.00220171
32 -0.778253 0.00209266
33 -0.774683 0.00206403
34 -0.774765 0.00225799
35 -0.775894 0.00187397
36 -0.778149 0.00196451
37 -0.777803 0.00204032
38 -0.777312 0.00219362
39 -0.777401 0.00268424
40 -0.779401 0.0023233
41 -0.778212 0.00201617
42 -0.778204 0.00218382
43 -0.778853 0.00179174
44 -0.780369 0.0016488
45 -0.777973 0.00231696
46 -0.776353 0.00186757
47 -0.777753 0.00201191
48 -0.777743 0.00248758
49 -0.778111 0.00242297
50 -0.77818 0.00275809
51 -0.781797 0.00256182
52 -0.782924 0.00268057
53 -0.785631 0.00304635
54 -0.784879 0.00256182
55 -0.784631 0.00221812
56 -0.783146 0.00217465
57 -0.781953 0.00260453
58 -0.780919 0.00232152
59 -0.782822 0.0020051
60 -0.78348 0.00166383
61 -0.78277 0.00223224
62 -0.781124 0.00222653
63 -0.784588 0.00200355
64 -0.783132 0.0022429
65 -0.783429 0.00233751
66 -0.782734 0.00217257
67 -0.780622 0.00237879
68 -0.782449 0.00252957
69 -0.781109 0.00271351
70 -0.77898 0.00369273
71 -0.7784 0.003578
72 -0.778139 0.00324251
73 -0.779787 0.00294385
74 -0.778215 0.00260157
75 -0.778408 0.00260852
76 -0.776353 0.00323168
77 -0.776184 0.00302542
78 -0.772356 0.00311577
79 -0.767405 0.00395975
