0 -0.764414 0.0039829
1 -0.770052 0.00329026
2 -0.768555 0.00438493
3 -0.77246 0.00361131
4 -0.772014 0.00328311
5 -0.774374 0.00297062
6 -0.773634 0.00298516
7 -0.772909 0.00298781
8 -0.774114 0.00308016
9 -0.775946 0.00291331
10 -0.774271 0.00291805
11 -0.775818 0.00259077
12 -0.775004 0.00267647
13 -0.774293 0.00210815
14 -0.776454 0.00194268
15 -0.775032 0.00204199
16 -0.774934 0.00255409
17 -0.774443 0.00249103
18 -0.774543 0.00226306
19 -0.775065 0.00255352
20 -0.775448 0.00214745
21 -0.776559 0.00222605
22 -0.7759 0.00198057
23 -0.778536 0.00214711
24 -0.778885 0.00231132
25 -0.777965 0.00237053
26 -0.775254 0.0020751
27 -0.777706 0.00259352
28 -0.777694 0.00239227
29 -0.778468 0.0021864
30 -0.780889 0.0026666
31 -0.782042 0.00266804
32 -0.779891 0.00284814
33 -0.781614 0.0028995
34 -0.782021 0.00298147
35 -0.78281 0.00257106
36 -0.781583 0.00227014
37 -0.781966 0.00225429
38 -0.780425 0.00240776
39 -0.780673 0.00290633
40 -0.781693 0.00281794
41 -0.778497 0.00258365
42 -0.77858 0.00265128
43 -0.778791 0.00230577
44 -0.778622 0.00210321
45 -0.780586 0.0022547
46 -0.778999 0.00220361
47 -0.778434 0.00200555
48 -0.777522 0.00231042
49 -0.77992 0.00255587
50 -0.780757 0.00266546
51 -0.783246 0.00214555
52 -0.783104 0.00185684
53 -0.781787 0.00169093
54 -0.780687 0.00189473
55 -0.781062 0.00269658
56 -0.780851 0.00232574
57 -0.781719 0.00319555
58 -0.783813 0.00253898
59 -0.782879 0.0028517
60 -0.779986 0.00281298
61 -0.782218 0.00279638
62 -0.781598 0.00291714
63 -0.78074 0.00271377
64 -0.780183 0.00300324
65 -0.778659 0.00356021
66 -0.780452 0.00271252
67 -0.781461 0.00249044
68 -0.782315 0.00245351
69 -0.781586 0.00249758
70 -0.780043 0.00218364
71 -0.778149 0.00183686
72 -0.778017 0.00271172
73 -0.776011 0.00247986
74 -0.778402 0.0025031
75 -0.777635 0.0032415
76 -0.778329 0.00298778
77 -0.779231 0.00313119
78 -0.778752 0.00365305
79 -0.779992 0.00403574
80 -0.780511 0.00344639
81 -0.780447 0.00383959
82 -0.779478 0.00421615
83 -0.782248 0.00358159
84 -0.783859 0.00310142
85 -0.782987 0.00330561
86 -0.781303 0.00299738
87 -0.784211 0.00279369
88 -0.781034 0.00273629
89 -0.780948 0.00264368
90 -0.778657 0.00269001
91 -0.776902 0.00250496
92 -0.777705 0.00253378
93 -0.777708 0.00295052
94 -0.778854 0.00325626
95 -0.780014 0.00276271
96 -0.78032 0.00291395
97 -0.782651 0.00249075
98 -0.782786 0.00274542
99 -0.780234 0.00283877
100 -0.779044 0.0024467
101 -0.77939 0.00232965
102 -0.778465 0.00207308
103 -0.775463 0.00191955
104 -0.776175 0.00235743
105 -0.775249 0.00272648
106 -0.77361 0.00255561
107 -0.774419 0.00280057
108 -0.774709 0.00308244
109 -0.773661 0.00306556
110 -0.773679 0.00282179
111 -0.771913 0.00284047
112 -0.773364 0.00292714
113 -0.77374 0.0032794
114 -0.772674 0.00346309
115 -0.773052 0.00318907
116 -0.771578 0.0032185
117 -0.769536 0.00310458
118 -0.768297 0.00347099
119 -0.762173 0.00426718
