0 -0.770487 0.00418984
1 -0.771847 0.00370543
2 -0.776237 0.0032466
3 -0.778949 0.00298378
4 -0.780605 0.00243731
5 -0.779817 0.00255597
6 -0.779459 0.00229691
7 -0.781179 0.00228742
8 -0.780584 0.0019196
9 -0.783338 0.0022578
10 -0.783783 0.0023092
11 -0.783679 0.00192302
12 -0.78199 0.00239957
13 -0.781148 0.00231843
14 -0.782792 0.00152821
15 -0.78264 0.00196162
16 -0.783259 0.00275363
17 -0.783391 0.00249212
18 -0.785015 0.00294084
19 -0.782965 0.00291172
20 -0.785558 0.00301823
21 -0.783052 0.00275543
22 -0.785034 0.00249726
23 -0.783769 0.0031297
24 -0.781827 0.00252492
25 -0.781884 0.00274015
26 -0.782542 0.00258853
27 -0.781751 0.0023152
28 -0.78 0.00219915
29 -0.779076 0.00267719
30 -0.776548 0.00215691
31 -0.777532 0.00246193
32 -0.776523 0.0026301
33 -0.773636 0.00242977
34 -0.774845 0.00274688
35 -0.775409 0.00268481
36 -0.775286 0.00272089
37 -0.772053 0.00292203
38 -0.770834 0.00317195
39 -0.765432 0.00361101
