-4.9875 0 0
-4.9625 0 0
-4.9375 0 0
-4.9125 0 0
-4.8875 0 0
-4.8625 0 0
-4.8375 0 0
-4.8125 0 0
-4.7875 0 0
-4.7625 0 0
-4.7375 0 0
-4.7125 0 0
-4.6875 0 0
-4.6625 0 0
-4.6375 0 0
-4.6125 0 0
-4.5875 0 0
-4.5625 0 0
-4.5375 0 0
-4.5125 0 0
-4.4875 0 0
-4.4625 0 0
-4.4375 0 0
-4.4125 0 0
-4.3875 0 0
-4.3625 0 0
-4.3375 0 0
-4.3125 0 0
-4.2875 0 0
-4.2625 0 0
-4.2375 0 0
-4.2125 0 0
-4.1875 0 0
-4.1625 0 0
-4.1375 0 0
-4.1125 0 0
-4.0875 0 0
-4.0625 0 0
-4.0375 0 0
-4.0125 0 0
-3.9875 0 0
-3.9625 0 0
-3.9375 0 0
-3.9125 0 0
-3.8875 0 0
-3.8625 0 0
-3.8375 0 0
-3.8125 0 0
-3.7875 0 0
-3.7625 0 0
-3.7375 0 0
-3.7125 0 0
-3.6875 0 0
-3.6625 0 0
-3.6375 0 0
-3.6125 0 0
-3.5875 0 0
-3.5625 0 0
-3.5375 0 0
-3.5125 0 0
-3.4875 0 0
-3.4625 0 0
-3.4375 0 0
-3.4125 0 0
-3.3875 0 0
-3.3625 0 0
-3.3375 0 0
-3.3125 0 0
-3.2875 0 0
-3.2625 0 0
-3.2375 0 0
-3.2125 0 0
-3.1875 0 0
-3.1625 0 0
-3.1375 0 0
-3.1125 0 0
-3.0875 0 0
-3.0625 0 0
-3.0375 0 0
-3.0125 0 0
-2.9875 0 0
-2.9625 0 0
-2.9375 0 0
-2.9125 0 0
-2.8875 0 0
-2.8625 0 0
-2.8375 0 0
-2.8125 0 0
-2.7875 0 0
-2.7625 0 0
-2.7375 0 0
-2.7125 0 0
-2.6875 0 0
-2.6625 0 0
-2.6375 0 0
-2.6125 0 0
-2.5875 0 0
-2.5625 0 0
-2.5375 0 0
-2.5125 0 0
-2.4875 0.0001 9.74679e-05
-2.4625 0 0
-2.4375 0.0001 9.74679e-05
-2.4125 0 0
-2.3875 0.0004 0.000228035
-2.3625 0.0002 0.000194936
-2.3375 0.0005 0.000239792
-2.3125 0.0002 0.000134164
-2.2875 0.0003 0.000159687
-2.2625 0.0003 0.000159687
-2.2375 0.0005 0.000239792
-2.2125 0.0007 0.00025593
-2.1875 0.001 0.0003
-2.1625 0.0012 0.000328634
-2.1375 0.0013 0.000324808
-2.1125 0.0018 0.000279285
-2.0875 0.002 0.00034641
-2.0625 0.0032 0.00043359
-2.0375 0.0053 0.000682276
-2.0125 0.006 0.0006
-1.9875 0.006 0.00087178
-1.9625 0.0079 0.00104379
-1.9375 0.0099 0.0012528
-1.9125 0.0123 0.0012512
-1.8875 0.0139 0.00134518
-1.8625 0.0147 0.0014985
-1.8375 0.0198 0.0021536
-1.8125 0.0241 0.00142461
-1.7875 0.0256 0.00142548
-1.7625 0.0312 0.0017855
-1.7375 0.0372 0.00190997
-1.7125 0.0401 0.00226484
-1.6875 0.0548 0.00302457
-1.6625 0.0524 0.00292438
-1.6375 0.0646 0.00263856
-1.6125 0.0726 0.00305974
-1.5875 0.0769 0.00341606
-1.5625 0.0893 0.00316315
-1.5375 0.1009 0.00257478
-1.5125 0.1086 0.00306301
-1.4875 0.1303 0.00353914
-1.4625 0.1354 0.00415957
-1.4375 0.1516 0.00430256
-1.4125 0.1585 0.00495959
-1.3875 0.1728 0.00455719
-1.3625 0.1826 0.00315626
-1.3375 0.2023 0.00369669
-1.3125 0.2153 0.00507794
-1.2875 0.2255 0.00435402
-1.2625 0.2445 0.00615122
-1.2375 0.2545 0.00446514
-1.2125 0.2762 0.00457581
-1.1875 0.273 0.00453542
-1.1625 0.2974 0.00627551
-1.1375 0.3081 0.00691878
-1.1125 0.3204 0.00601764
-1.0875 0.3188 0.0069432
-1.0625 0.3407 0.00438469
-1.0375 0.3553 0.00609635
-1.0125 0.3699 0.00718258
-0.9875 0.3607 0.00722672
-0.9625 0.3643 0.00698609
-0.9375 0.3678 0.00690637
-0.9125 0.389 0.00858312
-0.8875 0.3825 0.0065892
-0.8625 0.3831 0.00777493
-0.8375 0.3909 0.00499695
-0.8125 0.3948 0.00522379
-0.7875 0.396 0.0054754
-0.7625 0.3831 0.00646912
-0.7375 0.3947 0.00562366
-0.7125 0.3913 0.00599045
-0.6875 0.3956 0.00688418
-0.6625 0.3825 0.00691502
-0.6375 0.3932 0.0073816
-0.6125 0.3912 0.00550164
-0.5875 0.3712 0.00727241
-0.5625 0.3778 0.00522283
-0.5375 0.3569 0.00657644
-0.5125 0.36 0.00704131
-0.4875 0.3638 0.00610721
-0.4625 0.3645 0.00692369
-0.4375 0.3502 0.00508704
-0.4125 0.3403 0.00739632
-0.3875 0.345 0.00784156
-0.3625 0.336 0.00591101
-0.3375 0.3408 0.00612927
-0.3125 0.3317 0.00642227
-0.2875 0.3253 0.00616486
-0.2625 0.3338 0.00688317
-0.2375 0.3262 0.00561409
-0.2125 0.3285 0.00554234
-0.1875 0.3166 0.00485613
-0.1625 0.3172 0.00662631
-0.1375 0.3215 0.00498372
-0.1125 0.3043 0.00510152
-0.0875 0.308 0.0072
-0.0625 0.3157 0.00423857
-0.0375 0.3093 0.00651962
-0.0125 0.3043 0.00727774
0.0125 0.3107 0.00572062
0.0375 0.3061 0.00410968
0.0625 0.3088 0.00509784
0.0875 0.3119 0.00522585
0.1125 0.3084 0.0050012
0.1375 0.3116 0.00569315
0.1625 0.3082 0.00556938
0.1875 0.3167 0.00626941
0.2125 0.33 0.0056107
0.2375 0.3329 0.00608354
0.2625 0.3263 0.00830334
0.2875 0.336 0.00636867
0.3125 0.3309 0.00710841
0.3375 0.3282 0.00382596
0.3625 0.3391 0.00540458
0.3875 0.3369 0.0053879
0.4125 0.3318 0.00669164
0.4375 0.3498 0.00539611
0.4625 0.3458 0.00738905
0.4875 0.352 0.00436578
0.5125 0.3614 0.0066168
0.5375 0.3594 0.00455434
0.5625 0.366 0.00480625
0.5875 0.373 0.00600916
0.6125 0.3796 0.00867249
0.6375 0.3742 0.00693527
0.6625 0.3865 0.00784203
0.6875 0.3871 0.00816269
0.7125 0.3854 0.00718067
0.7375 0.3806 0.00663641
0.7625 0.3975 0.00837959
0.7875 0.3776 0.00591709
0.8125 0.3838 0.00508901
0.8375 0.381 0.00735731
0.8625 0.3861 0.00603403
0.8875 0.382 0.00649615
0.9125 0.3856 0.006955
0.9375 0.3735 0.00549523
0.9625 0.3686 0.00702011
0.9875 0.365 0.00567186
1.0125 0.3527 0.00593342
1.0375 0.3602 0.00679691
1.0625 0.3453 0.00682243
1.0875 0.3349 0.00639293
1.1125 0.3197 0.00404543
1.1375 0.3191 0.00590165
1.1625 0.302 0.00611392
1.1875 0.2873 0.00545578
1.2125 0.2689 0.00454857
1.2375 0.257 0.00485283
1.2625 0.2413 0.00455692
1.2875 0.2258 0.00462796
1.3125 0.2197 0.00493412
1.3375 0.2026 0.00573777
1.3625 0.1978 0.00483921
1.3875 0.174 0.00363318
1.4125 0.164 0.00468188
1.4375 0.1514 0.00356959
1.4625 0.1377 0.00317262
1.4875 0.1246 0.00403757
1.5125 0.1147 0.00262783
1.5375 0.1007 0.00359521
1.5625 0.0911 0.0030413
1.5875 0.0808 0.00246333
1.6125 0.0736 0.00290034
1.6375 0.0663 0.00243423
1.6625 0.0609 0.00224711
1.6875 0.0487 0.0020556
1.7125 0.0436 0.00223875
1.7375 0.0344 0.00208135
1.7625 0.0341 0.00206628
1.7875 0.0291 0.00214231
1.8125 0.0236 0.001998
1.8375 0.02 0.00141421
1.8625 0.016 0.00123288
1.8875 0.0151 0.00111781
1.9125 0.0114 0.00110544
1.9375 0.0079 0.000727668
1.9625 0.0086 0.001001
1.9875 0.006 0.000812404
2.0125 0.0044 0.000701427
2.0375 0.0035 0.000630476
2.0625 0.0024 0.000593296
2.0875 0.0032 0.000554977
2.1125 0.0022 0.000545894
2.1375 0.0015 0.000396863
2.1625 0.001 0.000264575
2.1875 0.0007 0.00025593
2.2125 0.0005 0.000193649
2.2375 0.0003 0.000159687
2.2625 0.0002 0.000134164
2.2875 0.0002 0.000134164
2.3125 0.0002 0.000194936
2.3375 0.0003 0.000159687
2.3625 0 0
2.3875 0.0001 9.74679e-05
2.4125 0 0
2.4375 0 0
2.4625 0 0
2.4875 0 0
2.5125 0 0
2.5375 0.0001 9.74679e-05
2.5625 0 0
2.5875 0 0
2.6125 0 0
2.6375 0 0
2.6625 0 0
2.6875 0 0
2.7125 0 0
2.7375 0 0
2.7625 0 0
2.7875 0 0
2.8125 0 0
2.8375 0 0
2.8625 0 0
2.8875 0 0
2.9125 0 0
2.9375 0 0
2.9625 0 0
2.9875 0 0
3.0125 0 0
3.0375 0 0
3.0625 0 0
3.0875 0 0
3.1125 0 0
3.1375 0 0
3.1625 0 0
3.1875 0 0
3.2125 0 0
3.2375 0 0
3.2625 0 0
3.2875 0 0
3.3125 0 0
3.3375 0 0
3.3625 0 0
3.3875 0 0
3.4125 0 0
3.4375 0 0
3.4625 0 0
3.4875 0 0
3.5125 0 0
3.5375 0 0
3.5625 0 0
3.5875 0 0
3.6125 0 0
3.6375 0 0
3.6625 0 0
3.6875 0 0
3.7125 0 0
3.7375 0 0
3.7625 0 0
3.7875 0 0
3.8125 0 0
3.8375 0 0
3.8625 0 0
3.8875 0 0
3.9125 0 0
3.9375 0 0
3.9625 0 0
3.9875 0 0
4.0125 0 0
4.0375 0 0
4.0625 0 0
4.0875 0 0
4.1125 0 0
4.1375 0 0
4.1625 0 0
4.1875 0 0
4.2125 0 0
4.2375 0 0
4.2625 0 0
4.2875 0 0
4.3125 0 0
4.3375 0 0
4.3625 0 0
4.3875 0 0
4.4125 0 0
4.4375 0 0
4.4625 0 0
4.4875 0 0
4.5125 0 0
4.5375 0 0
4.5625 0 0
4.5875 0 0
4.6125 0 0
4.6375 0 0
4.6625 0 0
4.6875 0 0
4.7125 0 0
4.7375 0 0
4.7625 0 0
4.7875 0 0
4.8125 0 0
4.8375 0 0
4.8625 0 0
4.8875 0 0
4.9125 0 0
4.9375 0 0
4.9625 0 0
4.9875 0 0
