-4.9875 0 0
-4.9625 0 0
-4.9375 0 0
-4.9125 0 0
-4.8875 0 0
-4.8625 0 0
-4.8375 0 0
-4.8125 0 0
-4.7875 0 0
-4.7625 0 0
-4.7375 0 0
-4.7125 0 0
-4.6875 0 0
-4.6625 0 0
-4.6375 0 0
-4.6125 0 0
-4.5875 0 0
-4.5625 0 0
-4.5375 0 0
-4.5125 0 0
-4.4875 0 0
-4.4625 0 0
-4.4375 0 0
-4.4125 0 0
-4.3875 0 0
-4.3625 0 0
-4.3375 0 0
-4.3125 0 0
-4.2875 0 0
-4.2625 0 0
-4.2375 0 0
-4.2125 0 0
-4.1875 0 0
-4.1625 0 0
-4.1375 0 0
-4.1125 0 0
-4.0875 0 0
-4.0625 0 0
-4.0375 0 0
-4.0125 0 0
-3.9875 0 0
-3.9625 0 0
-3.9375 0 0
-3.9125 0 0
-3.8875 0 0
-3.8625 0 0
-3.8375 0 0
-3.8125 0 0
-3.7875 0 0
-3.7625 0 0
-3.7375 0 0
-3.7125 0 0
-3.6875 0 0
-3.6625 0 0
-3.6375 0 0
-3.6125 0 0
-3.5875 0 0
-3.5625 0 0
-3.5375 0 0
-3.5125 0 0
-3.4875 0 0
-3.4625 0 0
-3.4375 0 0
-3.4125 0 0
-3.3875 0 0
-3.3625 0 0
-3.3375 0 0
-3.3125 0 0
-3.2875 0 0
-3.2625 0 0
-3.2375 0 0
-3.2125 0 0
-3.1875 0 0
-3.1625 0 0
-3.1375 0 0
-3.1125 0 0
-3.0875 0 0
-3.0625 0 0
-3.0375 0 0
-3.0125 0 0
-2.9875 0 0
-2.9625 0 0
-2.9375 0 0
-2.9125 0 0
-2.8875 0 0
-2.8625 0 0
-2.8375 0 0
-2.8125 0 0
-2.7875 0 0
-2.7625 0 0
-2.7375 0 0
-2.7125 0 0
-2.6875 0 0
-2.6625 0 0
-2.6375 0 0
-2.6125 0 0
-2.5875 0 0
-2.5625 0 0
-2.5375 0 0
-2.5125 2.38095e-05 2.32067e-05
-2.4875 2.38095e-05 2.32067e-05
-2.4625 4.7619e-05 3.19438e-05
-2.4375 2.38095e-05 2.32067e-05
-2.4125 4.7619e-05 3.19438e-05
-2.3875 0.000119048 5.70932e-05
-2.3625 0.000166667 7.73352e-05
-2.3375 0.000285714 8.51835e-05
-2.3125 0.00047619 0.000101015
-2.2875 0.000333333 0.000101575
-2.2625 0.000690476 0.000136672
-2.2375 0.000714286 0.000119048
-2.2125 0.000809524 0.000147157
-2.1875 0.00111905 0.000179047
-2.1625 0.00169048 0.000261851
-2.1375 0.00180952 0.000192254
-2.1125 0.00233333 0.000207293
-2.0875 0.00269048 0.000238749
-2.0625 0.00361905 0.000344046
-2.0375 0.00366667 0.00030879
-2.0125 0.00533333 0.000330944
-1.9875 0.00680952 0.000460577
-1.9625 0.00757143 0.000446579
-1.9375 0.0100476 0.000451628
-1.9125 0.0122143 0.000509852
-1.8875 0.014619 0.000516288
-1.8625 0.0185238 0.000982788
-1.8375 0.0208333 0.001014
-1.8125 0.0246905 0.000909932
-1.7875 0.0269524 0.00103751
-1.7625 0.0322857 0.000995796
-1.7375 0.0387381 0.00104234
-1.7125 0.0444762 0.00115882
-1.6875 0.0520476 0.00184185
-1.6625 0.0576429 0.00148136
-1.6375 0.0634762 0.00137152
-1.6125 0.0736667 0.00154491
-1.5875 0.0827619 0.00155131
-1.5625 0.0934048 0.00135914
-1.5375 0.10419 0.00208754
-1.5125 0.116167 0.00159878
-1.4875 0.12569 0.00205742
-1.4625 0.140071 0.00228156
-1.4375 0.1485 0.00246202
-1.4125 0.161143 0.00296778
-1.3875 0.175119 0.00214044
-1.3625 0.188905 0.00260627
-1.3375 0.205024 0.00283033
-1.3125 0.221048 0.00289373
-1.2875 0.233214 0.00323194
-1.2625 0.2455 0.00252975
-1.2375 0.263762 0.00342889
-1.2125 0.278286 0.00393591
-1.1875 0.289881 0.00356458
-1.1625 0.300357 0.00372067
-1.1375 0.311119 0.00314777
-1.1125 0.321476 0.00224994
-1.0875 0.335333 0.00422464
-1.0625 0.343619 0.0034476
-1.0375 0.351381 0.00341431
-1.0125 0.365786 0.0045035
-0.9875 0.370262 0.00346467
-0.9625 0.375762 0.00391359
-0.9375 0.377976 0.004235
-0.9125 0.386595 0.00368091
-0.8875 0.388857 0.00298359
-0.8625 0.393952 0.00324458
-0.8375 0.396429 0.00321005
-0.8125 0.389595 0.00252432
-0.7875 0.395905 0.00480568
-0.7625 0.39819 0.00442711
-0.7375 0.391643 0.00323169
-0.7125 0.396643 0.00284272
-0.6875 0.387238 0.00334379
-0.6625 0.39331 0.00424671
-0.6375 0.389857 0.00305767
-0.6125 0.377119 0.00395044
-0.5875 0.373738 0.00297691
-0.5625 0.374548 0.00321216
-0.5375 0.36731 0.00319621
-0.5125 0.362738 0.00318921
-0.4875 0.357571 0.00262032
-0.4625 0.353 0.00284264
-0.4375 0.344571 0.00260872
-0.4125 0.341738 0.00388938
-0.3875 0.338429 0.00381088
-0.3625 0.333286 0.00320871
-0.3375 0.334357 0.00344939
-0.3125 0.325667 0.0030096
-0.2875 0.324786 0.00365218
-0.2625 0.317833 0.00340892
-0.2375 0.316571 0.0040533
-0.2125 0.315952 0.00240971
-0.1875 0.311929 0.00269216
-0.1625 0.310476 0.0024281
-0.1375 0.306643 0.0024616
-0.1125 0.311952 0.00340316
-0.0875 0.304095 0.00211982
-0.0625 0.306524 0.00249037
-0.0375 0.301214 0.00375534
-0.0125 0.30569 0.00271146
0.0125 0.297476 0.00262253
0.0375 0.297595 0.00430689
0.0625 0.30581 0.00307808
0.0875 0.31019 0.0035372
0.1125 0.307405 0.00256358
0.1375 0.302714 0.00255686
0.1625 0.310881 0.00338569
0.1875 0.312024 0.0022745
0.2125 0.3155 0.00283233
0.2375 0.320024 0.00238273
0.2625 0.322643 0.00245191
0.2875 0.319476 0.00311767
0.3125 0.330048 0.00261122
0.3375 0.330119 0.0026453
0.3625 0.335929 0.00314853
0.3875 0.339905 0.00297887
0.4125 0.343 0.00402122
0.4375 0.348071 0.00242494
0.4625 0.346167 0.00274863
0.4875 0.352548 0.00325421
0.5125 0.35819 0.00317116
0.5375 0.362119 0.0038014
0.5625 0.366929 0.00299706
0.5875 0.375548 0.00313586
0.6125 0.376548 0.00293019
0.6375 0.379643 0.0031477
0.6625 0.38369 0.00395365
0.6875 0.382405 0.00328096
0.7125 0.38269 0.00429091
0.7375 0.382119 0.00451333
0.7625 0.385524 0.00411931
0.7875 0.385524 0.00469095
0.8125 0.383 0.00401346
0.8375 0.391143 0.00420026
0.8625 0.389071 0.0031083
0.8875 0.376214 0.00493006
0.9125 0.382452 0.00359804
0.9375 0.374167 0.0039279
0.9625 0.367 0.00397599
0.9875 0.357214 0.00359031
1.0125 0.359548 0.00339626
1.0375 0.347476 0.00436502
1.0625 0.341429 0.00294334
1.0875 0.331786 0.00411869
1.1125 0.31869 0.00412735
1.1375 0.310595 0.00349
1.1625 0.29931 0.00382845
1.1875 0.290929 0.00319322
1.2125 0.272429 0.00308127
1.2375 0.258905 0.00370467
1.2625 0.244262 0.00332439
1.2875 0.232286 0.0028511
1.3125 0.220333 0.00284961
1.3375 0.203619 0.0025746
1.3625 0.192905 0.00206469
1.3875 0.176857 0.00287542
1.4125 0.167357 0.00275974
1.4375 0.15069 0.00260787
1.4625 0.141524 0.0024156
1.4875 0.130357 0.00225648
1.5125 0.11781 0.00205657
1.5375 0.105905 0.00212063
1.5625 0.0953333 0.00187736
1.5875 0.0827143 0.00181986
1.6125 0.0729048 0.00146729
1.6375 0.0705714 0.00163355
1.6625 0.0604048 0.00152874
1.6875 0.0525476 0.00118201
1.7125 0.0442619 0.00117681
1.7375 0.0378095 0.00137082
1.7625 0.0339762 0.00118296
1.7875 0.0278571 0.000779194
1.8125 0.0242143 0.000597875
1.8375 0.0188333 0.000810556
1.8625 0.0175476 0.000660923
1.8875 0.0140952 0.000635674
1.9125 0.011619 0.000581655
1.9375 0.00897619 0.000414142
1.9625 0.00804762 0.000605998
1.9875 0.0072619 0.000431044
2.0125 0.00585714 0.000436566
2.0375 0.00447619 0.000272304
2.0625 0.00352381 0.000282522
2.0875 0.00230952 0.000294074
2.1125 0.00197619 0.000236363
2.1375 0.00169048 0.000169951
2.1625 0.00133333 0.00021455
2.1875 0.001 0.000157575
2.2125 0.000809524 0.000143253
2.2375 0.000452381 0.000118929
2.2625 0.000333333 8.31631e-05
2.2875 0.000238095 7.14286e-05
2.3125 0.000238095 7.14286e-05
2.3375 9.52381e-05 4.25918e-05
2.3625 0.000166667 6.09356e-05
2.3875 9.52381e-05 5.42941e-05
2.4125 0.000190476 7.82461e-05
2.4375 4.7619e-05 3.19438e-05
2.4625 0.000119048 6.62829e-05
2.4875 0 0
2.5125 0 0
2.5375 0 0
2.5625 4.7619e-05 3.19438e-05
2.5875 0 0
2.6125 0 0
2.6375 0 0
2.6625 0 0
2.6875 0 0
2.7125 0 0
2.7375 0 0
2.7625 0 0
2.7875 0 0
2.8125 0 0
2.8375 0 0
2.8625 0 0
2.8875 0 0
2.9125 0 0
2.9375 0 0
2.9625 0 0
2.9875 0 0
3.0125 0 0
3.0375 0 0
3.0625 0 0
3.0875 0 0
3.1125 0 0
3.1375 0 0
3.1625 0 0
3.1875 0 0
3.2125 0 0
3.2375 0 0
3.2625 0 0
3.2875 0 0
3.3125 0 0
3.3375 0 0
3.3625 0 0
3.3875 0 0
3.4125 0 0
3.4375 0 0
3.4625 0 0
3.4875 0 0
3.5125 0 0
3.5375 0 0
3.5625 0 0
3.5875 0 0
3.6125 0 0
3.6375 0 0
3.6625 0 0
3.6875 0 0
3.7125 0 0
3.7375 0 0
3.7625 0 0
3.7875 0 0
3.8125 0 0
3.8375 0 0
3.8625 0 0
3.8875 0 0
3.9125 0 0
3.9375 0 0
3.9625 0 0
3.9875 0 0
4.0125 0 0
4.0375 0 0
4.0625 0 0
4.0875 0 0
4.1125 0 0
4.1375 0 0
4.1625 0 0
4.1875 0 0
4.2125 0 0
4.2375 0 0
4.2625 0 0
4.2875 0 0
4.3125 0 0
4.3375 0 0
4.3625 0 0
4.3875 0 0
4.4125 0 0
4.4375 0 0
4.4625 0 0
4.4875 0 0
4.5125 0 0
4.5375 0 0
4.5625 0 0
4.5875 0 0
4.6125 0 0
4.6375 0 0
4.6625 0 0
4.6875 0 0
4.7125 0 0
4.7375 0 0
4.7625 0 0
4.7875 0 0
4.8125 0 0
4.8375 0 0
4.8625 0 0
4.8875 0 0
4.9125 0 0
4.9375 0 0
4.9625 0 0
4.9875 0 0
