-4.9875 0 0
-4.9625 0 0
-4.9375 0 0
-4.9125 0 0
-4.8875 0 0
-4.8625 0 0
-4.8375 0 0
-4.8125 0 0
-4.7875 0 0
-4.7625 0 0
-4.7375 0 0
-4.7125 0 0
-4.6875 0 0
-4.6625 0 0
-4.6375 0 0
-4.6125 0 0
-4.5875 0 0
-4.5625 0 0
-4.5375 0 0
-4.5125 0 0
-4.4875 0 0
-4.4625 0 0
-4.4375 0 0
-4.4125 0 0
-4.3875 0 0
-4.3625 0 0
-4.3375 0 0
-4.3125 0 0
-4.2875 0 0
-4.2625 0 0
-4.2375 0 0
-4.2125 0 0
-4.1875 0 0
-4.1625 0 0
-4.1375 0 0
-4.1125 0 0
-4.0875 0 0
-4.0625 0 0
-4.0375 0 0
-4.0125 0 0
-3.9875 0 0
-3.9625 0 0
-3.9375 0 0
-3.9125 0 0
-3.8875 0 0
-3.8625 0 0
-3.8375 0 0
-3.8125 0 0
-3.7875 0 0
-3.7625 0 0
-3.7375 0 0
-3.7125 0 0
-3.6875 0 0
-3.6625 0 0
-3.6375 0 0
-3.6125 0 0
-3.5875 0 0
-3.5625 0 0
-3.5375 0 0
-3.5125 0 0
-3.4875 0 0
-3.4625 0 0
-3.4375 0 0
-3.4125 0 0
-3.3875 0 0
-3.3625 0 0
-3.3375 0 0
-3.3125 0 0
-3.2875 0 0
-3.2625 0 0
-3.2375 0 0
-3.2125 0 0
-3.1875 0 0
-3.1625 0 0
-3.1375 0 0
-3.1125 0 0
-3.0875 0 0
-3.0625 0 0
-3.0375 0 0
-3.0125 0 0
-2.9875 0 0
-2.9625 0 0
-2.9375 0 0
-2.9125 0 0
-2.8875 0 0
-2.8625 0 0
-2.8375 0 0
-2.8125 0 0
-2.7875 0 0
-2.7625 0 0
-2.7375 0 0
-2.7125 0 0
-2.6875 0 0
-2.6625 0 0
-2.6375 0 0
-2.6125 0 0
-2.5875 0 0
-2.5625 0 0
-2.5375 0 0
-2.5125 4.54545e-05 4.43036e-05
-2.4875 0 0
-2.4625 4.54545e-05 4.43036e-05
-2.4375 0 0
-2.4125 4.54545e-05 4.43036e-05
-2.3875 4.54545e-05 4.43036e-05
-2.3625 9.09091e-05 6.09837e-05
-2.3375 9.09091e-05 6.09837e-05
-2.3125 0.000227273 8.80223e-05
-2.2875 0.000318182 0.000132911
-2.2625 0.000409091 0.00010113
-2.2375 0.000363636 0.000118531
-2.2125 0.000772727 0.00025933
-2.1875 0.000727273 0.00015212
-2.1625 0.00145455 0.000354429
-2.1375 0.00159091 0.00037962
-2.1125 0.00204545 0.000271779
-2.0875 0.0025 0.000405922
-2.0625 0.00295455 0.000368574
-2.0375 0.004 0.000495434
-2.0125 0.00463636 0.000493344
-1.9875 0.00695455 0.000795844
-1.9625 0.00654545 0.000479325
-1.9375 0.00913636 0.000764596
-1.9125 0.0116818 0.00100057
-1.8875 0.0135909 0.000742664
-1.8625 0.0168182 0.000919261
-1.8375 0.0179091 0.00127127
-1.8125 0.0216818 0.000932151
-1.7875 0.0297273 0.00146882
-1.7625 0.0331818 0.00131347
-1.7375 0.0385909 0.00149306
-1.7125 0.0435 0.0015631
-1.6875 0.0484091 0.00176733
-1.6625 0.0545455 0.00152798
-1.6375 0.0627273 0.00190367
-1.6125 0.0726364 0.00277079
-1.5875 0.084 0.00206746
-1.5625 0.0911364 0.00275357
-1.5375 0.103045 0.00200853
-1.5125 0.115455 0.00252181
-1.4875 0.122727 0.00237062
-1.4625 0.133636 0.00311554
-1.4375 0.155045 0.00364288
-1.4125 0.164682 0.00296834
-1.3875 0.175409 0.00288232
-1.3625 0.194318 0.00464299
-1.3375 0.204773 0.00347594
-1.3125 0.215273 0.00390253
-1.2875 0.228818 0.00324808
-1.2625 0.249364 0.00301107
-1.2375 0.260182 0.00381688
-1.2125 0.275227 0.00424501
-1.1875 0.290773 0.004234
-1.1625 0.302182 0.00430759
-1.1375 0.304227 0.00487457
-1.1125 0.323409 0.00513289
-1.0875 0.331773 0.00365703
-1.0625 0.350091 0.0030123
-1.0375 0.348318 0.0030931
-1.0125 0.370318 0.00546373
-0.9875 0.371045 0.00602929
-0.9625 0.373818 0.00430241
-0.9375 0.381409 0.00311121
-0.9125 0.392182 0.00378852
-0.8875 0.391909 0.00311349
-0.8625 0.398818 0.00523028
-0.8375 0.394 0.00402595
-0.8125 0.395136 0.00444539
-0.7875 0.402091 0.00483663
-0.7625 0.402227 0.00484746
-0.7375 0.391182 0.00432755
-0.7125 0.399182 0.0056528
-0.6875 0.392182 0.00377596
-0.6625 0.387773 0.00493029
-0.6375 0.388818 0.00516428
-0.6125 0.388545 0.00462717
-0.5875 0.383591 0.00495495
-0.5625 0.389727 0.00353384
-0.5375 0.373636 0.00471239
-0.5125 0.363182 0.00399406
-0.4875 0.361273 0.00506707
-0.4625 0.357455 0.00462592
-0.4375 0.353455 0.00371928
-0.4125 0.347909 0.00419617
-0.3875 0.346318 0.00359377
-0.3625 0.330455 0.00481454
-0.3375 0.338409 0.00523453
-0.3125 0.330818 0.00375923
-0.2875 0.317364 0.00431742
-0.2625 0.323727 0.00302804
-0.2375 0.313182 0.00460484
-0.2125 0.315864 0.00482995
-0.1875 0.314227 0.00442396
-0.1625 0.307909 0.00420895
-0.1375 0.311409 0.00400025
-0.1125 0.304727 0.00436771
-0.0875 0.304 0.00373359
-0.0625 0.297818 0.00355906
-0.0375 0.304318 0.00324602
-0.0125 0.303136 0.00385291
0.0125 0.299545 0.00364119
0.0375 0.299818 0.0051106
0.0625 0.299409 0.00480155
0.0875 0.304273 0.0031499
0.1125 0.299455 0.00407492
0.1375 0.308591 0.00551724
0.1625 0.311818 0.00370336
0.1875 0.317409 0.00547808
0.2125 0.315455 0.00337161
0.2375 0.321 0.00407264
0.2625 0.321045 0.00376712
0.2875 0.3175 0.00412955
0.3125 0.319136 0.00489032
0.3375 0.333091 0.00490589
0.3625 0.332136 0.00288289
0.3875 0.341182 0.00348675
0.4125 0.339091 0.00313867
0.4375 0.347273 0.00318377
0.4625 0.350773 0.00515995
0.4875 0.358591 0.00424531
0.5125 0.360318 0.00399342
0.5375 0.369455 0.00369632
0.5625 0.366182 0.00360016
0.5875 0.368636 0.00373696
0.6125 0.379273 0.00450142
0.6375 0.381318 0.00524423
0.6625 0.381318 0.00506873
0.6875 0.372227 0.00509759
0.7125 0.391091 0.00494332
0.7375 0.391318 0.00483978
0.7625 0.388636 0.00607852
0.7875 0.389545 0.00622561
0.8125 0.3895 0.00663931
0.8375 0.387273 0.00606371
0.8625 0.389773 0.00502468
0.8875 0.385136 0.00600526
0.9125 0.3725 0.00447162
0.9375 0.367909 0.00629348
0.9625 0.369955 0.00601186
0.9875 0.362455 0.00349622
1.0125 0.358591 0.00403214
1.0375 0.343182 0.00481454
1.0625 0.336727 0.0058201
1.0875 0.325591 0.00459531
1.1125 0.316227 0.00380641
1.1375 0.311273 0.00439355
1.1625 0.295045 0.00446958
1.1875 0.287364 0.00421229
1.2125 0.271955 0.00289362
1.2375 0.253455 0.00444461
1.2625 0.249227 0.00343732
1.2875 0.236182 0.00274585
1.3125 0.215318 0.00358444
1.3375 0.210909 0.00427853
1.3625 0.197455 0.00386155
1.3875 0.176818 0.00318409
1.4125 0.166091 0.0035993
1.4375 0.148636 0.00268874
1.4625 0.141727 0.00271885
1.4875 0.128773 0.00262637
1.5125 0.115409 0.00276151
1.5375 0.102364 0.00296843
1.5625 0.0895909 0.00171825
1.5875 0.0807727 0.00203205
1.6125 0.0695909 0.00174923
1.6375 0.0610455 0.00203104
1.6625 0.0568636 0.00159477
1.6875 0.0486364 0.00136288
1.7125 0.0405909 0.00145494
1.7375 0.0328636 0.0013396
1.7625 0.0317273 0.00105215
1.7875 0.0246364 0.00116225
1.8125 0.0223636 0.0010629
1.8375 0.0188636 0.00140229
1.8625 0.0159545 0.000816855
1.8875 0.0134091 0.00105602
1.9125 0.0112727 0.000594048
1.9375 0.00945455 0.000594048
1.9625 0.00777273 0.000681742
1.9875 0.006 0.000447214
2.0125 0.00422727 0.000432535
2.0375 0.00377273 0.000568727
2.0625 0.00309091 0.000360211
2.0875 0.00281818 0.000374276
2.1125 0.00154545 0.00029528
2.1375 0.00118182 0.000265822
2.1625 0.00109091 0.000165145
2.1875 0.00136364 0.00024478
2.2125 0.000863636 0.000187138
2.2375 0.000454545 0.000163889
2.2625 0.000227273 8.80223e-05
2.2875 0.000318182 9.69579e-05
2.3125 0.000227273 0.000108996
2.3375 0 0
2.3625 0.000136364 9.69579e-05
2.3875 4.54545e-05 4.43036e-05
2.4125 0 0
2.4375 4.54545e-05 4.43036e-05
2.4625 0 0
2.4875 0 0
2.5125 0 0
2.5375 0 0
2.5625 0 0
2.5875 0 0
2.6125 0 0
2.6375 4.54545e-05 4.43036e-05
2.6625 0 0
2.6875 0 0
2.7125 0 0
2.7375 0 0
2.7625 0 0
2.7875 0 0
2.8125 0 0
2.8375 0 0
2.8625 0 0
2.8875 0 0
2.9125 0 0
2.9375 0 0
2.9625 0 0
2.9875 0 0
3.0125 0 0
3.0375 0 0
3.0625 0 0
3.0875 0 0
3.1125 0 0
3.1375 0 0
3.1625 0 0
3.1875 0 0
3.2125 0 0
3.2375 0 0
3.2625 0 0
3.2875 0 0
3.3125 0 0
3.3375 0 0
3.3625 0 0
3.3875 0 0
3.4125 0 0
3.4375 0 0
3.4625 0 0
3.4875 0 0
3.5125 0 0
3.5375 0 0
3.5625 0 0
3.5875 0 0
3.6125 0 0
3.6375 0 0
3.6625 0 0
3.6875 0 0
3.7125 0 0
3.7375 0 0
3.7625 0 0
3.7875 0 0
3.8125 0 0
3.8375 0 0
3.8625 0 0
3.8875 0 0
3.9125 0 0
3.9375 0 0
3.9625 0 0
3.9875 0 0
4.0125 0 0
4.0375 0 0
4.0625 0 0
4.0875 0 0
4.1125 0 0
4.1375 0 0
4.1625 0 0
4.1875 0 0
4.2125 0 0
4.2375 0 0
4.2625 0 0
4.2875 0 0
4.3125 0 0
4.3375 0 0
4.3625 0 0
4.3875 0 0
4.4125 0 0
4.4375 0 0
4.4625 0 0
4.4875 0 0
4.5125 0 0
4.5375 0 0
4.5625 0 0
4.5875 0 0
4.6125 0 0
4.6375 0 0
4.6625 0 0
4.6875 0 0
4.7125 0 0
4.7375 0 0
4.7625 0 0
4.7875 0 0
4.8125 0 0
4.8375 0 0
4.8625 0 0
4.8875 0 0
4.9125 0 0
4.9375 0 0
4.9625 0 0
4.9875 0 0
