-4.9875 0 0
-4.9625 0 0
-4.9375 0 0
-4.9125 0 0
-4.8875 0 0
-4.8625 0 0
-4.8375 0 0
-4.8125 0 0
-4.7875 0 0
-4.7625 0 0
-4.7375 0 0
-4.7125 0 0
-4.6875 0 0
-4.6625 0 0
-4.6375 0 0
-4.6125 0 0
-4.5875 0 0
-4.5625 0 0
-4.5375 0 0
-4.5125 0 0
-4.4875 0 0
-4.4625 0 0
-4.4375 0 0
-4.4125 0 0
-4.3875 0 0
-4.3625 0 0
-4.3375 0 0
-4.3125 0 0
-4.2875 0 0
-4.2625 0 0
-4.2375 0 0
-4.2125 0 0
-4.1875 0 0
-4.1625 0 0
-4.1375 0 0
-4.1125 0 0
-4.0875 0 0
-4.0625 0 0
-4.0375 0 0
-4.0125 0 0
-3.9875 0 0
-3.9625 0 0
-3.9375 0 0
-3.9125 0 0
-3.8875 0 0
-3.8625 0 0
-3.8375 0 0
-3.8125 0 0
-3.7875 0 0
-3.7625 0 0
-3.7375 0 0
-3.7125 0 0
-3.6875 0 0
-3.6625 0 0
-3.6375 0 0
-3.6125 0 0
-3.5875 0 0
-3.5625 0 0
-3.5375 0 0
-3.5125 0 0
-3.4875 0 0
-3.4625 0 0
-3.4375 0 0
-3.4125 0 0
-3.3875 0 0
-3.3625 0 0
-3.3375 0 0
-3.3125 0 0
-3.2875 0 0
-3.2625 0 0
-3.2375 0 0
-3.2125 0 0
-3.1875 0 0
-3.1625 0 0
-3.1375 0 0
-3.1125 0 0
-3.0875 0 0
-3.0625 0 0
-3.0375 0 0
-3.0125 0 0
-2.9875 0 0
-2.9625 0 0
-2.9375 0 0
-2.9125 0 0
-2.8875 0 0
-2.8625 0 0
-2.8375 0 0
-2.8125 0 0
-2.7875 0 0
-2.7625 0 0
-2.7375 0 0
-2.7125 0 0
-2.6875 0 0
-2.6625 0 0
-2.6375 0 0
-2.6125 0 0
-2.5875 2.43902e-05 1.63615e-05
-2.5625 1.21951e-05 1.18863e-05
-2.5375 1.21951e-05 1.18863e-05
-2.5125 1.21951e-05 1.18863e-05
-2.4875 1.21951e-05 1.18863e-05
-2.4625 2.43902e-05 1.63615e-05
-2.4375 3.65854e-05 1.9474e-05
-2.4125 7.31707e-05 2.49926e-05
-2.3875 0.000134146 4.38855e-05
-2.3625 0.000158537 4.65176e-05
-2.3375 7.31707e-05 2.49926e-05
-2.3125 0.000243902 4.87805e-05
-2.2875 0.000268293 6.65724e-05
-2.2625 0.000317073 6.47606e-05
-2.2375 0.000768293 7.1682e-05
-2.2125 0.000682927 9.5403e-05
-2.1875 0.001 0.000107566
-2.1625 0.00128049 0.000154137
-2.1375 0.00173171 0.000156079
-2.1125 0.00160976 0.000193899
-2.0875 0.00234146 0.000210803
-2.0625 0.00308537 0.000237273
-2.0375 0.00403659 0.000281004
-2.0125 0.00492683 0.000355797
-1.9875 0.0067561 0.000297771
-1.9625 0.00795122 0.000442869
-1.9375 0.00985366 0.000357382
-1.9125 0.0107561 0.00047854
-1.8875 0.0138293 0.000447779
-1.8625 0.0175854 0.000598407
-1.8375 0.0202439 0.000702041
-1.8125 0.024378 0.000565326
-1.7875 0.0284634 0.000851583
-1.7625 0.0339634 0.000922628
-1.7375 0.0397317 0.00110174
-1.7125 0.0456098 0.000950437
-1.6875 0.0525244 0.00121147
-1.6625 0.0582317 0.00132269
-1.6375 0.068378 0.00130383
-1.6125 0.0747683 0.0011327
-1.5875 0.0850732 0.0015575
-1.5625 0.0942073 0.00133367
-1.5375 0.107122 0.00185314
-1.5125 0.119317 0.0017303
-1.4875 0.129451 0.00197372
-1.4625 0.142207 0.00250552
-1.4375 0.152756 0.00283767
-1.4125 0.165671 0.00228709
-1.3875 0.180841 0.00314528
-1.3625 0.195585 0.00337564
-1.3375 0.209646 0.00297253
-1.3125 0.224768 0.00319635
-1.2875 0.237866 0.00426309
-1.2625 0.250451 0.00341513
-1.2375 0.262634 0.00303139
-1.2125 0.277561 0.00363382
-1.1875 0.289683 0.00420462
-1.1625 0.303512 0.00311778
-1.1375 0.310561 0.00383133
-1.1125 0.32228 0.00326088
-1.0875 0.335524 0.00359039
-1.0625 0.346549 0.00416696
-1.0375 0.351329 0.00415353
-1.0125 0.360195 0.00299129
-0.9875 0.364866 0.0038294
-0.9625 0.372915 0.00376841
-0.9375 0.376049 0.00398848
-0.9125 0.381451 0.00361731
-0.8875 0.386134 0.00341817
-0.8625 0.389085 0.00364925
-0.8375 0.388841 0.00325324
-0.8125 0.3915 0.00198337
-0.7875 0.393073 0.00251866
-0.7625 0.391378 0.00367348
-0.7375 0.387915 0.00358165
-0.7125 0.390171 0.00300812
-0.6875 0.386293 0.00296106
-0.6625 0.384561 0.00351567
-0.6375 0.381988 0.00268804
-0.6125 0.379829 0.00222848
-0.5875 0.376085 0.00317951
-0.5625 0.373268 0.00312245
-0.5375 0.369488 0.00306915
-0.5125 0.359317 0.00238885
-0.4875 0.356683 0.00206306
-0.4625 0.353366 0.00248138
-0.4375 0.349451 0.00236698
-0.4125 0.346878 0.00229823
-0.3875 0.34039 0.00247867
-0.3625 0.336012 0.00265099
-0.3375 0.327049 0.00214585
-0.3125 0.324061 0.0016708
-0.2875 0.3215 0.00253426
-0.2625 0.319671 0.00225252
-0.2375 0.322122 0.00193761
-0.2125 0.31 0.00203385
-0.1875 0.314122 0.00210859
-0.1625 0.305024 0.0019562
-0.1375 0.304488 0.00271666
-0.1125 0.300244 0.0019051
-0.0875 0.296329 0.00197248
-0.0625 0.300134 0.00308898
-0.0375 0.293866 0.00254853
-0.0125 0.300037 0.00241145
0.0125 0.300732 0.00273437
0.0375 0.303354 0.00285251
0.0625 0.301866 0.00259136
0.0875 0.301902 0.00240789
0.1125 0.301537 0.00237226
0.1375 0.305463 0.00218449
0.1625 0.306134 0.00266068
0.1875 0.309183 0.00232976
0.2125 0.312268 0.0021581
0.2375 0.317793 0.00230513
0.2625 0.320744 0.00346455
0.2875 0.323841 0.00248523
0.3125 0.329829 0.00276203
0.3375 0.329268 0.00282664
0.3625 0.334841 0.00277483
0.3875 0.338195 0.00267734
0.4125 0.342073 0.00279023
0.4375 0.347354 0.00376034
0.4625 0.352646 0.00262902
0.4875 0.356573 0.00341195
0.5125 0.366024 0.00264542
0.5375 0.364988 0.00280151
0.5625 0.365415 0.00366672
0.5875 0.371695 0.00288885
0.6125 0.374366 0.00213097
0.6375 0.383927 0.00326606
0.6625 0.382488 0.00322351
0.6875 0.384524 0.00282335
0.7125 0.386463 0.00257519
0.7375 0.391951 0.0029831
0.7625 0.392634 0.00329145
0.7875 0.391341 0.0036155
0.8125 0.389037 0.0027052
0.8375 0.388768 0.00315948
0.8625 0.38672 0.00365367
0.8875 0.383915 0.00375869
0.9125 0.38111 0.00344988
0.9375 0.375915 0.00341829
0.9625 0.369512 0.00344563
0.9875 0.36472 0.00321855
1.0125 0.355122 0.00286022
1.0375 0.350756 0.00350817
1.0625 0.342732 0.00387316
1.0875 0.333476 0.00279871
1.1125 0.321146 0.00400921
1.1375 0.30839 0.00350997
1.1625 0.298951 0.00338696
1.1875 0.285098 0.00267081
1.2125 0.274585 0.00304896
1.2375 0.257598 0.00281643
1.2625 0.248171 0.00259148
1.2875 0.235415 0.0027074
1.3125 0.219512 0.00210951
1.3375 0.205488 0.00276878
1.3625 0.191939 0.00237473
1.3875 0.17878 0.00270979
1.4125 0.165159 0.00191361
1.4375 0.152317 0.00213233
1.4625 0.141085 0.00173552
1.4875 0.127866 0.00152901
1.5125 0.116061 0.00203086
1.5375 0.1035 0.00160617
1.5625 0.0947195 0.00188044
1.5875 0.0870976 0.00136921
1.6125 0.0765854 0.001299
1.6375 0.0677927 0.00135508
1.6625 0.0586585 0.0010731
1.6875 0.0521951 0.000905072
1.7125 0.0444756 0.00124799
1.7375 0.0403537 0.000919172
1.7625 0.0336951 0.000806037
1.7875 0.0292683 0.000747393
1.8125 0.0243537 0.000746253
1.8375 0.019939 0.000641578
1.8625 0.0175976 0.000508194
1.8875 0.0139756 0.000452405
1.9125 0.0118049 0.000450197
1.9375 0.00993902 0.000402208
1.9625 0.00778049 0.000182438
1.9875 0.0062561 0.0004042
2.0125 0.00540244 0.000239767
2.0375 0.0040122 0.000263525
2.0625 0.00317073 0.000190494
2.0875 0.00264634 0.000185971
2.1125 0.00209756 0.000150747
2.1375 0.00143902 0.000153193
2.1625 0.00112195 0.000153678
2.1875 0.000695122 9.33146e-05
2.2125 0.000609756 8.70906e-05
2.2375 0.00052439 6.51612e-05
2.2625 0.000280488 5.79108e-05
2.2875 0.000231707 5.58185e-05
2.3125 0.000182927 4.18028e-05
2.3375 0.000170732 4.59547e-05
2.3625 0.000109756 2.71324e-05
2.3875 4.87805e-05 2.18153e-05
2.4125 2.43902e-05 1.63615e-05
2.4375 3.65854e-05 1.9474e-05
2.4625 1.21951e-05 1.18863e-05
2.4875 3.65854e-05 1.9474e-05
2.5125 1.21951e-05 1.18863e-05
2.5375 4.87805e-05 3.27229e-05
2.5625 0 0
2.5875 1.21951e-05 1.18863e-05
2.6125 0 0
2.6375 0 0
2.6625 0 0
2.6875 0 0
2.7125 1.21951e-05 1.18863e-05
2.7375 0 0
2.7625 0 0
2.7875 0 0
2.8125 0 0
2.8375 0 0
2.8625 0 0
2.8875 0 0
2.9125 0 0
2.9375 0 0
2.9625 0 0
2.9875 0 0
3.0125 0 0
3.0375 0 0
3.0625 0 0
3.0875 0 0
3.1125 0 0
3.1375 0 0
3.1625 0 0
3.1875 0 0
3.2125 0 0
3.2375 0 0
3.2625 0 0
3.2875 0 0
3.3125 0 0
3.3375 0 0
3.3625 0 0
3.3875 0 0
3.4125 0 0
3.4375 0 0
3.4625 0 0
3.4875 0 0
3.5125 0 0
3.5375 0 0
3.5625 0 0
3.5875 0 0
3.6125 0 0
3.6375 0 0
3.6625 0 0
3.6875 0 0
3.7125 0 0
3.7375 0 0
3.7625 0 0
3.7875 0 0
3.8125 0 0
3.8375 0 0
3.8625 0 0
3.8875 0 0
3.9125 0 0
3.9375 0 0
3.9625 0 0
3.9875 0 0
4.0125 0 0
4.0375 0 0
4.0625 0 0
4.0875 0 0
4.1125 0 0
4.1375 0 0
4.1625 0 0
4.1875 0 0
4.2125 0 0
4.2375 0 0
4.2625 0 0
4.2875 0 0
4.3125 0 0
4.3375 0 0
4.3625 0 0
4.3875 0 0
4.4125 0 0
4.4375 0 0
4.4625 0 0
4.4875 0 0
4.5125 0 0
4.5375 0 0
4.5625 0 0
4.5875 0 0
4.6125 0 0
4.6375 0 0
4.6625 0 0
4.6875 0 0
4.7125 0 0
4.7375 0 0
4.7625 0 0
4.7875 0 0
4.8125 0 0
4.8375 0 0
4.8625 0 0
4.8875 0 0
4.9125 0 0
4.9375 0 0
4.9625 0 0
4.9875 0 0
