                   1         -0.44399549         -0.44399549                   0
                   2         -0.44314859         -0.44357204       0.00042344692
                   3         -0.44331928         -0.44348779       0.00025858784
                   4         -0.44492849         -0.44384796       0.00040393182
                   5         -0.44337224         -0.44375282       0.00032703086
                   6         -0.44549885         -0.44404382       0.00039494754
                   7         -0.44379143         -0.44400777       0.00033573337
                   8         -0.44358288         -0.44395466       0.00029556458
                   9         -0.44368439         -0.44392463       0.00026238757
                  10         -0.44347149         -0.44387931       0.00023902109
                  11         -0.44376631         -0.44386904       0.00021644661
                  12         -0.44566412         -0.44401863       0.00024782688
                  13         -0.44433158          -0.4440427        0.0002292351
                  14         -0.44473963         -0.44409248       0.00021799056
                  15         -0.44450854         -0.44412022       0.00020482488
                  16         -0.44327841         -0.44406761       0.00019868873
                  17         -0.44393001         -0.44405951       0.00018681098
                  18         -0.44418909         -0.44406671       0.00017627415
                  19         -0.44476731         -0.44410359       0.00017076722
                  20         -0.44444648         -0.44412073       0.00016290867
                  21         -0.44228313         -0.44403323       0.00017795724
                  22         -0.44343266         -0.44400593       0.00017185749
                  23         -0.44323364         -0.44397235       0.00016761328
                  24         -0.44526474          -0.4440262       0.00016927144
                  25         -0.44379894         -0.44401711       0.00016261375
                  26         -0.44412574         -0.44402129       0.00015629009
                  27         -0.44411584         -0.44402479       0.00015043098
                  28         -0.44306793         -0.44399062       0.00014893257
                  29         -0.44505619         -0.44402736       0.00014832842
                  30         -0.44365869         -0.44401507       0.00014382484
                  31         -0.44451661         -0.44403125       0.00014004564
                  32         -0.44403042         -0.44403122       0.00013559861
                  33         -0.44415175         -0.44403488       0.00013147608
                  34         -0.44493961         -0.44406149       0.00013029669
                  35         -0.44394297          -0.4440581       0.00012656448
                  36          -0.4454743         -0.44409744       0.00012913636
                  37         -0.44379203         -0.44408918       0.00012586864
                  38         -0.44537569         -0.44412304       0.00012710335
                  39         -0.44537283         -0.44415509       0.00012788172
                  40         -0.44461945          -0.4441667       0.00012518314
                  41         -0.44403546         -0.44416349       0.00012213367
                  42         -0.44427413         -0.44416613       0.00011921936
                  43         -0.44290583         -0.44413682       0.00012004669
                  44         -0.44348523         -0.44412201       0.00011821784
                  45         -0.44361201         -0.44411068       0.00011611533
                  46         -0.44542154         -0.44413917       0.00011708391
                  47         -0.44494122         -0.44415624       0.00011582964
                  48          -0.4445152         -0.44416372       0.00011363719
                  49         -0.44454261         -0.44417145        0.0001115622
                  50         -0.44425394          -0.4441731       0.00010932063
                  51         -0.44402482         -0.44417019       0.00010719509
                  52          -0.4447583          -0.4441815       0.00010572012
                  53         -0.44345488         -0.44416779        0.0001046085
                  54         -0.44509236         -0.44418491        0.0001040711
                  55         -0.44627796         -0.44422297       0.00010901907
                  56         -0.44436617         -0.44422553       0.00010708513
                  57         -0.44523398         -0.44424322       0.00010666715
                  58         -0.44627126         -0.44427818       0.00011049062
                  59         -0.44433453         -0.44427914       0.00010860595
                  60         -0.44504118         -0.44429184       0.00010753317
                  61         -0.44491965         -0.44430213       0.00010625526
                  62         -0.44437628         -0.44430333       0.00010453426
                  63          -0.4438937         -0.44429683        0.0001030669
                  64          -0.4442275         -0.44429574       0.00010144948
                  65         -0.44426524         -0.44429527       9.9877626e-05
                  66         -0.44429982         -0.44429534       9.8352712e-05
                  67          -0.4443211         -0.44429573       9.6874402e-05
                  68         -0.44343939         -0.44428313       9.6266402e-05
                  69         -0.44335551         -0.44426969       9.5808888e-05
                  70         -0.44447734         -0.44427266       9.4476854e-05
                  71         -0.44425338         -0.44427238       9.3137085e-05
                  72         -0.44492038         -0.44428138       9.2274357e-05
                  73         -0.44511088         -0.44429275       9.1708222e-05
                  74         -0.44307472         -0.44427629       9.1945735e-05
                  75         -0.44454773         -0.44427991       9.0783679e-05
                  76         -0.44519369         -0.44429193       9.0384476e-05
                  77         -0.44534159         -0.44430556       9.0238524e-05
                  78          -0.4449633         -0.44431399       8.9472366e-05
                  79         -0.44415679           -0.444312       8.8354955e-05
                  80         -0.44544767          -0.4443262       8.8390913e-05
                  81         -0.44312092         -0.44431132       8.8551985e-05
                  82         -0.44403854         -0.44430799       8.7528652e-05
                  83         -0.44328009         -0.44429561       8.7350032e-05
                  84         -0.44377772         -0.44428944       8.6523827e-05
                  85         -0.44474211         -0.44429477       8.5665536e-05
                  86         -0.44506399         -0.44430371       8.5134733e-05
                  87         -0.44560864         -0.44431871       8.5476774e-05
                  88         -0.44397567         -0.44431482       8.4589736e-05
                  89         -0.44482288         -0.44432052       8.3828488e-05
                  90         -0.44547414         -0.44433334       8.3877018e-05
                  91           -0.443911          -0.4443287       8.3079907e-05
                  92         -0.44348245          -0.4443195       8.2685134e-05
                  93         -0.44341449         -0.44430977       8.2368082e-05
                  94          -0.4451512         -0.44431872       8.1977289e-05
                  95         -0.44383681         -0.44431365       8.1268257e-05
                  96         -0.44450033         -0.44431559       8.0440766e-05
                  97         -0.44396046         -0.44431193       7.9691304e-05
                  98         -0.44555649         -0.44432463       7.9889779e-05
                  99         -0.44441425         -0.44432554       7.9083875e-05
                 100         -0.44466014         -0.44432888       7.8360511e-05
