1000000                 0.1

                   0                   0                   0
                   1                   0                   0
                   2                   0                   0
                   3                   0                   0
                   4                   0                   0
                   5                   0                   0
                   6                   0                   0
                   7                   0                   0
                   8                   0                   0
                   9                   0                   0
                  10                   0                   0
                  11                   0                   0
                  12                   0                   0
                  13                   0                   0
                  14                   0                   0
                  15                   0                   0
                  16                   0                   0
                  17               3e-07         2.22702e-07
                  18                   0                   0
                  19               8e-07         3.67355e-07
                  20             3.7e-06          1.1777e-06
                  21             6.6e-06         1.25706e-06
                  22            1.87e-05         2.41483e-06
                  23             5.8e-05         4.57927e-06
                  24           0.0001418         5.72674e-06
                  25           0.0003359         1.10537e-05
                  26           0.0007774         1.54381e-05
                  27           0.0017006         2.39553e-05
                  28           0.0034439         3.18646e-05
                  29           0.0067424          3.9481e-05
                  30           0.0125869         6.66948e-05
                  31           0.0221952         7.90152e-05
                  32           0.0370335         9.31182e-05
                  33           0.0591438         0.000127373
                  34           0.0892375          0.00016956
                  35            0.128465         0.000176541
                  36            0.175651         0.000214944
                  37             0.22832         0.000262962
                  38            0.281883         0.000294573
                  39             0.33268         0.000311353
                  40            0.373489         0.000335245
                  41            0.401621         0.000361774
                  42            0.412915         0.000360559
                  43            0.409471         0.000360755
                  44            0.393744          0.00033462
                  45            0.369936         0.000295633
                  46            0.343696         0.000318147
                  47            0.319805         0.000271568
                  48            0.301797         0.000310749
                  49            0.292141         0.000292389
                  50            0.291952         0.000259035
                  51            0.302209         0.000268651
                  52            0.319975         0.000314249
                  53            0.344325         0.000293429
                  54            0.370056         0.000320238
                  55            0.393999         0.000346694
                  56            0.409379         0.000348979
                  57            0.413167         0.000388803
                  58            0.401477         0.000346623
                  59            0.373315         0.000331688
                  60            0.332599         0.000329827
                  61            0.282183         0.000261173
                  62            0.228431         0.000239575
                  63            0.175996          0.00023827
                  64            0.128086           0.0001788
                  65           0.0893993         0.000145912
                  66           0.0592609         0.000125527
                  67           0.0372114         0.000103401
                  68           0.0222056         8.32518e-05
                  69           0.0125938         5.47702e-05
                  70           0.0067337         4.98581e-05
                  71            0.003417         3.38519e-05
                  72           0.0016642         2.12042e-05
                  73           0.0007664         1.56693e-05
                  74             0.00034          9.4847e-06
                  75           0.0001406         6.81771e-06
                  76            5.42e-05         3.84072e-06
                  77            1.59e-05         1.89147e-06
                  78             5.2e-06         1.11446e-06
                  79             1.9e-06         6.77115e-07
                  80               3e-07         1.71447e-07
                  81               2e-07               2e-07
                  82                   0                   0
                  83                   0                   0
                  84                   0                   0
                  85                   0                   0
                  86                   0                   0
                  87                   0                   0
                  88                   0                   0
                  89                   0                   0
                  90                   0                   0
                  91                   0                   0
                  92                   0                   0
                  93                   0                   0
                  94                   0                   0
                  95                   0                   0
                  96                   0                   0
                  97                   0                   0
                  98                   0                   0
                  99                   0                   0
