                   1         -0.44319996         -0.44319996                   0
                   2         -0.44395554         -0.44357775       0.00037778817
                   3         -0.44470474         -0.44395341       0.00043439472
                   4         -0.44359303         -0.44386332       0.00032010377
                   5         -0.44531638         -0.44415393       0.00038201507
                   6         -0.44312717          -0.4439828       0.00035577339
                   7         -0.44553232         -0.44420416       0.00037337705
                   8         -0.44354153         -0.44412133       0.00033379412
                   9         -0.44373993         -0.44407896        0.0002974135
                  10         -0.44495783         -0.44416684       0.00028015722
                  11         -0.44370406         -0.44412477       0.00025688028
                  12         -0.44476323         -0.44417798       0.00024045852
                  13         -0.44362843          -0.4441357       0.00022519287
                  14         -0.44380917         -0.44411238       0.00020978868
                  15         -0.44443863         -0.44413413       0.00019651001
                  16         -0.44392425         -0.44412101       0.00018428571
                  17         -0.44533499         -0.44419242       0.00018725723
                  18         -0.44460223         -0.44421519       0.00017800974
                  19         -0.44303804         -0.44415324       0.00017941684
                  20           -0.444494         -0.44417027       0.00017106041
                  21         -0.44260113         -0.44409555       0.00017904775
                  22         -0.44532321         -0.44415135       0.00017960411
                  23         -0.44458317         -0.44417013       0.00017264154
                  24         -0.44384641         -0.44415664       0.00016584114
                  25         -0.44451687         -0.44417105       0.00015972054
                  26         -0.44471909         -0.44419213       0.00015489542
                  27         -0.44478425         -0.44421406       0.00015065295
                  28         -0.44452288         -0.44422509       0.00014559118
                  29         -0.44419997         -0.44422422       0.00014048378
                  30          -0.4447807         -0.44424277       0.00013698194
                  31         -0.44431478         -0.44424509       0.00013250986
                  32         -0.44322582         -0.44421324       0.00013219687
                  33         -0.44446089         -0.44422075       0.00012834788
                  34         -0.44458247         -0.44423139       0.00012496941
                  35         -0.44204602         -0.44416895       0.00013646823
                  36         -0.44450606         -0.44417831       0.00013295346
                  37          -0.4439092         -0.44417104       0.00012951459
                  38         -0.44440011         -0.44417707        0.0001262043
                  39         -0.44365292         -0.44416363       0.00012365821
                  40         -0.44409057          -0.4441618       0.00012054095
                  41         -0.44381241         -0.44415328       0.00011787262
                  42         -0.44468872         -0.44416603       0.00011573618
                  43         -0.44372441         -0.44415576        0.0001134783
                  44         -0.44348608         -0.44414054       0.00011190905
                  45          -0.4442227         -0.44414236       0.00010940916
                  46         -0.44308369         -0.44411935        0.0001094513
                  47         -0.44549759         -0.44414867       0.00011103932
                  48         -0.44273925         -0.44411931        0.0001125974
                  49         -0.44422484         -0.44412146       0.00011029659
                  50         -0.44575002         -0.44415403       0.00011286987
                  51         -0.44416948         -0.44415434       0.00011063501
                  52         -0.44545538         -0.44417936       0.00011133433
                  53          -0.4449708         -0.44419429       0.00011022966
                  54         -0.44409445         -0.44419244       0.00010818491
                  55         -0.44461367          -0.4442001        0.0001064755
                  56         -0.44416091          -0.4441994       0.00010455921
                  57         -0.44368446         -0.44419037       0.00010310499
                  58         -0.44359383         -0.44418008       0.00010183246
                  59         -0.44456224         -0.44418656       0.00010030097
                  60         -0.44570402         -0.44421185       0.00010180659
                  61         -0.44503336         -0.44422532       0.00010102539
                  62          -0.4431635         -0.44420819       0.00010084741
                  63         -0.44374967         -0.44420091        9.950029e-05
                  64         -0.44467611         -0.44420834       9.8214319e-05
                  65         -0.44294192         -0.44418885       9.8634938e-05
                  66         -0.44359336         -0.44417983       9.7547146e-05
                  67          -0.4434792         -0.44416937       9.6647576e-05
                  68          -0.4439624         -0.44416633       9.5264319e-05
                  69         -0.44428124           -0.444168       9.3888297e-05
                  70         -0.44432676         -0.44417026       9.2565105e-05
                  71         -0.44392947         -0.44416687        9.131506e-05
                  72         -0.44412137         -0.44416624       9.0040081e-05
                  73         -0.44459784         -0.44417215       8.8994694e-05
                  74         -0.44534822         -0.44418805       8.9210889e-05
                  75          -0.4438907         -0.44418408       8.8102622e-05
                  76          -0.4443374          -0.4441861       8.6959052e-05
                  77         -0.44362048         -0.44417875        8.613608e-05
                  78         -0.44467627         -0.44418513       8.5263517e-05
                  79         -0.44493454         -0.44419462       8.4710147e-05
                  80         -0.44299339          -0.4441796       8.4981613e-05
                  81         -0.44456583         -0.44418437       8.4061244e-05
                  82         -0.44416595         -0.44418414       8.3030082e-05
                  83         -0.44501277         -0.44419413       8.2628951e-05
                  84         -0.44307787         -0.44418084       8.2713807e-05
                  85         -0.44499612         -0.44419043       8.2295764e-05
                  86          -0.4433439         -0.44418059       8.1926698e-05
                  87         -0.44351867         -0.44417298       8.1336156e-05
                  88         -0.44514422         -0.44418402       8.1160503e-05
                  89         -0.44336443         -0.44417481       8.0770091e-05
                  90         -0.44394419         -0.44417225       7.9908698e-05
                  91         -0.44300901         -0.44415946        8.005286e-05
                  92         -0.44358699         -0.44415324       7.9422071e-05
                  93         -0.44441078         -0.44415601       7.8612218e-05
                  94         -0.44626116          -0.4441784       8.0931698e-05
                  95         -0.44352215          -0.4441715       8.0372669e-05
                  96          -0.4439391         -0.44416908       7.9567881e-05
                  97         -0.44387314         -0.44416602       7.8802402e-05
                  98         -0.44461223         -0.44417058       7.8126941e-05
                  99         -0.44391289         -0.44416797       7.7377544e-05
                 100         -0.44404772         -0.44416677       7.6609299e-05
